【登录信息】
*061c88bb57f7c5fb18491d9b553538f6*
`登陆天数: 101天 / 1277天
等级: 128
石头: 1432
呼符: 43
体力: 75.39666666666668 / 137
友情点: 0 / 1051025`
*連続ログイン3日目
※ログインが途切れるか、7日到達すると
1日目から再開されます*
`叡智の業火 X 1
1月交換券(2024) X 1
`*2024年お正月キャンペーン　三が日限定ログインボーナス*
*開催期間中、三が日限定のログインボーナスをプレゼント！*
`叡智の業火 X 30
QP X 10000000
`_2023-12-31 19:36:27_
--------
*002365526c6082faf79c03da7fd608d8*
`登陆天数: 101天 / 1346天
等级: 128
石头: 2460
呼符: 67
体力: 74.11666666666667 / 137
友情点: 0 / 1091255`
*連続ログイン3日目
※ログインが途切れるか、7日到達すると
1日目から再開されます*
`叡智の業火 X 1
1月交換券(2024) X 1
`*2024年お正月キャンペーン　三が日限定ログインボーナス*
*開催期間中、三が日限定のログインボーナスをプレゼント！*
`叡智の業火 X 30
QP X 10000000
`_2023-12-31 19:36:36_
--------
*b57277a963646f6a6118aa9812c5c9b1*
`登陆天数: 101天 / 1097天
等级: 128
石头: 673
呼符: 67
体力: 71.44 / 137
友情点: 0 / 921365`
*連続ログイン3日目
※ログインが途切れるか、7日到達すると
1日目から再開されます*
`叡智の業火 X 1
1月交換券(2024) X 1
`*2024年お正月キャンペーン　三が日限定ログインボーナス*
*開催期間中、三が日限定のログインボーナスをプレゼント！*
`叡智の業火 X 30
QP X 10000000
`_2023-12-31 19:36:44_
--------
*78a969e3ef03a664db1b4c64e8efab87*
`登陆天数: 101天 / 938天
等级: 128
石头: 1309
呼符: 43
体力: 76.89666666666668 / 137
友情点: 0 / 712290`
*連続ログイン3日目
※ログインが途切れるか、7日到達すると
1日目から再開されます*
`叡智の業火 X 1
1月交換券(2024) X 1
`*2024年お正月キャンペーン　三が日限定ログインボーナス*
*開催期間中、三が日限定のログインボーナスをプレゼント！*
`叡智の業火 X 30
QP X 10000000
`_2023-12-31 19:36:52_
--------
*67f5eab36d4419e15dc3da66e73fbac4*
`登陆天数: 107天 / 348天
等级: 127
石头: 241
呼符: 26
体力: 290.81333333333333 / 137
友情点: 0 / 343225`
*連続ログイン2日目
※ログインが途切れるか、7日到達すると
1日目から再開されます*
`聖晶石 X 1
1月交換券(2024) X 1
`*2024年お正月キャンペーン　三が日限定ログインボーナス*
*開催期間中、三が日限定のログインボーナスをプレゼント！*
`叡智の業火 X 30
QP X 10000000
`_2023-12-31 19:37:00_
--------
*74c9dc067ca8484fc3c82ad192233de3*
`登陆天数: 107天 / 353天
等级: 127
石头: 374
呼符: 45
体力: 286.82 / 137
友情点: 0 / 337575`
*連続ログイン2日目
※ログインが途切れるか、7日到達すると
1日目から再開されます*
`聖晶石 X 1
1月交換券(2024) X 1
`*2024年お正月キャンペーン　三が日限定ログインボーナス*
*開催期間中、三が日限定のログインボーナスをプレゼント！*
`叡智の業火 X 30
QP X 10000000
`_2023-12-31 19:37:08_
--------
*e0c45f5638e0c59da7e446d0f18947cc*
`登陆天数: 56天 / 755天
等级: 1
石头: 63
呼符: 19
体力: 833841.1933333334 / 20
友情点: 0 / 400000`
*連続ログイン7日間到達おめでとうございます！
明日は1日目からリスタートされます。*
`獣の足跡 X 1
呼符 X 1
1月交換券(2024) X 1
`*2024年お正月キャンペーン　三が日限定ログインボーナス*
*開催期間中、三が日限定のログインボーナスをプレゼント！*
`叡智の業火 X 30
QP X 10000000
`_2023-12-31 19:37:17_
--------
