【登录信息】
*061c88bb57f7c5fb18491d9b553538f6*
`登陆天数: 102天 / 1278天
等级: 128
石头: 1462
呼符: 43
体力: 27.653333333333336 / 137
友情点: 0 / 1051025`
*連続ログイン4日目
※ログインが途切れるか、7日到達すると
1日目から再開されます*
`聖晶石 X 1
1月交換券(2024) X 1
`*2024年お正月キャンペーン　三が日限定ログインボーナス*
*開催期間中、三が日限定のログインボーナスをプレゼント！*
`伝承結晶 X 1
`_2024-01-01 19:36:13_
--------
*002365526c6082faf79c03da7fd608d8*
`登陆天数: 102天 / 1347天
等级: 128
石头: 2490
呼符: 67
体力: 27.03333333333333 / 137
友情点: 0 / 1091255`
*連続ログイン4日目
※ログインが途切れるか、7日到達すると
1日目から再開されます*
`聖晶石 X 1
1月交換券(2024) X 1
`*2024年お正月キャンペーン　三が日限定ログインボーナス*
*開催期間中、三が日限定のログインボーナスをプレゼント！*
`伝承結晶 X 1
`_2024-01-01 19:36:21_
--------
*b57277a963646f6a6118aa9812c5c9b1*
`登陆天数: 102天 / 1098天
等级: 128
石头: 703
呼符: 67
体力: 26.400000000000006 / 137
友情点: 0 / 921365`
*連続ログイン4日目
※ログインが途切れるか、7日到達すると
1日目から再開されます*
`聖晶石 X 1
1月交換券(2024) X 1
`*2024年お正月キャンペーン　三が日限定ログインボーナス*
*開催期間中、三が日限定のログインボーナスをプレゼント！*
`伝承結晶 X 1
`_2024-01-01 19:36:28_
--------
*78a969e3ef03a664db1b4c64e8efab87*
`登陆天数: 102天 / 939天
等级: 128
石头: 1339
呼符: 43
体力: 28.89333333333333 / 137
友情点: 0 / 712290`
*連続ログイン4日目
※ログインが途切れるか、7日到達すると
1日目から再開されます*
`聖晶石 X 1
1月交換券(2024) X 1
`*2024年お正月キャンペーン　三が日限定ログインボーナス*
*開催期間中、三が日限定のログインボーナスをプレゼント！*
`伝承結晶 X 1
`_2024-01-01 19:36:35_
--------
*67f5eab36d4419e15dc3da66e73fbac4*
`登陆天数: 108天 / 349天
等级: 127
石头: 272
呼符: 26
体力: 286.6433333333333 / 137
友情点: 0 / 343225`
*連続ログイン3日目
※ログインが途切れるか、7日到達すると
1日目から再開されます*
`叡智の業火 X 1
1月交換券(2024) X 1
`*2024年お正月キャンペーン　三が日限定ログインボーナス*
*開催期間中、三が日限定のログインボーナスをプレゼント！*
`伝承結晶 X 1
`_2024-01-01 19:36:43_
--------
*74c9dc067ca8484fc3c82ad192233de3*
`登陆天数: 108天 / 354天
等级: 127
石头: 405
呼符: 45
体力: 296.91999999999996 / 137
友情点: 0 / 337575`
*連続ログイン3日目
※ログインが途切れるか、7日到達すると
1日目から再開されます*
`叡智の業火 X 1
1月交換券(2024) X 1
`*2024年お正月キャンペーン　三が日限定ログインボーナス*
*開催期間中、三が日限定のログインボーナスをプレゼント！*
`伝承結晶 X 1
`_2024-01-01 19:36:50_
--------
*e0c45f5638e0c59da7e446d0f18947cc*
`登陆天数: 57天 / 756天
等级: 1
石头: 63
呼符: 19
体力: 834129.1333333333 / 20
友情点: 0 / 400000`
*連続ログイン1日目
※ログインが途切れるか、7日到達すると
1日目から再開されます*
`フレンドポイント X 2000
1月交換券(2024) X 1
`*2024年お正月キャンペーン　三が日限定ログインボーナス*
*開催期間中、三が日限定のログインボーナスをプレゼント！*
`伝承結晶 X 1
`_2024-01-01 19:36:58_
--------
