【登录信息】
*061c88bb57f7c5fb18491d9b553538f6*
`登陆天数: 103天 / 1279天
等级: 128
石头: 1463
呼符: 43
体力: 160.9 / 137
友情点: 0 / 1051025`
*連続ログイン5日目
※ログインが途切れるか、7日到達すると
1日目から再開されます*
`叡智の業火 X 2
1月交換券(2024) X 1
`*2024年お正月キャンペーン　三が日限定ログインボーナス*
*開催期間中、三が日限定のログインボーナスをプレゼント！*
`聖杯 X 1
`_2024-01-02 19:36:15_
--------
*002365526c6082faf79c03da7fd608d8*
`登陆天数: 103天 / 1348天
等级: 128
石头: 2491
呼符: 67
体力: 159.60333333333332 / 137
友情点: 0 / 1091255`
*連続ログイン5日目
※ログインが途切れるか、7日到達すると
1日目から再開されます*
`叡智の業火 X 2
1月交換券(2024) X 1
`*2024年お正月キャンペーン　三が日限定ログインボーナス*
*開催期間中、三が日限定のログインボーナスをプレゼント！*
`聖杯 X 1
`_2024-01-02 19:36:23_
--------
*b57277a963646f6a6118aa9812c5c9b1*
`登陆天数: 103天 / 1099天
等级: 128
石头: 704
呼符: 67
体力: 159.07 / 137
友情点: 0 / 921365`
*連続ログイン5日目
※ログインが途切れるか、7日到達すると
1日目から再開されます*
`叡智の業火 X 2
1月交換券(2024) X 1
`*2024年お正月キャンペーン　三が日限定ログインボーナス*
*開催期間中、三が日限定のログインボーナスをプレゼント！*
`聖杯 X 1
`_2024-01-02 19:36:31_
--------
*78a969e3ef03a664db1b4c64e8efab87*
`登陆天数: 103天 / 940天
等级: 128
石头: 1340
呼符: 43
体力: 164.8 / 137
友情点: 0 / 712290`
*連続ログイン5日目
※ログインが途切れるか、7日到達すると
1日目から再開されます*
`叡智の業火 X 2
1月交換券(2024) X 1
`*2024年お正月キャンペーン　三が日限定ログインボーナス*
*開催期間中、三が日限定のログインボーナスをプレゼント！*
`聖杯 X 1
`_2024-01-02 19:36:39_
--------
*67f5eab36d4419e15dc3da66e73fbac4*
`登陆天数: 109天 / 350天
等级: 127
石头: 272
呼符: 26
体力: 298.22 / 137
友情点: 0 / 343225`
*連続ログイン4日目
※ログインが途切れるか、7日到達すると
1日目から再開されます*
`聖晶石 X 1
1月交換券(2024) X 1
`*2024年お正月キャンペーン　三が日限定ログインボーナス*
*開催期間中、三が日限定のログインボーナスをプレゼント！*
`聖杯 X 1
`_2024-01-02 19:36:47_
--------
*74c9dc067ca8484fc3c82ad192233de3*
`登陆天数: 109天 / 355天
等级: 127
石头: 405
呼符: 45
体力: 298.68333333333334 / 137
友情点: 0 / 337575`
*連続ログイン4日目
※ログインが途切れるか、7日到達すると
1日目から再開されます*
`聖晶石 X 1
1月交換券(2024) X 1
`*2024年お正月キャンペーン　三が日限定ログインボーナス*
*開催期間中、三が日限定のログインボーナスをプレゼント！*
`聖杯 X 1
`_2024-01-02 19:36:55_
--------
*e0c45f5638e0c59da7e446d0f18947cc*
`登陆天数: 58天 / 757天
等级: 1
石头: 63
呼符: 19
体力: 834417.1466666666 / 20
友情点: 0 / 400000`
*連続ログイン2日目
※ログインが途切れるか、7日到達すると
1日目から再開されます*
`聖晶石 X 1
1月交換券(2024) X 1
`*2024年お正月キャンペーン　三が日限定ログインボーナス*
*開催期間中、三が日限定のログインボーナスをプレゼント！*
`聖杯 X 1
`_2024-01-02 19:37:03_
--------
