【登录信息】
*061c88bb57f7c5fb18491d9b553538f6*
`登陆天数: 104天 / 1280天
等级: 128
石头: 1463
呼符: 43
体力: 102.14666666666668 / 137
友情点: 0 / 1051025`
*連続ログイン6日目
※ログインが途切れるか、7日到達すると
1日目から再開されます*
`聖晶石 X 2
1月交換券(2024) X 1
`*2024年お正月キャンペーン 10万リポスト達成プレゼント*
*開催期間中、初回ログインでお正月限定概念礼装&2024万QPをプレゼント！*
`ドラゴン・ダンス X 1
QP X 20240000
`_2024-01-03 19:36:18_
--------
*002365526c6082faf79c03da7fd608d8*
`登陆天数: 104天 / 1349天
等级: 128
石头: 2491
呼符: 67
体力: 100.78666666666666 / 137
友情点: 0 / 1091255`
*連続ログイン6日目
※ログインが途切れるか、7日到達すると
1日目から再開されます*
`聖晶石 X 2
1月交換券(2024) X 1
`*2024年お正月キャンペーン 10万リポスト達成プレゼント*
*開催期間中、初回ログインでお正月限定概念礼装&2024万QPをプレゼント！*
`ドラゴン・ダンス X 1
QP X 20240000
`_2024-01-03 19:36:26_
--------
*b57277a963646f6a6118aa9812c5c9b1*
`登陆天数: 104天 / 1100天
等级: 128
石头: 704
呼符: 67
体力: 98.44666666666666 / 137
友情点: 0 / 921365`
*連続ログイン6日目
※ログインが途切れるか、7日到達すると
1日目から再開されます*
`聖晶石 X 2
1月交換券(2024) X 1
`*2024年お正月キャンペーン 10万リポスト達成プレゼント*
*開催期間中、初回ログインでお正月限定概念礼装&2024万QPをプレゼント！*
`ドラゴン・ダンス X 1
QP X 20240000
`_2024-01-03 19:36:34_
--------
*78a969e3ef03a664db1b4c64e8efab87*
`登陆天数: 104天 / 941天
等级: 128
石头: 1340
呼符: 43
体力: 104.22666666666666 / 137
友情点: 0 / 712290`
*連続ログイン6日目
※ログインが途切れるか、7日到達すると
1日目から再開されます*
`聖晶石 X 2
1月交換券(2024) X 1
`*2024年お正月キャンペーン 10万リポスト達成プレゼント*
*開催期間中、初回ログインでお正月限定概念礼装&2024万QPをプレゼント！*
`ドラゴン・ダンス X 1
QP X 20240000
`_2024-01-03 19:36:42_
--------
*67f5eab36d4419e15dc3da66e73fbac4*
`登陆天数: 110天 / 351天
等级: 127
石头: 303
呼符: 26
体力: 283.9533333333334 / 137
友情点: 0 / 343225`
*連続ログイン5日目
※ログインが途切れるか、7日到達すると
1日目から再開されます*
`叡智の業火 X 2
1月交換券(2024) X 1
`*2024年お正月キャンペーン 10万リポスト達成プレゼント*
*開催期間中、初回ログインでお正月限定概念礼装&2024万QPをプレゼント！*
`ドラゴン・ダンス X 1
QP X 20240000
`_2024-01-03 19:36:50_
--------
*74c9dc067ca8484fc3c82ad192233de3*
`登陆天数: 110天 / 356天
等级: 127
石头: 406
呼符: 45
体力: 284.0866666666667 / 137
友情点: 0 / 337575`
*連続ログイン5日目
※ログインが途切れるか、7日到達すると
1日目から再開されます*
`叡智の業火 X 2
1月交換券(2024) X 1
`*2024年お正月キャンペーン 10万リポスト達成プレゼント*
*開催期間中、初回ログインでお正月限定概念礼装&2024万QPをプレゼント！*
`ドラゴン・ダンス X 1
QP X 20240000
`_2024-01-03 19:36:58_
--------
