【登录信息】
*061c88bb57f7c5fb18491d9b553538f6*
`登陆天数: 105天 / 1281天
等级: 128
石头: 1465
呼符: 43
体力: 168.80333333333334 / 137
友情点: 0 / 1051025`
*連続ログイン7日間到達おめでとうございます！
明日は1日目からリスタートされます。*
`獣の足跡 X 1
呼符 X 1
1月交換券(2024) X 1
`_2024-01-04 19:36:19_
--------
*002365526c6082faf79c03da7fd608d8*
`登陆天数: 105天 / 1350天
等级: 128
石头: 2493
呼符: 67
体力: 167.09666666666666 / 137
友情点: 0 / 1091255`
*連続ログイン7日間到達おめでとうございます！
明日は1日目からリスタートされます。*
`獣の足跡 X 1
呼符 X 1
1月交換券(2024) X 1
`_2024-01-04 19:36:27_
--------
*b57277a963646f6a6118aa9812c5c9b1*
`登陆天数: 105天 / 1101天
等级: 128
石头: 736
呼符: 67
体力: 166.63 / 137
友情点: 0 / 921365`
*連続ログイン7日間到達おめでとうございます！
明日は1日目からリスタートされます。*
`獣の足跡 X 1
呼符 X 1
1月交換券(2024) X 1
`_2024-01-04 19:36:35_
--------
*78a969e3ef03a664db1b4c64e8efab87*
`登陆天数: 105天 / 942天
等级: 128
石头: 1342
呼符: 43
体力: 169.98333333333335 / 137
友情点: 0 / 712290`
*連続ログイン7日間到達おめでとうございます！
明日は1日目からリスタートされます。*
`獣の足跡 X 1
呼符 X 1
1月交換券(2024) X 1
`_2024-01-04 19:36:43_
--------
*67f5eab36d4419e15dc3da66e73fbac4*
`登陆天数: 111天 / 352天
等级: 127
石头: 303
呼符: 26
体力: 205.92000000000002 / 137
友情点: 0 / 343225`
*連続ログイン6日目
※ログインが途切れるか、7日到達すると
1日目から再開されます*
`聖晶石 X 2
1月交換券(2024) X 1
`_2024-01-04 19:36:51_
--------
*74c9dc067ca8484fc3c82ad192233de3*
`登陆天数: 111天 / 357天
等级: 127
石头: 406
呼符: 45
体力: 206.26999999999998 / 137
友情点: 0 / 337575`
*連続ログイン6日目
※ログインが途切れるか、7日到達すると
1日目から再開されます*
`聖晶石 X 2
1月交換券(2024) X 1
`_2024-01-04 19:36:59_
--------
