【登录信息】
*061c88bb57f7c5fb18491d9b553538f6*
`登陆天数: 106天 / 1282天
等级: 128
石头: 1465
呼符: 44
体力: 217.14 / 137
友情点: 0 / 1051025`
*連続ログイン1日目
※ログインが途切れるか、7日到達すると
1日目から再開されます*
`フレンドポイント X 2000
1月交換券(2024) X 1
`_2024-01-05 19:36:25_
--------
*002365526c6082faf79c03da7fd608d8*
`登陆天数: 106天 / 1351天
等级: 128
石头: 2523
呼符: 68
体力: 215.96333333333334 / 137
友情点: 0 / 1091255`
*連続ログイン1日目
※ログインが途切れるか、7日到達すると
1日目から再開されます*
`フレンドポイント X 2000
1月交換券(2024) X 1
`_2024-01-05 19:36:33_
--------
*b57277a963646f6a6118aa9812c5c9b1*
`登陆天数: 106天 / 1102天
等级: 128
石头: 736
呼符: 68
体力: 213.29666666666668 / 137
友情点: 0 / 921365`
*連続ログイン1日目
※ログインが途切れるか、7日到達すると
1日目から再開されます*
`フレンドポイント X 2000
1月交換券(2024) X 1
`_2024-01-05 19:36:41_
--------
*78a969e3ef03a664db1b4c64e8efab87*
`登陆天数: 106天 / 943天
等级: 128
石头: 1342
呼符: 44
体力: 218.36333333333334 / 137
友情点: 0 / 712290`
*連続ログイン1日目
※ログインが途切れるか、7日到達すると
1日目から再開されます*
`フレンドポイント X 2000
1月交換券(2024) X 1
`_2024-01-05 19:36:49_
--------
*67f5eab36d4419e15dc3da66e73fbac4*
`登陆天数: 112天 / 353天
等级: 127
石头: 305
呼符: 26
体力: 299.92333333333335 / 137
友情点: 0 / 343225`
*連続ログイン7日間到達おめでとうございます！
明日は1日目からリスタートされます。*
`獣の足跡 X 1
呼符 X 1
1月交換券(2024) X 1
`_2024-01-05 19:36:57_
--------
*74c9dc067ca8484fc3c82ad192233de3*
`登陆天数: 112天 / 358天
等级: 127
石头: 408
呼符: 45
体力: 300.0466666666666 / 137
友情点: 0 / 337575`
*連続ログイン7日間到達おめでとうございます！
明日は1日目からリスタートされます。*
`獣の足跡 X 1
呼符 X 1
1月交換券(2024) X 1
`_2024-01-05 19:37:04_
--------
