【登录信息】
*061c88bb57f7c5fb18491d9b553538f6*
`登陆天数: 107天 / 1283天
等级: 128
石头: 1465
呼符: 44
体力: 79.14666666666668 / 137
友情点: 0 / 1053025`
*連続ログイン2日目
※ログインが途切れるか、7日到達すると
1日目から再開されます*
`聖晶石 X 1
1月交換券(2024) X 1
`_2024-01-06 19:35:58_
--------
*002365526c6082faf79c03da7fd608d8*
`登陆天数: 107天 / 1352天
等级: 128
石头: 2523
呼符: 68
体力: 74.63 / 137
友情点: 0 / 1093255`
*連続ログイン2日目
※ログインが途切れるか、7日到達すると
1日目から再開されます*
`聖晶石 X 1
1月交換券(2024) X 1
`_2024-01-06 19:36:05_
--------
*b57277a963646f6a6118aa9812c5c9b1*
`登陆天数: 107天 / 1103天
等级: 128
石头: 736
呼符: 68
体力: 73.22999999999999 / 137
友情点: 0 / 923365`
*連続ログイン2日目
※ログインが途切れるか、7日到達すると
1日目から再開されます*
`聖晶石 X 1
1月交換券(2024) X 1
`_2024-01-06 19:36:13_
--------
*78a969e3ef03a664db1b4c64e8efab87*
`登陆天数: 107天 / 944天
等级: 128
石头: 1342
呼符: 44
体力: 89.21333333333334 / 137
友情点: 0 / 714290`
*連続ログイン2日目
※ログインが途切れるか、7日到達すると
1日目から再開されます*
`聖晶石 X 1
1月交換券(2024) X 1
`_2024-01-06 19:36:21_
--------
*67f5eab36d4419e15dc3da66e73fbac4*
`登陆天数: 113天 / 354天
等级: 127
石头: 305
呼符: 27
体力: 298.02666666666664 / 137
友情点: 0 / 343225`
*連続ログイン1日目
※ログインが途切れるか、7日到達すると
1日目から再開されます*
`フレンドポイント X 2000
1月交換券(2024) X 1
`_2024-01-06 19:36:29_
--------
*74c9dc067ca8484fc3c82ad192233de3*
`登陆天数: 113天 / 359天
等级: 127
石头: 408
呼符: 46
体力: 298.2633333333333 / 137
友情点: 0 / 337575`
*連続ログイン1日目
※ログインが途切れるか、7日到達すると
1日目から再開されます*
`フレンドポイント X 2000
1月交換券(2024) X 1
`_2024-01-06 19:36:36_
--------
