【登录信息】
*061c88bb57f7c5fb18491d9b553538f6*
`登陆天数: 108天 / 1284天
等级: 128
石头: 1476
呼符: 44
体力: 124.35333333333334 / 137
友情点: 0 / 1053025`
*連続ログイン3日目
※ログインが途切れるか、7日到達すると
1日目から再開されます*
`叡智の業火 X 1
1月交換券(2024) X 1
`_2024-01-07 19:35:58_
--------
*002365526c6082faf79c03da7fd608d8*
`登陆天数: 108天 / 1353天
等级: 128
石头: 2534
呼符: 68
体力: 123.78333333333333 / 137
友情点: 0 / 1093255`
*連続ログイン3日目
※ログインが途切れるか、7日到達すると
1日目から再開されます*
`叡智の業火 X 1
1月交換券(2024) X 1
`_2024-01-07 19:36:07_
--------
*b57277a963646f6a6118aa9812c5c9b1*
`登陆天数: 108天 / 1104天
等级: 128
石头: 747
呼符: 68
体力: 121.18 / 137
友情点: 0 / 923365`
*連続ログイン3日目
※ログインが途切れるか、7日到達すると
1日目から再開されます*
`叡智の業火 X 1
1月交換券(2024) X 1
`_2024-01-07 19:36:15_
--------
*78a969e3ef03a664db1b4c64e8efab87*
`登陆天数: 108天 / 945天
等级: 128
石头: 1353
呼符: 44
体力: 125.78999999999999 / 137
友情点: 0 / 714290`
*連続ログイン3日目
※ログインが途切れるか、7日到達すると
1日目から再開されます*
`叡智の業火 X 1
1月交換券(2024) X 1
`_2024-01-07 19:36:23_
--------
*67f5eab36d4419e15dc3da66e73fbac4*
`登陆天数: 114天 / 355天
等级: 127
石头: 315
呼符: 27
体力: 296.6633333333333 / 137
友情点: 0 / 345225`
*連続ログイン2日目
※ログインが途切れるか、7日到達すると
1日目から再開されます*
`聖晶石 X 1
1月交換券(2024) X 1
`_2024-01-07 19:36:32_
--------
*74c9dc067ca8484fc3c82ad192233de3*
`登陆天数: 114天 / 360天
等级: 127
石头: 418
呼符: 46
体力: 296.90999999999997 / 137
友情点: 0 / 339575`
*連続ログイン2日目
※ログインが途切れるか、7日到達すると
1日目から再開されます*
`聖晶石 X 1
1月交換券(2024) X 1
`_2024-01-07 19:36:40_
--------
