【登录信息】
*061c88bb57f7c5fb18491d9b553538f6*
`登陆天数: 110天 / 1286天
等级: 128
石头: 1477
呼符: 44
体力: 351.1066666666667 / 137
友情点: 0 / 1053025`
*連続ログイン5日目
※ログインが途切れるか、7日到達すると
1日目から再開されます*
`叡智の業火 X 2
1月交換券(2024) X 1
`_2024-01-09 19:36:03_
--------
*002365526c6082faf79c03da7fd608d8*
`登陆天数: 110天 / 1355天
等级: 128
石头: 2535
呼符: 68
体力: 350.4266666666667 / 137
友情点: 0 / 1093255`
*連続ログイン5日目
※ログインが途切れるか、7日到達すると
1日目から再開されます*
`叡智の業火 X 2
1月交換券(2024) X 1
`_2024-01-09 19:36:12_
--------
*b57277a963646f6a6118aa9812c5c9b1*
`登陆天数: 110天 / 1106天
等级: 128
石头: 748
呼符: 68
体力: 347.55333333333334 / 137
友情点: 0 / 923365`
*連続ログイン5日目
※ログインが途切れるか、7日到達すると
1日目から再開されます*
`叡智の業火 X 2
1月交換券(2024) X 1
`_2024-01-09 19:36:20_
--------
*78a969e3ef03a664db1b4c64e8efab87*
`登陆天数: 110天 / 947天
等级: 128
石头: 1354
呼符: 44
体力: 354.3833333333333 / 137
友情点: 0 / 714290`
*連続ログイン5日目
※ログインが途切れるか、7日到達すると
1日目から再開されます*
`叡智の業火 X 2
1月交換券(2024) X 1
`_2024-01-09 19:36:29_
--------
*67f5eab36d4419e15dc3da66e73fbac4*
`登陆天数: 116天 / 357天
等级: 127
石头: 316
呼符: 27
体力: 279.61333333333334 / 137
友情点: 0 / 345225`
*連続ログイン4日目
※ログインが途切れるか、7日到達すると
1日目から再開されます*
`聖晶石 X 1
1月交換券(2024) X 1
`_2024-01-09 19:36:37_
--------
*74c9dc067ca8484fc3c82ad192233de3*
`登陆天数: 116天 / 362天
等级: 127
石头: 419
呼符: 46
体力: 279.6933333333333 / 137
友情点: 0 / 339575`
*連続ログイン4日目
※ログインが途切れるか、7日到達すると
1日目から再開されます*
`聖晶石 X 1
1月交換券(2024) X 1
`_2024-01-09 19:36:45_
--------
