【登录信息】
*061c88bb57f7c5fb18491d9b553538f6*
`登陆天数: 111天 / 1287天
等级: 128
石头: 1481
呼符: 44
体力: 114.1 / 137
友情点: 0 / 1053025`
*連続ログイン6日目
※ログインが途切れるか、7日到達すると
1日目から再開されます*
`聖晶石 X 2
1月交換券(2024) X 1
`*「FGO カルデア・サテライトステーション 2023-2024」宮崎会場開催直前 ログインボーナス*
*開催期間中、1日1回 最大3回 ログインボーナスをプレゼント！*
`黄金の果実 X 1
`_2024-01-10 19:36:16_
--------
*002365526c6082faf79c03da7fd608d8*
`登陆天数: 111天 / 1356天
等级: 128
石头: 2539
呼符: 68
体力: 109.14 / 137
友情点: 0 / 1093255`
*連続ログイン6日目
※ログインが途切れるか、7日到達すると
1日目から再開されます*
`聖晶石 X 2
1月交換券(2024) X 1
`*「FGO カルデア・サテライトステーション 2023-2024」宮崎会場開催直前 ログインボーナス*
*開催期間中、1日1回 最大3回 ログインボーナスをプレゼント！*
`黄金の果実 X 1
`_2024-01-10 19:36:24_
--------
*b57277a963646f6a6118aa9812c5c9b1*
`登陆天数: 111天 / 1107天
等级: 128
石头: 752
呼符: 68
体力: 106.0 / 137
友情点: 0 / 923365`
*連続ログイン6日目
※ログインが途切れるか、7日到達すると
1日目から再開されます*
`聖晶石 X 2
1月交換券(2024) X 1
`*「FGO カルデア・サテライトステーション 2023-2024」宮崎会場開催直前 ログインボーナス*
*開催期間中、1日1回 最大3回 ログインボーナスをプレゼント！*
`黄金の果実 X 1
`_2024-01-10 19:36:32_
--------
*78a969e3ef03a664db1b4c64e8efab87*
`登陆天数: 111天 / 948天
等级: 128
石头: 1358
呼符: 44
体力: 120.49 / 137
友情点: 0 / 714290`
*連続ログイン6日目
※ログインが途切れるか、7日到達すると
1日目から再開されます*
`聖晶石 X 2
1月交換券(2024) X 1
`*「FGO カルデア・サテライトステーション 2023-2024」宮崎会場開催直前 ログインボーナス*
*開催期間中、1日1回 最大3回 ログインボーナスをプレゼント！*
`黄金の果実 X 1
`_2024-01-10 19:36:40_
--------
*67f5eab36d4419e15dc3da66e73fbac4*
`登陆天数: 117天 / 358天
等级: 127
石头: 321
呼符: 27
体力: 299.0866666666667 / 137
友情点: 0 / 345225`
*連続ログイン5日目
※ログインが途切れるか、7日到達すると
1日目から再開されます*
`叡智の業火 X 2
1月交換券(2024) X 1
`*「FGO カルデア・サテライトステーション 2023-2024」宮崎会場開催直前 ログインボーナス*
*開催期間中、1日1回 最大3回 ログインボーナスをプレゼント！*
`黄金の果実 X 1
`_2024-01-10 19:36:48_
--------
*74c9dc067ca8484fc3c82ad192233de3*
`登陆天数: 117天 / 363天
等级: 127
石头: 424
呼符: 46
体力: 299.21000000000004 / 137
友情点: 0 / 339575`
*連続ログイン5日目
※ログインが途切れるか、7日到達すると
1日目から再開されます*
`叡智の業火 X 2
1月交換券(2024) X 1
`*「FGO カルデア・サテライトステーション 2023-2024」宮崎会場開催直前 ログインボーナス*
*開催期間中、1日1回 最大3回 ログインボーナスをプレゼント！*
`黄金の果実 X 1
`_2024-01-10 19:36:56_
--------
