【登录信息】
*061c88bb57f7c5fb18491d9b553538f6*
`登陆天数: 112天 / 1288天
等级: 128
石头: 1483
呼符: 44
体力: 190.81666666666666 / 137
友情点: 0 / 1053025`
*連続ログイン7日間到達おめでとうございます！
明日は1日目からリスタートされます。*
`獣の足跡 X 1
呼符 X 1
1月交換券(2024) X 1
`*「FGO カルデア・サテライトステーション 2023-2024」宮崎会場開催直前 ログインボーナス*
*開催期間中、1日1回 最大3回 ログインボーナスをプレゼント！*
`黄金の果実 X 1
`_2024-01-11 19:36:17_
--------
*002365526c6082faf79c03da7fd608d8*
`登陆天数: 112天 / 1357天
等级: 128
石头: 2541
呼符: 68
体力: 66.02666666666667 / 137
友情点: 0 / 1093255`
*連続ログイン7日間到達おめでとうございます！
明日は1日目からリスタートされます。*
`獣の足跡 X 1
呼符 X 1
1月交換券(2024) X 1
`*「FGO カルデア・サテライトステーション 2023-2024」宮崎会場開催直前 ログインボーナス*
*開催期間中、1日1回 最大3回 ログインボーナスをプレゼント！*
`黄金の果実 X 1
`_2024-01-11 19:36:26_
--------
*b57277a963646f6a6118aa9812c5c9b1*
`登陆天数: 112天 / 1108天
等级: 128
石头: 754
呼符: 68
体力: 64.77666666666667 / 137
友情点: 0 / 923365`
*連続ログイン7日間到達おめでとうございます！
明日は1日目からリスタートされます。*
`獣の足跡 X 1
呼符 X 1
1月交換券(2024) X 1
`*「FGO カルデア・サテライトステーション 2023-2024」宮崎会場開催直前 ログインボーナス*
*開催期間中、1日1回 最大3回 ログインボーナスをプレゼント！*
`黄金の果実 X 1
`_2024-01-11 19:36:34_
--------
*78a969e3ef03a664db1b4c64e8efab87*
`登陆天数: 112天 / 949天
等级: 128
石头: 1360
呼符: 44
体力: 75.48666666666666 / 137
友情点: 0 / 714290`
*連続ログイン7日間到達おめでとうございます！
明日は1日目からリスタートされます。*
`獣の足跡 X 1
呼符 X 1
1月交換券(2024) X 1
`*「FGO カルデア・サテライトステーション 2023-2024」宮崎会場開催直前 ログインボーナス*
*開催期間中、1日1回 最大3回 ログインボーナスをプレゼント！*
`黄金の果実 X 1
`_2024-01-11 19:36:42_
--------
*67f5eab36d4419e15dc3da66e73fbac4*
`登陆天数: 118天 / 359天
等级: 127
石头: 321
呼符: 27
体力: 300.34000000000003 / 137
友情点: 0 / 345225`
*連続ログイン6日目
※ログインが途切れるか、7日到達すると
1日目から再開されます*
`聖晶石 X 2
1月交換券(2024) X 1
`*「FGO カルデア・サテライトステーション 2023-2024」宮崎会場開催直前 ログインボーナス*
*開催期間中、1日1回 最大3回 ログインボーナスをプレゼント！*
`黄金の果実 X 1
`_2024-01-11 19:36:50_
--------
*74c9dc067ca8484fc3c82ad192233de3*
`登陆天数: 118天 / 364天
等级: 127
石头: 424
呼符: 46
体力: 300.4866666666667 / 137
友情点: 0 / 339575`
*連続ログイン6日目
※ログインが途切れるか、7日到達すると
1日目から再開されます*
`聖晶石 X 2
1月交換券(2024) X 1
`*「FGO カルデア・サテライトステーション 2023-2024」宮崎会場開催直前 ログインボーナス*
*開催期間中、1日1回 最大3回 ログインボーナスをプレゼント！*
`黄金の果実 X 1
`_2024-01-11 19:36:58_
--------
