【登录信息】
*061c88bb57f7c5fb18491d9b553538f6*
`登陆天数: 113天 / 1289天
等级: 128
石头: 1483
呼符: 45
体力: 129.6 / 137
友情点: 0 / 1053025`
*連続ログイン1日目
※ログインが途切れるか、7日到達すると
1日目から再開されます*
`フレンドポイント X 2000
1月交換券(2024) X 1
`*「FGO カルデア・サテライトステーション 2023-2024」宮崎会場開催直前 ログインボーナス*
*開催期間中、1日1回 最大3回 ログインボーナスをプレゼント！*
`黄金の果実 X 1
`_2024-01-12 19:36:16_
--------
*002365526c6082faf79c03da7fd608d8*
`登陆天数: 113天 / 1358天
等级: 128
石头: 2541
呼符: 69
体力: 128.97 / 137
友情点: 0 / 1093255`
*連続ログイン1日目
※ログインが途切れるか、7日到達すると
1日目から再開されます*
`フレンドポイント X 2000
1月交換券(2024) X 1
`*「FGO カルデア・サテライトステーション 2023-2024」宮崎会場開催直前 ログインボーナス*
*開催期間中、1日1回 最大3回 ログインボーナスをプレゼント！*
`黄金の果実 X 1
`_2024-01-12 19:36:24_
--------
*b57277a963646f6a6118aa9812c5c9b1*
`登陆天数: 113天 / 1109天
等级: 128
石头: 754
呼符: 69
体力: 128.39666666666668 / 137
友情点: 0 / 923365`
*連続ログイン1日目
※ログインが途切れるか、7日到達すると
1日目から再開されます*
`フレンドポイント X 2000
1月交換券(2024) X 1
`*「FGO カルデア・サテライトステーション 2023-2024」宮崎会場開催直前 ログインボーナス*
*開催期間中、1日1回 最大3回 ログインボーナスをプレゼント！*
`黄金の果実 X 1
`_2024-01-12 19:36:32_
--------
*78a969e3ef03a664db1b4c64e8efab87*
`登陆天数: 113天 / 950天
等级: 128
石头: 1360
呼符: 45
体力: 127.85 / 137
友情点: 0 / 714290`
*連続ログイン1日目
※ログインが途切れるか、7日到達すると
1日目から再開されます*
`フレンドポイント X 2000
1月交換券(2024) X 1
`*「FGO カルデア・サテライトステーション 2023-2024」宮崎会場開催直前 ログインボーナス*
*開催期間中、1日1回 最大3回 ログインボーナスをプレゼント！*
`黄金の果実 X 1
`_2024-01-12 19:36:40_
--------
*67f5eab36d4419e15dc3da66e73fbac4*
`登陆天数: 119天 / 360天
等级: 127
石头: 323
呼符: 27
体力: 297.87666666666667 / 137
友情点: 0 / 345225`
*連続ログイン7日間到達おめでとうございます！
明日は1日目からリスタートされます。*
`獣の足跡 X 1
呼符 X 1
1月交換券(2024) X 1
`*「FGO カルデア・サテライトステーション 2023-2024」宮崎会場開催直前 ログインボーナス*
*開催期間中、1日1回 最大3回 ログインボーナスをプレゼント！*
`黄金の果実 X 1
`_2024-01-12 19:36:48_
--------
*74c9dc067ca8484fc3c82ad192233de3*
`登陆天数: 119天 / 365天
等级: 127
石头: 426
呼符: 46
体力: 298.05333333333334 / 137
友情点: 0 / 339575`
*連続ログイン7日間到達おめでとうございます！
明日は1日目からリスタートされます。*
`獣の足跡 X 1
呼符 X 1
1月交換券(2024) X 1
`*「FGO カルデア・サテライトステーション 2023-2024」宮崎会場開催直前 ログインボーナス*
*開催期間中、1日1回 最大3回 ログインボーナスをプレゼント！*
`黄金の果実 X 1
`_2024-01-12 19:36:56_
--------
