【登录信息】
*061c88bb57f7c5fb18491d9b553538f6*
`登陆天数: 114天 / 1290天
等级: 128
石头: 1483
呼符: 45
体力: 417.5966666666667 / 137
友情点: 0 / 1055025`
*連続ログイン2日目
※ログインが途切れるか、7日到達すると
1日目から再開されます*
`聖晶石 X 1
1月交換券(2024) X 1
`*「FGO カルデア・サテライトステーション 2023-2024」宮崎会場開催記念 3万リポスト達成プレゼント*
*開催期間中、初回ログインで「聖晶石×6」をプレゼント！*
`聖晶石 X 6
`_2024-01-13 19:36:15_
--------
*002365526c6082faf79c03da7fd608d8*
`登陆天数: 114天 / 1359天
等级: 128
石头: 2541
呼符: 69
体力: 416.96666666666664 / 137
友情点: 0 / 1095255`
*連続ログイン2日目
※ログインが途切れるか、7日到達すると
1日目から再開されます*
`聖晶石 X 1
1月交換券(2024) X 1
`*「FGO カルデア・サテライトステーション 2023-2024」宮崎会場開催記念 3万リポスト達成プレゼント*
*開催期間中、初回ログインで「聖晶石×6」をプレゼント！*
`聖晶石 X 6
`_2024-01-13 19:36:23_
--------
*b57277a963646f6a6118aa9812c5c9b1*
`登陆天数: 114天 / 1110天
等级: 128
石头: 754
呼符: 69
体力: 416.39666666666665 / 137
友情点: 0 / 925365`
*連続ログイン2日目
※ログインが途切れるか、7日到達すると
1日目から再開されます*
`聖晶石 X 1
1月交換券(2024) X 1
`*「FGO カルデア・サテライトステーション 2023-2024」宮崎会場開催記念 3万リポスト達成プレゼント*
*開催期間中、初回ログインで「聖晶石×6」をプレゼント！*
`聖晶石 X 6
`_2024-01-13 19:36:32_
--------
*78a969e3ef03a664db1b4c64e8efab87*
`登陆天数: 114天 / 951天
等级: 128
石头: 1390
呼符: 45
体力: 415.85 / 137
友情点: 0 / 716290`
*連続ログイン2日目
※ログインが途切れるか、7日到達すると
1日目から再開されます*
`聖晶石 X 1
1月交換券(2024) X 1
`*「FGO カルデア・サテライトステーション 2023-2024」宮崎会場開催記念 3万リポスト達成プレゼント*
*開催期間中、初回ログインで「聖晶石×6」をプレゼント！*
`聖晶石 X 6
`_2024-01-13 19:36:40_
--------
*67f5eab36d4419e15dc3da66e73fbac4*
`登陆天数: 120天 / 361天
等级: 127
石头: 323
呼符: 28
体力: 276.46333333333337 / 137
友情点: 0 / 345225`
*連続ログイン1日目
※ログインが途切れるか、7日到達すると
1日目から再開されます*
`フレンドポイント X 2000
1月交換券(2024) X 1
`*「FGO カルデア・サテライトステーション 2023-2024」宮崎会場開催記念 3万リポスト達成プレゼント*
*開催期間中、初回ログインで「聖晶石×6」をプレゼント！*
`聖晶石 X 6
`_2024-01-13 19:36:49_
--------
*74c9dc067ca8484fc3c82ad192233de3*
`登陆天数: 120天 / 366天
等级: 127
石头: 426
呼符: 47
体力: 276.96333333333337 / 137
友情点: 0 / 339575`
*連続ログイン1日目
※ログインが途切れるか、7日到達すると
1日目から再開されます*
`フレンドポイント X 2000
1月交換券(2024) X 1
`*「FGO カルデア・サテライトステーション 2023-2024」宮崎会場開催記念 3万リポスト達成プレゼント*
*開催期間中、初回ログインで「聖晶石×6」をプレゼント！*
`聖晶石 X 6
`_2024-01-13 19:36:57_
--------
