【登录信息】
*061c88bb57f7c5fb18491d9b553538f6*
`登陆天数: 115天 / 1291天
等级: 128
石头: 1500
呼符: 45
体力: 99.11666666666667 / 137
友情点: 0 / 1055025`
*連続ログイン3日目
※ログインが途切れるか、7日到達すると
1日目から再開されます*
`叡智の業火 X 1
1月交換券(2024) X 1
`*Fate/Samurai Remnant×Fate/Grand Order
コラボレーションイベント
開幕直前特別ログインボーナス*
*開催期間中、1日1回 最大7回ログインボーナスをプレゼント！*
`聖晶石 X 1
`_2024-01-14 19:36:02_
--------
*002365526c6082faf79c03da7fd608d8*
`登陆天数: 115天 / 1360天
等级: 128
石头: 2558
呼符: 69
体力: 128.94333333333333 / 137
友情点: 0 / 1095255`
*連続ログイン3日目
※ログインが途切れるか、7日到達すると
1日目から再開されます*
`叡智の業火 X 1
1月交換券(2024) X 1
`*Fate/Samurai Remnant×Fate/Grand Order
コラボレーションイベント
開幕直前特別ログインボーナス*
*開催期間中、1日1回 最大7回ログインボーナスをプレゼント！*
`聖晶石 X 1
`_2024-01-14 19:36:11_
--------
*b57277a963646f6a6118aa9812c5c9b1*
`登陆天数: 115天 / 1111天
等级: 128
石头: 771
呼符: 69
体力: 100.32666666666667 / 137
友情点: 0 / 925365`
*連続ログイン3日目
※ログインが途切れるか、7日到達すると
1日目から再開されます*
`叡智の業火 X 1
1月交換券(2024) X 1
`*Fate/Samurai Remnant×Fate/Grand Order
コラボレーションイベント
開幕直前特別ログインボーナス*
*開催期間中、1日1回 最大7回ログインボーナスをプレゼント！*
`聖晶石 X 1
`_2024-01-14 19:36:19_
--------
*78a969e3ef03a664db1b4c64e8efab87*
`登陆天数: 115天 / 952天
等级: 128
石头: 1407
呼符: 45
体力: 102.23333333333333 / 137
友情点: 0 / 716290`
*連続ログイン3日目
※ログインが途切れるか、7日到達すると
1日目から再開されます*
`叡智の業火 X 1
1月交換券(2024) X 1
`*Fate/Samurai Remnant×Fate/Grand Order
コラボレーションイベント
開幕直前特別ログインボーナス*
*開催期間中、1日1回 最大7回ログインボーナスをプレゼント！*
`聖晶石 X 1
`_2024-01-14 19:36:28_
--------
*67f5eab36d4419e15dc3da66e73fbac4*
`登陆天数: 121天 / 362天
等级: 127
石头: 339
呼符: 28
体力: 180.36 / 137
友情点: 0 / 347225`
*連続ログイン2日目
※ログインが途切れるか、7日到達すると
1日目から再開されます*
`聖晶石 X 1
1月交換券(2024) X 1
`*Fate/Samurai Remnant×Fate/Grand Order
コラボレーションイベント
開幕直前特別ログインボーナス*
*開催期間中、1日1回 最大7回ログインボーナスをプレゼント！*
`聖晶石 X 1
`_2024-01-14 19:36:36_
--------
*74c9dc067ca8484fc3c82ad192233de3*
`登陆天数: 121天 / 367天
等级: 127
石头: 442
呼符: 47
体力: 180.46 / 137
友情点: 0 / 341575`
*連続ログイン2日目
※ログインが途切れるか、7日到達すると
1日目から再開されます*
`聖晶石 X 1
1月交換券(2024) X 1
`*Fate/Samurai Remnant×Fate/Grand Order
コラボレーションイベント
開幕直前特別ログインボーナス*
*開催期間中、1日1回 最大7回ログインボーナスをプレゼント！*
`聖晶石 X 1
`_2024-01-14 19:36:44_
--------
