【登录信息】
*061c88bb57f7c5fb18491d9b553538f6*
`登陆天数: 116天 / 1292天
等级: 128
石头: 1501
呼符: 45
体力: 110.63 / 137
友情点: 0 / 1055025`
*連続ログイン4日目
※ログインが途切れるか、7日到達すると
1日目から再開されます*
`聖晶石 X 1
1月交換券(2024) X 1
`*Fate/Samurai Remnant×Fate/Grand Order
コラボレーションイベント
開幕直前特別ログインボーナス*
*開催期間中、1日1回 最大7回ログインボーナスをプレゼント！*
`QP X 2000000
聖晶石 X 1
`_2024-01-15 19:36:18_
--------
*002365526c6082faf79c03da7fd608d8*
`登陆天数: 116天 / 1361天
等级: 128
石头: 2559
呼符: 69
体力: 110.22 / 137
友情点: 0 / 1095255`
*連続ログイン4日目
※ログインが途切れるか、7日到達すると
1日目から再開されます*
`聖晶石 X 1
1月交換券(2024) X 1
`*Fate/Samurai Remnant×Fate/Grand Order
コラボレーションイベント
開幕直前特別ログインボーナス*
*開催期間中、1日1回 最大7回ログインボーナスをプレゼント！*
`QP X 2000000
聖晶石 X 1
`_2024-01-15 19:36:26_
--------
*b57277a963646f6a6118aa9812c5c9b1*
`登陆天数: 116天 / 1112天
等级: 128
石头: 772
呼符: 69
体力: 109.72 / 137
友情点: 0 / 925365`
*連続ログイン4日目
※ログインが途切れるか、7日到達すると
1日目から再開されます*
`聖晶石 X 1
1月交換券(2024) X 1
`*Fate/Samurai Remnant×Fate/Grand Order
コラボレーションイベント
開幕直前特別ログインボーナス*
*開催期間中、1日1回 最大7回ログインボーナスをプレゼント！*
`QP X 2000000
聖晶石 X 1
`_2024-01-15 19:36:35_
--------
*78a969e3ef03a664db1b4c64e8efab87*
`登陆天数: 116天 / 953天
等级: 128
石头: 1408
呼符: 45
体力: 109.33666666666667 / 137
友情点: 0 / 716290`
*連続ログイン4日目
※ログインが途切れるか、7日到達すると
1日目から再開されます*
`聖晶石 X 1
1月交換券(2024) X 1
`*Fate/Samurai Remnant×Fate/Grand Order
コラボレーションイベント
開幕直前特別ログインボーナス*
*開催期間中、1日1回 最大7回ログインボーナスをプレゼント！*
`QP X 2000000
聖晶石 X 1
`_2024-01-15 19:36:43_
--------
*67f5eab36d4419e15dc3da66e73fbac4*
`登陆天数: 122天 / 363天
等级: 127
石头: 341
呼符: 28
体力: 286.77 / 137
友情点: 0 / 347225`
*連続ログイン3日目
※ログインが途切れるか、7日到達すると
1日目から再開されます*
`叡智の業火 X 1
1月交換券(2024) X 1
`*Fate/Samurai Remnant×Fate/Grand Order
コラボレーションイベント
開幕直前特別ログインボーナス*
*開催期間中、1日1回 最大7回ログインボーナスをプレゼント！*
`QP X 2000000
聖晶石 X 1
`_2024-01-15 19:36:51_
--------
*74c9dc067ca8484fc3c82ad192233de3*
`登陆天数: 122天 / 368天
等级: 127
石头: 444
呼符: 47
体力: 285.7933333333333 / 137
友情点: 0 / 341575`
*連続ログイン3日目
※ログインが途切れるか、7日到達すると
1日目から再開されます*
`叡智の業火 X 1
1月交換券(2024) X 1
`*Fate/Samurai Remnant×Fate/Grand Order
コラボレーションイベント
開幕直前特別ログインボーナス*
*開催期間中、1日1回 最大7回ログインボーナスをプレゼント！*
`QP X 2000000
聖晶石 X 1
`_2024-01-15 19:36:59_
--------
