【登录信息】
*061c88bb57f7c5fb18491d9b553538f6*
`登陆天数: 117天 / 1293天
等级: 128
石头: 1503
呼符: 45
体力: 185.14 / 137
友情点: 0 / 1055025`
*連続ログイン5日目
※ログインが途切れるか、7日到達すると
1日目から再開されます*
`叡智の業火 X 2
1月交換券(2024) X 1
`*Fate/Samurai Remnant×Fate/Grand Order
コラボレーションイベント
開幕直前特別ログインボーナス*
*開催期間中、1日1回 最大7回ログインボーナスをプレゼント！*
`聖晶石 X 1
白銀の果実 X 1
`_2024-01-16 19:36:06_
--------
*002365526c6082faf79c03da7fd608d8*
`登陆天数: 117天 / 1362天
等级: 128
石头: 2561
呼符: 69
体力: 184.68333333333334 / 137
友情点: 0 / 1095255`
*連続ログイン5日目
※ログインが途切れるか、7日到達すると
1日目から再開されます*
`叡智の業火 X 2
1月交換券(2024) X 1
`*Fate/Samurai Remnant×Fate/Grand Order
コラボレーションイベント
開幕直前特別ログインボーナス*
*開催期間中、1日1回 最大7回ログインボーナスをプレゼント！*
`聖晶石 X 1
白銀の果実 X 1
`_2024-01-16 19:36:14_
--------
*b57277a963646f6a6118aa9812c5c9b1*
`登陆天数: 117天 / 1113天
等级: 128
石头: 774
呼符: 69
体力: 183.85333333333332 / 137
友情点: 0 / 925365`
*連続ログイン5日目
※ログインが途切れるか、7日到達すると
1日目から再開されます*
`叡智の業火 X 2
1月交換券(2024) X 1
`*Fate/Samurai Remnant×Fate/Grand Order
コラボレーションイベント
開幕直前特別ログインボーナス*
*開催期間中、1日1回 最大7回ログインボーナスをプレゼント！*
`聖晶石 X 1
白銀の果実 X 1
`_2024-01-16 19:36:23_
--------
*78a969e3ef03a664db1b4c64e8efab87*
`登陆天数: 117天 / 954天
等级: 128
石头: 1410
呼符: 45
体力: 183.27 / 137
友情点: 0 / 716290`
*連続ログイン5日目
※ログインが途切れるか、7日到達すると
1日目から再開されます*
`叡智の業火 X 2
1月交換券(2024) X 1
`*Fate/Samurai Remnant×Fate/Grand Order
コラボレーションイベント
開幕直前特別ログインボーナス*
*開催期間中、1日1回 最大7回ログインボーナスをプレゼント！*
`聖晶石 X 1
白銀の果実 X 1
`_2024-01-16 19:36:31_
--------
*67f5eab36d4419e15dc3da66e73fbac4*
`登陆天数: 123天 / 364天
等级: 127
石头: 342
呼符: 28
体力: 303.01666666666665 / 137
友情点: 0 / 347225`
*連続ログイン4日目
※ログインが途切れるか、7日到達すると
1日目から再開されます*
`聖晶石 X 1
1月交換券(2024) X 1
`*Fate/Samurai Remnant×Fate/Grand Order
コラボレーションイベント
開幕直前特別ログインボーナス*
*開催期間中、1日1回 最大7回ログインボーナスをプレゼント！*
`聖晶石 X 1
白銀の果実 X 1
`_2024-01-16 19:36:40_
--------
*74c9dc067ca8484fc3c82ad192233de3*
`登陆天数: 123天 / 369天
等级: 127
石头: 445
呼符: 47
体力: 303.06 / 137
友情点: 0 / 341575`
*連続ログイン4日目
※ログインが途切れるか、7日到達すると
1日目から再開されます*
`聖晶石 X 1
1月交換券(2024) X 1
`*Fate/Samurai Remnant×Fate/Grand Order
コラボレーションイベント
開幕直前特別ログインボーナス*
*開催期間中、1日1回 最大7回ログインボーナスをプレゼント！*
`聖晶石 X 1
白銀の果実 X 1
`_2024-01-16 19:36:48_
--------
