【登录信息】
*061c88bb57f7c5fb18491d9b553538f6*
`登陆天数: 118天 / 1294天
等级: 128
石头: 1504
呼符: 45
体力: 122.03999999999999 / 137
友情点: 0 / 1055025`
*連続ログイン6日目
※ログインが途切れるか、7日到達すると
1日目から再開されます*
`聖晶石 X 2
1月交換券(2024) X 1
`*Fate/Samurai Remnant×Fate/Grand Order
コラボレーションイベント
開幕直前特別ログインボーナス*
*開催期間中、1日1回 最大7回ログインボーナスをプレゼント！*
`英霊結晶・星のフォウくん X 5
聖晶石 X 1
`_2024-01-17 19:36:26_
--------
*002365526c6082faf79c03da7fd608d8*
`登陆天数: 118天 / 1363天
等级: 128
石头: 2562
呼符: 69
体力: 121.39 / 137
友情点: 0 / 1095255`
*連続ログイン6日目
※ログインが途切れるか、7日到達すると
1日目から再開されます*
`聖晶石 X 2
1月交換券(2024) X 1
`*Fate/Samurai Remnant×Fate/Grand Order
コラボレーションイベント
開幕直前特別ログインボーナス*
*開催期間中、1日1回 最大7回ログインボーナスをプレゼント！*
`英霊結晶・星のフォウくん X 5
聖晶石 X 1
`_2024-01-17 19:36:34_
--------
*b57277a963646f6a6118aa9812c5c9b1*
`登陆天数: 118天 / 1114天
等级: 128
石头: 775
呼符: 69
体力: 120.62333333333333 / 137
友情点: 0 / 925365`
*連続ログイン6日目
※ログインが途切れるか、7日到達すると
1日目から再開されます*
`聖晶石 X 2
1月交換券(2024) X 1
`*Fate/Samurai Remnant×Fate/Grand Order
コラボレーションイベント
開幕直前特別ログインボーナス*
*開催期間中、1日1回 最大7回ログインボーナスをプレゼント！*
`英霊結晶・星のフォウくん X 5
聖晶石 X 1
`_2024-01-17 19:36:43_
--------
*78a969e3ef03a664db1b4c64e8efab87*
`登陆天数: 118天 / 955天
等级: 128
石头: 1411
呼符: 45
体力: 118.55666666666667 / 137
友情点: 0 / 716290`
*連続ログイン6日目
※ログインが途切れるか、7日到達すると
1日目から再開されます*
`聖晶石 X 2
1月交換券(2024) X 1
`*Fate/Samurai Remnant×Fate/Grand Order
コラボレーションイベント
開幕直前特別ログインボーナス*
*開催期間中、1日1回 最大7回ログインボーナスをプレゼント！*
`英霊結晶・星のフォウくん X 5
聖晶石 X 1
`_2024-01-17 19:36:52_
--------
*67f5eab36d4419e15dc3da66e73fbac4*
`登陆天数: 124天 / 365天
等级: 127
石头: 344
呼符: 28
体力: 299.4133333333333 / 137
友情点: 0 / 347225`
*連続ログイン5日目
※ログインが途切れるか、7日到達すると
1日目から再開されます*
`叡智の業火 X 2
1月交換券(2024) X 1
`*Fate/Samurai Remnant×Fate/Grand Order
コラボレーションイベント
開幕直前特別ログインボーナス*
*開催期間中、1日1回 最大7回ログインボーナスをプレゼント！*
`英霊結晶・星のフォウくん X 5
聖晶石 X 1
`_2024-01-17 19:37:00_
--------
*74c9dc067ca8484fc3c82ad192233de3*
`登陆天数: 124天 / 370天
等级: 127
石头: 447
呼符: 47
体力: 299.5133333333333 / 137
友情点: 0 / 341575`
*連続ログイン5日目
※ログインが途切れるか、7日到達すると
1日目から再開されます*
`叡智の業火 X 2
1月交換券(2024) X 1
`*Fate/Samurai Remnant×Fate/Grand Order
コラボレーションイベント
開幕直前特別ログインボーナス*
*開催期間中、1日1回 最大7回ログインボーナスをプレゼント！*
`英霊結晶・星のフォウくん X 5
聖晶石 X 1
`_2024-01-17 19:37:09_
--------
