【登录信息】
*061c88bb57f7c5fb18491d9b553538f6*
`登陆天数: 119天 / 1295天
等级: 128
石头: 1512
呼符: 45
体力: 152.88333333333333 / 137
友情点: 0 / 1055025`
*連続ログイン7日間到達おめでとうございます！
明日は1日目からリスタートされます。*
`獣の足跡 X 1
呼符 X 1
1月交換券(2024) X 1
`*Fate/Samurai Remnant×Fate/Grand Order
コラボレーションイベント
開幕直前特別ログインボーナス*
*開催期間中、1日1回 最大7回ログインボーナスをプレゼント！*
`英霊結晶・太陽のフォウくん X 5
聖晶石 X 1
`_2024-01-18 19:36:20_
--------
*002365526c6082faf79c03da7fd608d8*
`登陆天数: 119天 / 1364天
等级: 128
石头: 2570
呼符: 69
体力: 152.63333333333333 / 137
友情点: 0 / 1095255`
*連続ログイン7日間到達おめでとうございます！
明日は1日目からリスタートされます。*
`獣の足跡 X 1
呼符 X 1
1月交換券(2024) X 1
`*Fate/Samurai Remnant×Fate/Grand Order
コラボレーションイベント
開幕直前特別ログインボーナス*
*開催期間中、1日1回 最大7回ログインボーナスをプレゼント！*
`英霊結晶・太陽のフォウくん X 5
聖晶石 X 1
`_2024-01-18 19:36:28_
--------
*b57277a963646f6a6118aa9812c5c9b1*
`登陆天数: 119天 / 1115天
等级: 128
石头: 783
呼符: 69
体力: 152.23333333333332 / 137
友情点: 0 / 925365`
*連続ログイン7日間到達おめでとうございます！
明日は1日目からリスタートされます。*
`獣の足跡 X 1
呼符 X 1
1月交換券(2024) X 1
`*Fate/Samurai Remnant×Fate/Grand Order
コラボレーションイベント
開幕直前特別ログインボーナス*
*開催期間中、1日1回 最大7回ログインボーナスをプレゼント！*
`英霊結晶・太陽のフォウくん X 5
聖晶石 X 1
`_2024-01-18 19:36:37_
--------
*78a969e3ef03a664db1b4c64e8efab87*
`登陆天数: 119天 / 956天
等级: 128
石头: 1419
呼符: 45
体力: 151.91666666666666 / 137
友情点: 0 / 716290`
*連続ログイン7日間到達おめでとうございます！
明日は1日目からリスタートされます。*
`獣の足跡 X 1
呼符 X 1
1月交換券(2024) X 1
`*Fate/Samurai Remnant×Fate/Grand Order
コラボレーションイベント
開幕直前特別ログインボーナス*
*開催期間中、1日1回 最大7回ログインボーナスをプレゼント！*
`英霊結晶・太陽のフォウくん X 5
聖晶石 X 1
`_2024-01-18 19:36:45_
--------
*67f5eab36d4419e15dc3da66e73fbac4*
`登陆天数: 125天 / 366天
等级: 127
石头: 350
呼符: 28
体力: 303.65 / 137
友情点: 0 / 347225`
*連続ログイン6日目
※ログインが途切れるか、7日到達すると
1日目から再開されます*
`聖晶石 X 2
1月交換券(2024) X 1
`*Fate/Samurai Remnant×Fate/Grand Order
コラボレーションイベント
開幕直前特別ログインボーナス*
*開催期間中、1日1回 最大7回ログインボーナスをプレゼント！*
`英霊結晶・太陽のフォウくん X 5
聖晶石 X 1
`_2024-01-18 19:36:53_
--------
*74c9dc067ca8484fc3c82ad192233de3*
`登陆天数: 125天 / 371天
等级: 127
石头: 453
呼符: 47
体力: 303.8366666666667 / 137
友情点: 0 / 341575`
*連続ログイン6日目
※ログインが途切れるか、7日到達すると
1日目から再開されます*
`聖晶石 X 2
1月交換券(2024) X 1
`*Fate/Samurai Remnant×Fate/Grand Order
コラボレーションイベント
開幕直前特別ログインボーナス*
*開催期間中、1日1回 最大7回ログインボーナスをプレゼント！*
`英霊結晶・太陽のフォウくん X 5
聖晶石 X 1
`_2024-01-18 19:37:01_
--------
