【登录信息】
*061c88bb57f7c5fb18491d9b553538f6*
`登陆天数: 120天 / 1296天
等级: 128
石头: 1513
呼符: 51
体力: 149.50333333333333 / 137
友情点: 0 / 1055025`
*連続ログイン1日目
※ログインが途切れるか、7日到達すると
1日目から再開されます*
`フレンドポイント X 2000
1月交換券(2024) X 1
`*Fate/Samurai Remnant×Fate/Grand Order
コラボレーションイベント
開幕直前特別ログインボーナス*
*開催期間中、1日1回 最大7回ログインボーナスをプレゼント！*
`聖晶石 X 1
マナプリズム X 50
`_2024-01-19 19:36:15_
--------
*002365526c6082faf79c03da7fd608d8*
`登陆天数: 120天 / 1365天
等级: 128
石头: 2571
呼符: 75
体力: 149.01 / 137
友情点: 0 / 1095255`
*連続ログイン1日目
※ログインが途切れるか、7日到達すると
1日目から再開されます*
`フレンドポイント X 2000
1月交換券(2024) X 1
`*Fate/Samurai Remnant×Fate/Grand Order
コラボレーションイベント
開幕直前特別ログインボーナス*
*開催期間中、1日1回 最大7回ログインボーナスをプレゼント！*
`聖晶石 X 1
マナプリズム X 50
`_2024-01-19 19:36:23_
--------
*b57277a963646f6a6118aa9812c5c9b1*
`登陆天数: 120天 / 1116天
等级: 128
石头: 784
呼符: 75
体力: 148.55 / 137
友情点: 0 / 925365`
*連続ログイン1日目
※ログインが途切れるか、7日到達すると
1日目から再開されます*
`フレンドポイント X 2000
1月交換券(2024) X 1
`*Fate/Samurai Remnant×Fate/Grand Order
コラボレーションイベント
開幕直前特別ログインボーナス*
*開催期間中、1日1回 最大7回ログインボーナスをプレゼント！*
`聖晶石 X 1
マナプリズム X 50
`_2024-01-19 19:36:32_
--------
*78a969e3ef03a664db1b4c64e8efab87*
`登陆天数: 120天 / 957天
等级: 128
石头: 1420
呼符: 51
体力: 148.21 / 137
友情点: 0 / 716290`
*連続ログイン1日目
※ログインが途切れるか、7日到達すると
1日目から再開されます*
`フレンドポイント X 2000
1月交換券(2024) X 1
`*Fate/Samurai Remnant×Fate/Grand Order
コラボレーションイベント
開幕直前特別ログインボーナス*
*開催期間中、1日1回 最大7回ログインボーナスをプレゼント！*
`聖晶石 X 1
マナプリズム X 50
`_2024-01-19 19:36:40_
--------
*67f5eab36d4419e15dc3da66e73fbac4*
`登陆天数: 126天 / 367天
等级: 127
石头: 353
呼符: 33
体力: 302.52666666666664 / 137
友情点: 0 / 347225`
*連続ログイン7日間到達おめでとうございます！
明日は1日目からリスタートされます。*
`獣の足跡 X 1
呼符 X 1
1月交換券(2024) X 1
`*Fate/Samurai Remnant×Fate/Grand Order
コラボレーションイベント
開幕直前特別ログインボーナス*
*開催期間中、1日1回 最大7回ログインボーナスをプレゼント！*
`聖晶石 X 1
マナプリズム X 50
`_2024-01-19 19:36:48_
--------
*74c9dc067ca8484fc3c82ad192233de3*
`登陆天数: 126天 / 372天
等级: 127
石头: 456
呼符: 52
体力: 302.75 / 137
友情点: 0 / 341575`
*連続ログイン7日間到達おめでとうございます！
明日は1日目からリスタートされます。*
`獣の足跡 X 1
呼符 X 1
1月交換券(2024) X 1
`*Fate/Samurai Remnant×Fate/Grand Order
コラボレーションイベント
開幕直前特別ログインボーナス*
*開催期間中、1日1回 最大7回ログインボーナスをプレゼント！*
`聖晶石 X 1
マナプリズム X 50
`_2024-01-19 19:36:56_
--------
