【登录信息】
*061c88bb57f7c5fb18491d9b553538f6*
`登陆天数: 121天 / 1297天
等级: 128
石头: 1514
呼符: 51
体力: 140.77666666666667 / 137
友情点: 0 / 1057025`
*連続ログイン2日目
※ログインが途切れるか、7日到達すると
1日目から再開されます*
`聖晶石 X 1
1月交換券(2024) X 1
`*盈月剣風帖開幕記念 ログインボーナス*
*開催期間中、1日1回 最大21回ログインボーナスをプレゼント！*
`白銀の果実 X 1
`_2024-01-20 19:36:24_
--------
*002365526c6082faf79c03da7fd608d8*
`登陆天数: 121天 / 1366天
等级: 128
石头: 2572
呼符: 75
体力: 140.37 / 137
友情点: 0 / 1097255`
*連続ログイン2日目
※ログインが途切れるか、7日到達すると
1日目から再開されます*
`聖晶石 X 1
1月交換券(2024) X 1
`*盈月剣風帖開幕記念 ログインボーナス*
*開催期間中、1日1回 最大21回ログインボーナスをプレゼント！*
`白銀の果実 X 1
`_2024-01-20 19:36:32_
--------
*b57277a963646f6a6118aa9812c5c9b1*
`登陆天数: 121天 / 1117天
等级: 128
石头: 785
呼符: 75
体力: 139.95333333333332 / 137
友情点: 0 / 927365`
*連続ログイン2日目
※ログインが途切れるか、7日到達すると
1日目から再開されます*
`聖晶石 X 1
1月交換券(2024) X 1
`*盈月剣風帖開幕記念 ログインボーナス*
*開催期間中、1日1回 最大21回ログインボーナスをプレゼント！*
`白銀の果実 X 1
`_2024-01-20 19:36:41_
--------
*78a969e3ef03a664db1b4c64e8efab87*
`登陆天数: 121天 / 958天
等级: 128
石头: 1421
呼符: 51
体力: 139.62333333333333 / 137
友情点: 0 / 718290`
*連続ログイン2日目
※ログインが途切れるか、7日到達すると
1日目から再開されます*
`聖晶石 X 1
1月交換券(2024) X 1
`*盈月剣風帖開幕記念 ログインボーナス*
*開催期間中、1日1回 最大21回ログインボーナスをプレゼント！*
`白銀の果実 X 1
`_2024-01-20 19:36:50_
--------
*67f5eab36d4419e15dc3da66e73fbac4*
`登陆天数: 127天 / 368天
等级: 127
石头: 354
呼符: 34
体力: 298.18333333333334 / 137
友情点: 0 / 347225`
*連続ログイン1日目
※ログインが途切れるか、7日到達すると
1日目から再開されます*
`フレンドポイント X 2000
1月交換券(2024) X 1
`*盈月剣風帖開幕記念 ログインボーナス*
*開催期間中、1日1回 最大21回ログインボーナスをプレゼント！*
`白銀の果実 X 1
`_2024-01-20 19:36:58_
--------
*74c9dc067ca8484fc3c82ad192233de3*
`登陆天数: 127天 / 373天
等级: 127
石头: 457
呼符: 53
体力: 298.37333333333333 / 137
友情点: 0 / 341575`
*連続ログイン1日目
※ログインが途切れるか、7日到達すると
1日目から再開されます*
`フレンドポイント X 2000
1月交換券(2024) X 1
`*盈月剣風帖開幕記念 ログインボーナス*
*開催期間中、1日1回 最大21回ログインボーナスをプレゼント！*
`白銀の果実 X 1
`_2024-01-20 19:37:06_
--------
