【登录信息】
*006f192276115cf0d1cf1865925ea9c8*
`登陆天数: 71天 / 297天
等级: 127
石头: 920
呼符: 21
体力: 236.16666666666669 / 137
友情点: 0 / 324130`
_2023-11-03 13:40:12_
--------
*ff9606b069528679fcb62114c8da6cd2*
`登陆天数: 71天 / 307天
等级: 127
石头: 950
呼符: 21
体力: 236.19666666666666 / 137
友情点: 0 / 320505`
_2023-11-03 13:40:22_
--------
*b50ee2f0cdac3fa156753b1531b8d73d*
`登陆天数: 48天 / 290天
等级: 127
石头: 918
呼符: 20
体力: 233.84666666666666 / 137
友情点: 0 / 306740`
_2023-11-03 13:40:31_
--------
*687c82e64cf4967bb8bce10bd7a08649*
`登陆天数: 48天 / 293天
等级: 127
石头: 918
呼符: 20
体力: 233.85 / 137
友情点: 0 / 306340`
_2023-11-03 13:40:41_
--------
*1a740336e4fd822f5ffa1ec46c4fcae8*
`登陆天数: 48天 / 288天
等级: 127
石头: 918
呼符: 20
体力: 231.81666666666666 / 137
友情点: 0 / 316290`
_2023-11-03 13:40:51_
--------
*4b3d8756f8e2f4fc5b74af43b3bbfcaf*
`登陆天数: 71天 / 291天
等级: 127
石头: 919
呼符: 21
体力: 235.89 / 137
友情点: 0 / 321420`
_2023-11-03 13:41:00_
--------
*9784ffa8753e20950ffd49f6cc750752*
`登陆天数: 71天 / 293天
等级: 127
石头: 919
呼符: 21
体力: 232.79333333333335 / 137
友情点: 0 / 303855`
_2023-11-03 13:41:10_
--------
*c16d1edb786c0d123633788fbd5976d9*
`登陆天数: 48天 / 292天
等级: 127
石头: 917
呼符: 20
体力: 232.14666666666665 / 137
友情点: 0 / 318535`
_2023-11-03 13:41:18_
--------
*74c3c855b0312f8e225d48913a8d0b7c*
`登陆天数: 48天 / 291天
等级: 127
石头: 917
呼符: 20
体力: 231.56 / 137
友情点: 0 / 319440`
_2023-11-03 13:41:26_
--------
*12cf57a3910979f963101258a65d5efe*
`登陆天数: 71天 / 300天
等级: 127
石头: 948
呼符: 21
体力: 235.19 / 137
友情点: 0 / 317005`
_2023-11-03 13:41:34_
--------
*225a8eaae77b22933c187710eced3d2c*
`登陆天数: 71天 / 301天
等级: 127
石头: 948
呼符: 21
体力: 236.69 / 137
友情点: 0 / 311080`
_2023-11-03 13:41:42_
--------
*0f68f0cb0f85bfc0db519b83a05367b9*
`登陆天数: 71天 / 294天
等级: 127
石头: 918
呼符: 21
体力: 236.27666666666667 / 137
友情点: 0 / 321480`
_2023-11-03 13:41:51_
--------
*2bd80a08008d5a89527a660f2d07296f*
`登陆天数: 71天 / 304天
等级: 127
石头: 948
呼符: 21
体力: 236.12666666666667 / 137
友情点: 0 / 313640`
_2023-11-03 13:41:59_
--------
*9a92f214ccb590e1b4436ac421865d0c*
`登陆天数: 71天 / 297天
等级: 127
石头: 917
呼符: 21
体力: 236.47 / 137
友情点: 0 / 325700`
_2023-11-03 13:42:07_
--------
*1c36a484c419665d4271fce31f6e6407*
`登陆天数: 71天 / 295天
等级: 127
石头: 917
呼符: 21
体力: 236.15666666666667 / 137
友情点: 0 / 322630`
_2023-11-03 13:42:15_
--------
*4afad1ed73d39a0df285ce3a340c870b*
`登陆天数: 71天 / 294天
等级: 127
石头: 917
呼符: 21
体力: 234.29000000000002 / 137
友情点: 0 / 313330`
_2023-11-03 13:42:23_
--------
*0a32d18ff1f57de2334c8c501e7507e5*
`登陆天数: 48天 / 288天
等级: 127
石头: 915
呼符: 20
体力: 234.03 / 137
友情点: 0 / 317595`
_2023-11-03 13:42:32_
--------
*e8df6d868be60ca343c7f1f43e84c049*
`登陆天数: 48天 / 290天
等级: 127
石头: 915
呼符: 20
体力: 233.78 / 137
友情点: 0 / 321330`
_2023-11-03 13:42:40_
--------
*ec956a427cb2ae9d188ea518d8453f1f*
`登陆天数: 48天 / 290天
等级: 127
石头: 915
呼符: 20
体力: 233.60333333333335 / 137
友情点: 0 / 315800`
_2023-11-03 13:42:48_
--------
*97c5c9a42740d318ceeeb94ee2081a6a*
`登陆天数: 48天 / 294天
等级: 127
石头: 915
呼符: 20
体力: 232.42000000000002 / 137
友情点: 0 / 316105`
_2023-11-03 13:42:56_
--------
*cc0a67e34eccace982260426604764eb*
`登陆天数: 48天 / 291天
等级: 127
石头: 914
呼符: 20
体力: 234.31 / 137
友情点: 0 / 311090`
_2023-11-03 13:43:05_
--------
*877f1d427f2a104bd2388e93cef92dc9*
`登陆天数: 48天 / 291天
等级: 127
石头: 914
呼符: 20
体力: 234.12333333333333 / 137
友情点: 0 / 311820`
_2023-11-03 13:43:13_
--------
*3750d9d985163cc4ef0b522167941870*
`登陆天数: 48天 / 293天
等级: 127
石头: 914
呼符: 20
体力: 230.9 / 137
友情点: 0 / 313540`
_2023-11-03 13:43:21_
--------
*f2a62f5527634d6d74baa43bd5cfd545*
`登陆天数: 71天 / 319天
等级: 127
石头: 915
呼符: 21
体力: 238.61666666666667 / 137
友情点: 0 / 316850`
_2023-11-03 13:43:29_
--------
*0738db1a1581d406928ffdffc317ef1c*
`登陆天数: 71天 / 294天
等级: 127
石头: 914
呼符: 21
体力: 236.76999999999998 / 137
友情点: 0 / 317910`
_2023-11-03 13:43:37_
--------
*87324dce569d7de20bc06d949b67e95b*
`登陆天数: 71天 / 299天
等级: 127
石头: 914
呼符: 21
体力: 236.67000000000002 / 137
友情点: 0 / 322810`
_2023-11-03 13:43:45_
--------
*65f091251c467362e382d5097e4e94c5*
`登陆天数: 48天 / 290天
等级: 127
石头: 912
呼符: 20
体力: 234.20666666666665 / 137
友情点: 0 / 316915`
_2023-11-03 13:43:54_
--------
*713a6c638659b02bb0e095b55712c92f*
`登陆天数: 48天 / 293天
等级: 127
石头: 912
呼符: 20
体力: 232.69666666666666 / 137
友情点: 0 / 310690`
_2023-11-03 13:44:01_
--------
*5c5765493317bf7c7c1cfda672a3f760*
`登陆天数: 48天 / 288天
等级: 127
石头: 911
呼符: 20
体力: 233.06666666666666 / 137
友情点: 0 / 320805`
_2023-11-03 13:44:09_
--------
*e35cb0477aed5e817de5b4d2f107762f*
`登陆天数: 48天 / 294天
等级: 127
石头: 911
呼符: 20
体力: 232.64 / 137
友情点: 0 / 313495`
_2023-11-03 13:44:17_
--------
*3cd3f122603ef5273d70819634e44cf3*
`登陆天数: 48天 / 288天
等级: 127
石头: 911
呼符: 20
体力: 232.62333333333333 / 137
友情点: 0 / 315835`
_2023-11-03 13:44:26_
--------
*8aed89de092ebb603b06925066eac26f*
`登陆天数: 48天 / 292天
等级: 127
石头: 911
呼符: 20
体力: 232.4766666666667 / 137
友情点: 0 / 315375`
_2023-11-03 13:44:34_
--------
*7d5b485b9dc70658db01b2557f0b75d3*
`登陆天数: 48天 / 289天
等级: 127
石头: 910
呼符: 20
体力: 234.64 / 137
友情点: 0 / 313035`
_2023-11-03 13:44:43_
--------
*a36f10cec5fa2d73bfab443613bbd1b3*
`登陆天数: 48天 / 290天
等级: 127
石头: 910
呼符: 20
体力: 234.16 / 137
友情点: 0 / 308715`
_2023-11-03 13:44:51_
--------
*c80764f3b605d233d9b0aff1daf77dd7*
`登陆天数: 48天 / 292天
等级: 127
石头: 910
呼符: 20
体力: 232.25 / 137
友情点: 0 / 318335`
_2023-11-03 13:45:00_
--------
*2b9b5070da339233d44ada158b6810de*
`登陆天数: 48天 / 291天
等级: 127
石头: 909
呼符: 20
体力: 234.55333333333334 / 137
友情点: 0 / 316895`
_2023-11-03 13:45:09_
--------
*60d8075aa705834041fa41f95c8b5a5f*
`登陆天数: 48天 / 289天
等级: 127
石头: 909
呼符: 20
体力: 234.07333333333332 / 137
友情点: 0 / 313955`
_2023-11-03 13:45:17_
--------
*2a89cd594b2fe24f0a41abef45031c7a*
`登陆天数: 48天 / 292天
等级: 127
石头: 909
呼符: 20
体力: 232.76666666666665 / 137
友情点: 0 / 318840`
_2023-11-03 13:45:26_
--------
*e5980d3362c3738a5546f88108633e22*
`登陆天数: 48天 / 287天
等级: 127
石头: 908
呼符: 20
体力: 232.87333333333333 / 137
友情点: 0 / 313460`
_2023-11-03 13:45:35_
--------
*efac09935274560f1dd5cfaffa312bb7*
`登陆天数: 71天 / 298天
等级: 127
石头: 909
呼符: 21
体力: 237.79333333333335 / 137
友情点: 0 / 322205`
_2023-11-03 13:45:45_
--------
*7600ca1c3061039ee661607b438a597b*
`登陆天数: 71天 / 300天
等级: 127
石头: 939
呼符: 21
体力: 237.26999999999998 / 137
友情点: 0 / 318680`
_2023-11-03 13:45:54_
--------
*b5537792ce0501222af1643cf8dd041b*
`登陆天数: 71天 / 296天
等级: 127
石头: 909
呼符: 21
体力: 237.12 / 137
友情点: 0 / 319690`
_2023-11-03 13:46:04_
--------
*3663c71249ea54cf5535a60cf5c1213f*
`登陆天数: 48天 / 292天
等级: 127
石头: 907
呼符: 20
体力: 232.76666666666665 / 137
友情点: 0 / 320965`
_2023-11-03 13:46:14_
--------
*6bc359bad793a23f639c140186ea4b44*
`登陆天数: 48天 / 291天
等级: 127
石头: 907
呼符: 20
体力: 232.75 / 137
友情点: 0 / 317545`
_2023-11-03 13:46:24_
--------
*0b4fa3057c68b6003449be39225f0cae*
`登陆天数: 71天 / 293天
等级: 127
石头: 908
呼符: 21
体力: 235.48333333333335 / 137
友情点: 0 / 299905`
_2023-11-03 13:46:34_
--------
*cb8bd6bbf6e9bb44fe075accb48c43a4*
`登陆天数: 48天 / 292天
等级: 127
石头: 906
呼符: 20
体力: 235.05333333333334 / 137
友情点: 0 / 306800`
_2023-11-03 13:46:43_
--------
*6a78177829a3c298b77a195536c65361*
`登陆天数: 48天 / 289天
等级: 127
石头: 906
呼符: 20
体力: 234.81666666666666 / 137
友情点: 0 / 319895`
_2023-11-03 13:46:51_
--------
*fcd7a2c6e4066b5cecea956202dc358f*
`登陆天数: 71天 / 299天
等级: 127
石头: 907
呼符: 21
体力: 237.36666666666667 / 137
友情点: 0 / 315965`
_2023-11-03 13:46:59_
--------
*3d77b8269909126dbdc87ec4ba9556fc*
`登陆天数: 71天 / 290天
等级: 127
石头: 907
呼符: 21
体力: 235.39 / 137
友情点: 0 / 307350`
_2023-11-03 13:47:08_
--------
*2e1f8366f0e77d960c413a56489f0f09*
`登陆天数: 48天 / 289天
等级: 127
石头: 905
呼符: 20
体力: 235.19 / 137
友情点: 0 / 310400`
_2023-11-03 13:47:16_
--------
