【登录信息】
*006f192276115cf0d1cf1865925ea9c8*
`登陆天数: 72天 / 298天
等级: 127
石头: 921
呼符: 21
体力: 19.049999999999997 / 137
友情点: 0 / 324130`
_2023-11-03 19:36:02_
--------
*ff9606b069528679fcb62114c8da6cd2*
`登陆天数: 72天 / 308天
等级: 127
石头: 951
呼符: 21
体力: 19.10666666666667 / 137
友情点: 0 / 320505`
_2023-11-03 19:36:10_
--------
*b50ee2f0cdac3fa156753b1531b8d73d*
`登陆天数: 49天 / 291天
等级: 127
石头: 918
呼符: 21
体力: 17.450000000000003 / 137
友情点: 0 / 306740`
_2023-11-03 19:36:18_
--------
*687c82e64cf4967bb8bce10bd7a08649*
`登陆天数: 49天 / 294天
等级: 127
石头: 918
呼符: 21
体力: 17.413333333333327 / 137
友情点: 0 / 306340`
_2023-11-03 19:36:25_
--------
*1a740336e4fd822f5ffa1ec46c4fcae8*
`登陆天数: 49天 / 289天
等级: 127
石头: 918
呼符: 20
体力: 302.9566666666667 / 137
友情点: 0 / 316290`
*連続ログイン7日間到達おめでとうございます！
明日は1日目からリスタートされます。*
`獣の足跡 X 1
呼符 X 1
11月交換券(2023) X 1
`*聖杯戦線 ～白天の城、黒夜の城～開幕記念 ログインボーナス*
*開催期間中、1日1回 最大21回ログインボーナスをプレゼント！*
`白銀の果実 X 1
`_2023-11-03 19:36:33_
--------
*4b3d8756f8e2f4fc5b74af43b3bbfcaf*
`登陆天数: 72天 / 292天
等级: 127
石头: 920
呼符: 21
体力: 18.85666666666667 / 137
友情点: 0 / 321420`
_2023-11-03 19:36:41_
--------
*9784ffa8753e20950ffd49f6cc750752*
`登陆天数: 72天 / 294天
等级: 127
石头: 920
呼符: 21
体力: 17.659999999999997 / 137
友情点: 0 / 303855`
_2023-11-03 19:36:49_
--------
*c16d1edb786c0d123633788fbd5976d9*
`登陆天数: 49天 / 293天
等级: 127
石头: 917
呼符: 20
体力: 303.2733333333333 / 137
友情点: 0 / 318535`
*連続ログイン7日間到達おめでとうございます！
明日は1日目からリスタートされます。*
`獣の足跡 X 1
呼符 X 1
11月交換券(2023) X 1
`*聖杯戦線 ～白天の城、黒夜の城～開幕記念 ログインボーナス*
*開催期間中、1日1回 最大21回ログインボーナスをプレゼント！*
`白銀の果実 X 1
`_2023-11-03 19:36:56_
--------
*74c3c855b0312f8e225d48913a8d0b7c*
`登陆天数: 49天 / 292天
等级: 127
石头: 917
呼符: 20
体力: 302.68666666666667 / 137
友情点: 0 / 319440`
*連続ログイン7日間到達おめでとうございます！
明日は1日目からリスタートされます。*
`獣の足跡 X 1
呼符 X 1
11月交換券(2023) X 1
`*聖杯戦線 ～白天の城、黒夜の城～開幕記念 ログインボーナス*
*開催期間中、1日1回 最大21回ログインボーナスをプレゼント！*
`白銀の果実 X 1
`_2023-11-03 19:37:05_
--------
*12cf57a3910979f963101258a65d5efe*
`登陆天数: 72天 / 301天
等级: 127
石头: 949
呼符: 21
体力: 20.176666666666662 / 137
友情点: 0 / 317005`
_2023-11-03 19:37:13_
--------
*225a8eaae77b22933c187710eced3d2c*
`登陆天数: 72天 / 302天
等级: 127
石头: 949
呼符: 21
体力: 19.870000000000005 / 137
友情点: 0 / 311080`
_2023-11-03 19:37:20_
--------
*0f68f0cb0f85bfc0db519b83a05367b9*
`登陆天数: 72天 / 295天
等级: 127
石头: 919
呼符: 21
体力: 19.066666666666663 / 137
友情点: 0 / 321480`
_2023-11-03 19:37:28_
--------
*2bd80a08008d5a89527a660f2d07296f*
`登陆天数: 72天 / 305天
等级: 127
石头: 949
呼符: 21
体力: 19.073333333333338 / 137
友情点: 0 / 313640`
_2023-11-03 19:37:35_
--------
*9a92f214ccb590e1b4436ac421865d0c*
`登陆天数: 72天 / 298天
等级: 127
石头: 918
呼符: 21
体力: 19.349999999999994 / 137
友情点: 0 / 325700`
_2023-11-03 19:37:43_
--------
*1c36a484c419665d4271fce31f6e6407*
`登陆天数: 72天 / 296天
等级: 127
石头: 918
呼符: 21
体力: 19.03333333333333 / 137
友情点: 0 / 322630`
_2023-11-03 19:37:51_
--------
*4afad1ed73d39a0df285ce3a340c870b*
`登陆天数: 72天 / 295天
等级: 127
石头: 918
呼符: 21
体力: 17.793333333333337 / 137
友情点: 0 / 313330`
_2023-11-03 19:37:59_
--------
*0a32d18ff1f57de2334c8c501e7507e5*
`登陆天数: 49天 / 289天
等级: 127
石头: 915
呼符: 21
体力: 17.656666666666666 / 137
友情点: 0 / 317595`
_2023-11-03 19:38:06_
--------
*e8df6d868be60ca343c7f1f43e84c049*
`登陆天数: 49天 / 291天
等级: 127
石头: 915
呼符: 21
体力: 17.523333333333326 / 137
友情点: 0 / 321330`
_2023-11-03 19:38:14_
--------
*ec956a427cb2ae9d188ea518d8453f1f*
`登陆天数: 49天 / 291天
等级: 127
石头: 915
呼符: 21
体力: 17.446666666666673 / 137
友情点: 0 / 315800`
_2023-11-03 19:38:22_
--------
*97c5c9a42740d318ceeeb94ee2081a6a*
`登陆天数: 49天 / 295天
等级: 127
石头: 915
呼符: 20
体力: 303.5333333333333 / 137
友情点: 0 / 316105`
*連続ログイン7日間到達おめでとうございます！
明日は1日目からリスタートされます。*
`獣の足跡 X 1
呼符 X 1
11月交換券(2023) X 1
`*聖杯戦線 ～白天の城、黒夜の城～開幕記念 ログインボーナス*
*開催期間中、1日1回 最大21回ログインボーナスをプレゼント！*
`白銀の果実 X 1
`_2023-11-03 19:38:30_
--------
*cc0a67e34eccace982260426604764eb*
`登陆天数: 49天 / 292天
等级: 127
石头: 914
呼符: 21
体力: 17.88333333333334 / 137
友情点: 0 / 311090`
_2023-11-03 19:38:38_
--------
*877f1d427f2a104bd2388e93cef92dc9*
`登陆天数: 49天 / 292天
等级: 127
石头: 914
呼符: 21
体力: 17.816666666666663 / 137
友情点: 0 / 311820`
_2023-11-03 19:38:46_
--------
*3750d9d985163cc4ef0b522167941870*
`登陆天数: 49天 / 294天
等级: 127
石头: 914
呼符: 20
体力: 302.01 / 137
友情点: 0 / 313540`
*連続ログイン7日間到達おめでとうございます！
明日は1日目からリスタートされます。*
`獣の足跡 X 1
呼符 X 1
11月交換券(2023) X 1
`*聖杯戦線 ～白天の城、黒夜の城～開幕記念 ログインボーナス*
*開催期間中、1日1回 最大21回ログインボーナスをプレゼント！*
`白銀の果実 X 1
`_2023-11-03 19:38:54_
--------
*f2a62f5527634d6d74baa43bd5cfd545*
`登陆天数: 72天 / 320天
等级: 127
石头: 916
呼符: 21
体力: 21.85333333333334 / 137
友情点: 0 / 316850`
_2023-11-03 19:39:03_
--------
*0738db1a1581d406928ffdffc317ef1c*
`登陆天数: 72天 / 295天
等级: 127
石头: 915
呼符: 21
体力: 19.50666666666666 / 137
友情点: 0 / 317910`
_2023-11-03 19:39:10_
--------
*87324dce569d7de20bc06d949b67e95b*
`登陆天数: 72天 / 300天
等级: 127
石头: 945
呼符: 21
体力: 19.483333333333334 / 137
友情点: 0 / 322810`
_2023-11-03 19:39:18_
--------
*65f091251c467362e382d5097e4e94c5*
`登陆天数: 49天 / 291天
等级: 127
石头: 912
呼符: 21
体力: 17.86333333333333 / 137
友情点: 0 / 316915`
_2023-11-03 19:39:26_
--------
*713a6c638659b02bb0e095b55712c92f*
`登陆天数: 49天 / 294天
等级: 127
石头: 912
呼符: 20
体力: 303.80333333333334 / 137
友情点: 0 / 310690`
*連続ログイン7日間到達おめでとうございます！
明日は1日目からリスタートされます。*
`獣の足跡 X 1
呼符 X 1
11月交換券(2023) X 1
`*聖杯戦線 ～白天の城、黒夜の城～開幕記念 ログインボーナス*
*開催期間中、1日1回 最大21回ログインボーナスをプレゼント！*
`白銀の果実 X 1
`_2023-11-03 19:39:33_
--------
*5c5765493317bf7c7c1cfda672a3f760*
`登陆天数: 49天 / 289天
等级: 127
石头: 911
呼符: 20
体力: 304.17333333333335 / 137
友情点: 0 / 320805`
_2023-11-03 19:39:41_
--------
*e35cb0477aed5e817de5b4d2f107762f*
`登陆天数: 49天 / 295天
等级: 127
石头: 911
呼符: 20
体力: 303.74333333333334 / 137
友情点: 0 / 313495`
*連続ログイン7日間到達おめでとうございます！
明日は1日目からリスタートされます。*
`獣の足跡 X 1
呼符 X 1
11月交換券(2023) X 1
`*聖杯戦線 ～白天の城、黒夜の城～開幕記念 ログインボーナス*
*開催期間中、1日1回 最大21回ログインボーナスをプレゼント！*
`白銀の果実 X 1
`_2023-11-03 19:39:49_
--------
*3cd3f122603ef5273d70819634e44cf3*
`登陆天数: 49天 / 289天
等级: 127
石头: 911
呼符: 20
体力: 303.72333333333336 / 137
友情点: 0 / 315835`
*連続ログイン7日間到達おめでとうございます！
明日は1日目からリスタートされます。*
`獣の足跡 X 1
呼符 X 1
11月交換券(2023) X 1
`*聖杯戦線 ～白天の城、黒夜の城～開幕記念 ログインボーナス*
*開催期間中、1日1回 最大21回ログインボーナスをプレゼント！*
`白銀の果実 X 1
`_2023-11-03 19:39:57_
--------
*8aed89de092ebb603b06925066eac26f*
`登陆天数: 49天 / 293天
等级: 127
石头: 911
呼符: 20
体力: 303.57666666666665 / 137
友情点: 0 / 315375`
*連続ログイン7日間到達おめでとうございます！
明日は1日目からリスタートされます。*
`獣の足跡 X 1
呼符 X 1
11月交換券(2023) X 1
`*聖杯戦線 ～白天の城、黒夜の城～開幕記念 ログインボーナス*
*開催期間中、1日1回 最大21回ログインボーナスをプレゼント！*
`白銀の果実 X 1
`_2023-11-03 19:40:05_
--------
*7d5b485b9dc70658db01b2557f0b75d3*
`登陆天数: 49天 / 290天
等级: 127
石头: 910
呼符: 21
体力: 18.209999999999994 / 137
友情点: 0 / 313035`
_2023-11-03 19:40:13_
--------
*a36f10cec5fa2d73bfab443613bbd1b3*
`登陆天数: 49天 / 291天
等级: 127
石头: 910
呼符: 21
体力: 17.88333333333334 / 137
友情点: 0 / 308715`
_2023-11-03 19:40:20_
--------
*c80764f3b605d233d9b0aff1daf77dd7*
`登陆天数: 49天 / 293天
等级: 127
石头: 910
呼符: 20
体力: 303.34333333333336 / 137
友情点: 0 / 318335`
*連続ログイン7日間到達おめでとうございます！
明日は1日目からリスタートされます。*
`獣の足跡 X 1
呼符 X 1
11月交換券(2023) X 1
`*聖杯戦線 ～白天の城、黒夜の城～開幕記念 ログインボーナス*
*開催期間中、1日1回 最大21回ログインボーナスをプレゼント！*
`白銀の果実 X 1
`_2023-11-03 19:40:28_
--------
*2b9b5070da339233d44ada158b6810de*
`登陆天数: 49天 / 292天
等级: 127
石头: 909
呼符: 21
体力: 18.186666666666667 / 137
友情点: 0 / 316895`
_2023-11-03 19:40:36_
--------
*60d8075aa705834041fa41f95c8b5a5f*
`登陆天数: 49天 / 290天
等级: 127
石头: 909
呼符: 21
体力: 17.91666666666667 / 137
友情点: 0 / 313955`
_2023-11-03 19:40:44_
--------
*2a89cd594b2fe24f0a41abef45031c7a*
`登陆天数: 49天 / 293天
等级: 127
石头: 909
呼符: 20
体力: 303.85333333333335 / 137
友情点: 0 / 318840`
*連続ログイン7日間到達おめでとうございます！
明日は1日目からリスタートされます。*
`獣の足跡 X 1
呼符 X 1
11月交換券(2023) X 1
`*聖杯戦線 ～白天の城、黒夜の城～開幕記念 ログインボーナス*
*開催期間中、1日1回 最大21回ログインボーナスをプレゼント！*
`白銀の果実 X 1
`_2023-11-03 19:40:52_
--------
*e5980d3362c3738a5546f88108633e22*
`登陆天数: 49天 / 288天
等级: 127
石头: 908
呼符: 20
体力: 303.9566666666667 / 137
友情点: 0 / 313460`
*連続ログイン7日間到達おめでとうございます！
明日は1日目からリスタートされます。*
`獣の足跡 X 1
呼符 X 1
11月交換券(2023) X 1
`*聖杯戦線 ～白天の城、黒夜の城～開幕記念 ログインボーナス*
*開催期間中、1日1回 最大21回ログインボーナスをプレゼント！*
`白銀の果実 X 1
`_2023-11-03 19:41:00_
--------
*efac09935274560f1dd5cfaffa312bb7*
`登陆天数: 72天 / 299天
等级: 127
石头: 910
呼符: 21
体力: 21.066666666666663 / 137
友情点: 0 / 322205`
_2023-11-03 19:41:08_
--------
*7600ca1c3061039ee661607b438a597b*
`登陆天数: 72天 / 301天
等级: 127
石头: 940
呼符: 21
体力: 20.056666666666672 / 137
友情点: 0 / 318680`
_2023-11-03 19:41:16_
--------
*b5537792ce0501222af1643cf8dd041b*
`登陆天数: 72天 / 297天
等级: 127
石头: 910
呼符: 21
体力: 19.819999999999993 / 137
友情点: 0 / 319690`
_2023-11-03 19:41:24_
--------
*3663c71249ea54cf5535a60cf5c1213f*
`登陆天数: 49天 / 293天
等级: 127
石头: 907
呼符: 20
体力: 303.82666666666665 / 137
友情点: 0 / 320965`
*連続ログイン7日間到達おめでとうございます！
明日は1日目からリスタートされます。*
`獣の足跡 X 1
呼符 X 1
11月交換券(2023) X 1
`*聖杯戦線 ～白天の城、黒夜の城～開幕記念 ログインボーナス*
*開催期間中、1日1回 最大21回ログインボーナスをプレゼント！*
`白銀の果実 X 1
`_2023-11-03 19:41:32_
--------
*6bc359bad793a23f639c140186ea4b44*
`登陆天数: 49天 / 292天
等级: 127
石头: 907
呼符: 20
体力: 303.80333333333334 / 137
友情点: 0 / 317545`
*連続ログイン7日間到達おめでとうございます！
明日は1日目からリスタートされます。*
`獣の足跡 X 1
呼符 X 1
11月交換券(2023) X 1
`*聖杯戦線 ～白天の城、黒夜の城～開幕記念 ログインボーナス*
*開催期間中、1日1回 最大21回ログインボーナスをプレゼント！*
`白銀の果実 X 1
`_2023-11-03 19:41:40_
--------
*0b4fa3057c68b6003449be39225f0cae*
`登陆天数: 72天 / 294天
等级: 127
石头: 909
呼符: 21
体力: 19.08 / 137
友情点: 0 / 299905`
_2023-11-03 19:41:48_
--------
*cb8bd6bbf6e9bb44fe075accb48c43a4*
`登陆天数: 49天 / 293天
等级: 127
石头: 906
呼符: 21
体力: 18.49666666666667 / 137
友情点: 0 / 306800`
_2023-11-03 19:41:56_
--------
*6a78177829a3c298b77a195536c65361*
`登陆天数: 49天 / 290天
等级: 127
石头: 906
呼符: 21
体力: 18.403333333333336 / 137
友情点: 0 / 319895`
_2023-11-03 19:42:04_
--------
*fcd7a2c6e4066b5cecea956202dc358f*
`登陆天数: 72天 / 300天
等级: 127
石头: 938
呼符: 21
体力: 20.0 / 137
友情点: 0 / 315965`
_2023-11-03 19:42:12_
--------
*3d77b8269909126dbdc87ec4ba9556fc*
`登陆天数: 72天 / 291天
等级: 127
石头: 908
呼符: 21
体力: 18.816666666666663 / 137
友情点: 0 / 307350`
_2023-11-03 19:42:20_
--------
*2e1f8366f0e77d960c413a56489f0f09*
`登陆天数: 49天 / 290天
等级: 127
石头: 905
呼符: 21
体力: 18.653333333333336 / 137
友情点: 0 / 310400`
_2023-11-03 19:42:27_
--------
