【登录信息】
*006f192276115cf0d1cf1865925ea9c8*
`登陆天数: 73天 / 299天
等级: 127
石头: 921
呼符: 21
体力: 18.040000000000006 / 137
友情点: 0 / 324130`
_2023-11-04 19:36:28_
--------
*ff9606b069528679fcb62114c8da6cd2*
`登陆天数: 73天 / 309天
等级: 127
石头: 951
呼符: 21
体力: 18.013333333333335 / 137
友情点: 0 / 320505`
_2023-11-04 19:36:36_
--------
*b50ee2f0cdac3fa156753b1531b8d73d*
`登陆天数: 50天 / 292天
等级: 127
石头: 918
呼符: 21
体力: 305.53999999999996 / 137
友情点: 0 / 306740`
*連続ログイン1日目
※ログインが途切れるか、7日到達すると
1日目から再開されます*
`フレンドポイント X 2000
11月交換券(2023) X 1
`*聖杯戦線 ～白天の城、黒夜の城～開幕記念 ログインボーナス*
*開催期間中、1日1回 最大21回ログインボーナスをプレゼント！*
`白銀の果実 X 1
`_2023-11-04 19:36:44_
--------
*687c82e64cf4967bb8bce10bd7a08649*
`登陆天数: 50天 / 295天
等级: 127
石头: 918
呼符: 21
体力: 305.50666666666666 / 137
友情点: 0 / 306340`
*連続ログイン1日目
※ログインが途切れるか、7日到達すると
1日目から再開されます*
`フレンドポイント X 2000
11月交換券(2023) X 1
`*聖杯戦線 ～白天の城、黒夜の城～開幕記念 ログインボーナス*
*開催期間中、1日1回 最大21回ログインボーナスをプレゼント！*
`白銀の果実 X 1
`_2023-11-04 19:36:53_
--------
*1a740336e4fd822f5ffa1ec46c4fcae8*
`登陆天数: 50天 / 290天
等级: 127
石头: 918
呼符: 21
体力: 303.83333333333337 / 137
友情点: 0 / 316290`
*連続ログイン1日目
※ログインが途切れるか、7日到達すると
1日目から再開されます*
`フレンドポイント X 2000
11月交換券(2023) X 1
`*聖杯戦線 ～白天の城、黒夜の城～開幕記念 ログインボーナス*
*開催期間中、1日1回 最大21回ログインボーナスをプレゼント！*
`白銀の果実 X 1
`_2023-11-04 19:37:01_
--------
*4b3d8756f8e2f4fc5b74af43b3bbfcaf*
`登陆天数: 73天 / 293天
等级: 127
石头: 920
呼符: 21
体力: 17.656666666666666 / 137
友情点: 0 / 321420`
_2023-11-04 19:37:09_
--------
*9784ffa8753e20950ffd49f6cc750752*
`登陆天数: 73天 / 295天
等级: 127
石头: 920
呼符: 21
体力: 305.76 / 137
友情点: 0 / 303855`
*連続ログイン3日目
※ログインが途切れるか、7日到達すると
1日目から再開されます*
`叡智の業火 X 1
11月交換券(2023) X 1
`*聖杯戦線 ～白天の城、黒夜の城～開幕記念 ログインボーナス*
*開催期間中、1日1回 最大21回ログインボーナスをプレゼント！*
`白銀の果実 X 1
`_2023-11-04 19:37:18_
--------
*c16d1edb786c0d123633788fbd5976d9*
`登陆天数: 50天 / 294天
等级: 127
石头: 917
呼符: 21
体力: 304.21000000000004 / 137
友情点: 0 / 318535`
*連続ログイン1日目
※ログインが途切れるか、7日到達すると
1日目から再開されます*
`フレンドポイント X 2000
11月交換券(2023) X 1
`*聖杯戦線 ～白天の城、黒夜の城～開幕記念 ログインボーナス*
*開催期間中、1日1回 最大21回ログインボーナスをプレゼント！*
`白銀の果実 X 1
`_2023-11-04 19:37:26_
--------
*74c3c855b0312f8e225d48913a8d0b7c*
`登陆天数: 50天 / 293天
等级: 127
石头: 917
呼符: 21
体力: 303.73 / 137
友情点: 0 / 319440`
*連続ログイン1日目
※ログインが途切れるか、7日到達すると
1日目から再開されます*
`フレンドポイント X 2000
11月交換券(2023) X 1
`*聖杯戦線 ～白天の城、黒夜の城～開幕記念 ログインボーナス*
*開催期間中、1日1回 最大21回ログインボーナスをプレゼント！*
`白銀の果実 X 1
`_2023-11-04 19:37:35_
--------
*12cf57a3910979f963101258a65d5efe*
`登陆天数: 73天 / 302天
等级: 127
石头: 949
呼符: 21
体力: 18.78666666666666 / 137
友情点: 0 / 317005`
_2023-11-04 19:37:44_
--------
*225a8eaae77b22933c187710eced3d2c*
`登陆天数: 73天 / 303天
等级: 127
石头: 949
呼符: 21
体力: 18.58 / 137
友情点: 0 / 311080`
_2023-11-04 19:37:52_
--------
*0f68f0cb0f85bfc0db519b83a05367b9*
`登陆天数: 73天 / 296天
等级: 127
石头: 919
呼符: 21
体力: 17.976666666666674 / 137
友情点: 0 / 321480`
_2023-11-04 19:38:00_
--------
*2bd80a08008d5a89527a660f2d07296f*
`登陆天数: 73天 / 306天
等级: 127
石头: 949
呼符: 21
体力: 17.930000000000007 / 137
友情点: 0 / 313640`
_2023-11-04 19:38:08_
--------
*9a92f214ccb590e1b4436ac421865d0c*
`登陆天数: 73天 / 299天
等级: 127
石头: 918
呼符: 21
体力: 18.28333333333333 / 137
友情点: 0 / 325700`
_2023-11-04 19:38:17_
--------
*1c36a484c419665d4271fce31f6e6407*
`登陆天数: 73天 / 297天
等级: 127
石头: 918
呼符: 21
体力: 17.953333333333333 / 137
友情点: 0 / 322630`
_2023-11-04 19:38:25_
--------
*4afad1ed73d39a0df285ce3a340c870b*
`登陆天数: 73天 / 296天
等级: 127
石头: 918
呼符: 21
体力: 305.90999999999997 / 137
友情点: 0 / 313330`
*連続ログイン3日目
※ログインが途切れるか、7日到達すると
1日目から再開されます*
`叡智の業火 X 1
11月交換券(2023) X 1
`*聖杯戦線 ～白天の城、黒夜の城～開幕記念 ログインボーナス*
*開催期間中、1日1回 最大21回ログインボーナスをプレゼント！*
`白銀の果実 X 1
`_2023-11-04 19:38:33_
--------
*0a32d18ff1f57de2334c8c501e7507e5*
`登陆天数: 50天 / 290天
等级: 127
石头: 915
呼符: 21
体力: 305.7733333333333 / 137
友情点: 0 / 317595`
*連続ログイン1日目
※ログインが途切れるか、7日到達すると
1日目から再開されます*
`フレンドポイント X 2000
11月交換券(2023) X 1
`*聖杯戦線 ～白天の城、黒夜の城～開幕記念 ログインボーナス*
*開催期間中、1日1回 最大21回ログインボーナスをプレゼント！*
`白銀の果実 X 1
`_2023-11-04 19:38:41_
--------
*e8df6d868be60ca343c7f1f43e84c049*
`登陆天数: 50天 / 292天
等级: 127
石头: 915
呼符: 21
体力: 305.6433333333333 / 137
友情点: 0 / 321330`
*連続ログイン1日目
※ログインが途切れるか、7日到達すると
1日目から再開されます*
`フレンドポイント X 2000
11月交換券(2023) X 1
`*聖杯戦線 ～白天の城、黒夜の城～開幕記念 ログインボーナス*
*開催期間中、1日1回 最大21回ログインボーナスをプレゼント！*
`白銀の果実 X 1
`_2023-11-04 19:38:50_
--------
*ec956a427cb2ae9d188ea518d8453f1f*
`登陆天数: 50天 / 292天
等级: 127
石头: 915
呼符: 21
体力: 305.56666666666666 / 137
友情点: 0 / 315800`
*連続ログイン1日目
※ログインが途切れるか、7日到達すると
1日目から再開されます*
`フレンドポイント X 2000
11月交換券(2023) X 1
`*聖杯戦線 ～白天の城、黒夜の城～開幕記念 ログインボーナス*
*開催期間中、1日1回 最大21回ログインボーナスをプレゼント！*
`白銀の果実 X 1
`_2023-11-04 19:38:58_
--------
*97c5c9a42740d318ceeeb94ee2081a6a*
`登陆天数: 50天 / 296天
等级: 127
石头: 915
呼符: 21
体力: 304.49 / 137
友情点: 0 / 316105`
*連続ログイン1日目
※ログインが途切れるか、7日到達すると
1日目から再開されます*
`フレンドポイント X 2000
11月交換券(2023) X 1
`*聖杯戦線 ～白天の城、黒夜の城～開幕記念 ログインボーナス*
*開催期間中、1日1回 最大21回ログインボーナスをプレゼント！*
`白銀の果実 X 1
`_2023-11-04 19:39:07_
--------
*cc0a67e34eccace982260426604764eb*
`登陆天数: 50天 / 293天
等级: 127
石头: 914
呼符: 21
体力: 306.00666666666666 / 137
友情点: 0 / 311090`
*連続ログイン1日目
※ログインが途切れるか、7日到達すると
1日目から再開されます*
`フレンドポイント X 2000
11月交換券(2023) X 1
`*聖杯戦線 ～白天の城、黒夜の城～開幕記念 ログインボーナス*
*開催期間中、1日1回 最大21回ログインボーナスをプレゼント！*
`白銀の果実 X 1
`_2023-11-04 19:39:15_
--------
*877f1d427f2a104bd2388e93cef92dc9*
`登陆天数: 50天 / 293天
等级: 127
石头: 914
呼符: 21
体力: 305.9433333333333 / 137
友情点: 0 / 311820`
*連続ログイン1日目
※ログインが途切れるか、7日到達すると
1日目から再開されます*
`フレンドポイント X 2000
11月交換券(2023) X 1
`*聖杯戦線 ～白天の城、黒夜の城～開幕記念 ログインボーナス*
*開催期間中、1日1回 最大21回ログインボーナスをプレゼント！*
`白銀の果実 X 1
`_2023-11-04 19:39:24_
--------
*3750d9d985163cc4ef0b522167941870*
`登陆天数: 50天 / 295天
等级: 127
石头: 914
呼符: 21
体力: 304.55333333333334 / 137
友情点: 0 / 313540`
*連続ログイン1日目
※ログインが途切れるか、7日到達すると
1日目から再開されます*
`フレンドポイント X 2000
11月交換券(2023) X 1
`*聖杯戦線 ～白天の城、黒夜の城～開幕記念 ログインボーナス*
*開催期間中、1日1回 最大21回ログインボーナスをプレゼント！*
`白銀の果実 X 1
`_2023-11-04 19:39:32_
--------
*f2a62f5527634d6d74baa43bd5cfd545*
`登陆天数: 73天 / 321天
等级: 127
石头: 916
呼符: 21
体力: 21.11666666666666 / 137
友情点: 0 / 316850`
_2023-11-04 19:39:41_
--------
*0738db1a1581d406928ffdffc317ef1c*
`登陆天数: 73天 / 296天
等级: 127
石头: 915
呼符: 21
体力: 18.560000000000002 / 137
友情点: 0 / 317910`
_2023-11-04 19:39:49_
--------
*87324dce569d7de20bc06d949b67e95b*
`登陆天数: 73天 / 301天
等级: 127
石头: 945
呼符: 21
体力: 18.439999999999998 / 137
友情点: 0 / 322810`
_2023-11-04 19:39:57_
--------
*65f091251c467362e382d5097e4e94c5*
`登陆天数: 50天 / 292天
等级: 127
石头: 912
呼符: 21
体力: 305.99666666666667 / 137
友情点: 0 / 316915`
*連続ログイン1日目
※ログインが途切れるか、7日到達すると
1日目から再開されます*
`フレンドポイント X 2000
11月交換券(2023) X 1
`*聖杯戦線 ～白天の城、黒夜の城～開幕記念 ログインボーナス*
*開催期間中、1日1回 最大21回ログインボーナスをプレゼント！*
`白銀の果実 X 1
`_2023-11-04 19:40:05_
--------
*713a6c638659b02bb0e095b55712c92f*
`登陆天数: 50天 / 295天
等级: 127
石头: 912
呼符: 21
体力: 304.72333333333336 / 137
友情点: 0 / 310690`
*連続ログイン1日目
※ログインが途切れるか、7日到達すると
1日目から再開されます*
`フレンドポイント X 2000
11月交換券(2023) X 1
`*聖杯戦線 ～白天の城、黒夜の城～開幕記念 ログインボーナス*
*開催期間中、1日1回 最大21回ログインボーナスをプレゼント！*
`白銀の果実 X 1
`_2023-11-04 19:40:13_
--------
*5c5765493317bf7c7c1cfda672a3f760*
`登陆天数: 50天 / 290天
等级: 127
石头: 911
呼符: 21
体力: 301.39666666666665 / 137
友情点: 0 / 320805`
*連続ログイン1日目
※ログインが途切れるか、7日到達すると
1日目から再開されます*
`フレンドポイント X 2000
11月交換券(2023) X 1
`*聖杯戦線 ～白天の城、黒夜の城～開幕記念 ログインボーナス*
*開催期間中、1日1回 最大21回ログインボーナスをプレゼント！*
`白銀の果実 X 1
`_2023-11-04 19:40:21_
--------
*e35cb0477aed5e817de5b4d2f107762f*
`登陆天数: 50天 / 296天
等级: 127
石头: 911
呼符: 21
体力: 304.69 / 137
友情点: 0 / 313495`
*連続ログイン1日目
※ログインが途切れるか、7日到達すると
1日目から再開されます*
`フレンドポイント X 2000
11月交換券(2023) X 1
`*聖杯戦線 ～白天の城、黒夜の城～開幕記念 ログインボーナス*
*開催期間中、1日1回 最大21回ログインボーナスをプレゼント！*
`白銀の果実 X 1
`_2023-11-04 19:40:30_
--------
*3cd3f122603ef5273d70819634e44cf3*
`登陆天数: 50天 / 290天
等级: 127
石头: 911
呼符: 21
体力: 304.61333333333334 / 137
友情点: 0 / 315835`
*連続ログイン1日目
※ログインが途切れるか、7日到達すると
1日目から再開されます*
`フレンドポイント X 2000
11月交換券(2023) X 1
`*聖杯戦線 ～白天の城、黒夜の城～開幕記念 ログインボーナス*
*開催期間中、1日1回 最大21回ログインボーナスをプレゼント！*
`白銀の果実 X 1
`_2023-11-04 19:40:38_
--------
*8aed89de092ebb603b06925066eac26f*
`登陆天数: 50天 / 294天
等级: 127
石头: 911
呼符: 21
体力: 304.62666666666667 / 137
友情点: 0 / 315375`
*連続ログイン1日目
※ログインが途切れるか、7日到達すると
1日目から再開されます*
`フレンドポイント X 2000
11月交換券(2023) X 1
`*聖杯戦線 ～白天の城、黒夜の城～開幕記念 ログインボーナス*
*開催期間中、1日1回 最大21回ログインボーナスをプレゼント！*
`白銀の果実 X 1
`_2023-11-04 19:40:47_
--------
*7d5b485b9dc70658db01b2557f0b75d3*
`登陆天数: 50天 / 291天
等级: 127
石头: 910
呼符: 21
体力: 306.35333333333335 / 137
友情点: 0 / 313035`
*連続ログイン1日目
※ログインが途切れるか、7日到達すると
1日目から再開されます*
`フレンドポイント X 2000
11月交換券(2023) X 1
`*聖杯戦線 ～白天の城、黒夜の城～開幕記念 ログインボーナス*
*開催期間中、1日1回 最大21回ログインボーナスをプレゼント！*
`白銀の果実 X 1
`_2023-11-04 19:40:55_
--------
*a36f10cec5fa2d73bfab443613bbd1b3*
`登陆天数: 50天 / 292天
等级: 127
石头: 910
呼符: 21
体力: 306.03 / 137
友情点: 0 / 308715`
*連続ログイン1日目
※ログインが途切れるか、7日到達すると
1日目から再開されます*
`フレンドポイント X 2000
11月交換券(2023) X 1
`*聖杯戦線 ～白天の城、黒夜の城～開幕記念 ログインボーナス*
*開催期間中、1日1回 最大21回ログインボーナスをプレゼント！*
`白銀の果実 X 1
`_2023-11-04 19:41:04_
--------
*c80764f3b605d233d9b0aff1daf77dd7*
`登陆天数: 50天 / 294天
等级: 127
石头: 910
呼符: 21
体力: 304.4666666666667 / 137
友情点: 0 / 318335`
*連続ログイン1日目
※ログインが途切れるか、7日到達すると
1日目から再開されます*
`フレンドポイント X 2000
11月交換券(2023) X 1
`*聖杯戦線 ～白天の城、黒夜の城～開幕記念 ログインボーナス*
*開催期間中、1日1回 最大21回ログインボーナスをプレゼント！*
`白銀の果実 X 1
`_2023-11-04 19:41:12_
--------
*2b9b5070da339233d44ada158b6810de*
`登陆天数: 50天 / 293天
等级: 127
石头: 909
呼符: 21
体力: 306.33333333333337 / 137
友情点: 0 / 316895`
*連続ログイン1日目
※ログインが途切れるか、7日到達すると
1日目から再開されます*
`フレンドポイント X 2000
11月交換券(2023) X 1
`*聖杯戦線 ～白天の城、黒夜の城～開幕記念 ログインボーナス*
*開催期間中、1日1回 最大21回ログインボーナスをプレゼント！*
`白銀の果実 X 1
`_2023-11-04 19:41:20_
--------
*60d8075aa705834041fa41f95c8b5a5f*
`登陆天数: 50天 / 291天
等级: 127
石头: 909
呼符: 21
体力: 306.06333333333333 / 137
友情点: 0 / 313955`
*連続ログイン1日目
※ログインが途切れるか、7日到達すると
1日目から再開されます*
`フレンドポイント X 2000
11月交換券(2023) X 1
`*聖杯戦線 ～白天の城、黒夜の城～開幕記念 ログインボーナス*
*開催期間中、1日1回 最大21回ログインボーナスをプレゼント！*
`白銀の果実 X 1
`_2023-11-04 19:41:29_
--------
*2a89cd594b2fe24f0a41abef45031c7a*
`登陆天数: 50天 / 294天
等级: 127
石头: 909
呼符: 21
体力: 304.80333333333334 / 137
友情点: 0 / 318840`
*連続ログイン1日目
※ログインが途切れるか、7日到達すると
1日目から再開されます*
`フレンドポイント X 2000
11月交換券(2023) X 1
`*聖杯戦線 ～白天の城、黒夜の城～開幕記念 ログインボーナス*
*開催期間中、1日1回 最大21回ログインボーナスをプレゼント！*
`白銀の果実 X 1
`_2023-11-04 19:41:37_
--------
*e5980d3362c3738a5546f88108633e22*
`登陆天数: 50天 / 289天
等级: 127
石头: 908
呼符: 21
体力: 304.87666666666667 / 137
友情点: 0 / 313460`
*連続ログイン1日目
※ログインが途切れるか、7日到達すると
1日目から再開されます*
`フレンドポイント X 2000
11月交換券(2023) X 1
`*聖杯戦線 ～白天の城、黒夜の城～開幕記念 ログインボーナス*
*開催期間中、1日1回 最大21回ログインボーナスをプレゼント！*
`白銀の果実 X 1
`_2023-11-04 19:41:45_
--------
*efac09935274560f1dd5cfaffa312bb7*
`登陆天数: 73天 / 300天
等级: 127
石头: 940
呼符: 21
体力: 19.700000000000003 / 137
友情点: 0 / 322205`
_2023-11-04 19:41:54_
--------
*7600ca1c3061039ee661607b438a597b*
`登陆天数: 73天 / 302天
等级: 127
石头: 940
呼符: 21
体力: 19.090000000000003 / 137
友情点: 0 / 318680`
_2023-11-04 19:42:03_
--------
*b5537792ce0501222af1643cf8dd041b*
`登陆天数: 73天 / 298天
等级: 127
石头: 910
呼符: 21
体力: 18.796666666666667 / 137
友情点: 0 / 319690`
_2023-11-04 19:42:11_
--------
*3663c71249ea54cf5535a60cf5c1213f*
`登陆天数: 50天 / 294天
等级: 127
石头: 907
呼符: 21
体力: 304.75 / 137
友情点: 0 / 320965`
*連続ログイン1日目
※ログインが途切れるか、7日到達すると
1日目から再開されます*
`フレンドポイント X 2000
11月交換券(2023) X 1
`*聖杯戦線 ～白天の城、黒夜の城～開幕記念 ログインボーナス*
*開催期間中、1日1回 最大21回ログインボーナスをプレゼント！*
`白銀の果実 X 1
`_2023-11-04 19:42:19_
--------
*6bc359bad793a23f639c140186ea4b44*
`登陆天数: 50天 / 293天
等级: 127
石头: 907
呼符: 21
体力: 304.8466666666667 / 137
友情点: 0 / 317545`
*連続ログイン1日目
※ログインが途切れるか、7日到達すると
1日目から再開されます*
`フレンドポイント X 2000
11月交換券(2023) X 1
`*聖杯戦線 ～白天の城、黒夜の城～開幕記念 ログインボーナス*
*開催期間中、1日1回 最大21回ログインボーナスをプレゼント！*
`白銀の果実 X 1
`_2023-11-04 19:42:28_
--------
*0b4fa3057c68b6003449be39225f0cae*
`登陆天数: 73天 / 295天
等级: 127
石头: 909
呼符: 21
体力: 17.00666666666666 / 137
友情点: 0 / 299905`
_2023-11-04 19:42:36_
--------
*cb8bd6bbf6e9bb44fe075accb48c43a4*
`登陆天数: 50天 / 294天
等级: 127
石头: 906
呼符: 21
体力: 306.65999999999997 / 137
友情点: 0 / 306800`
*連続ログイン1日目
※ログインが途切れるか、7日到達すると
1日目から再開されます*
`フレンドポイント X 2000
11月交換券(2023) X 1
`*聖杯戦線 ～白天の城、黒夜の城～開幕記念 ログインボーナス*
*開催期間中、1日1回 最大21回ログインボーナスをプレゼント！*
`白銀の果実 X 1
`_2023-11-04 19:42:44_
--------
*6a78177829a3c298b77a195536c65361*
`登陆天数: 50天 / 291天
等级: 127
石头: 906
呼符: 21
体力: 306.57 / 137
友情点: 0 / 319895`
*連続ログイン1日目
※ログインが途切れるか、7日到達すると
1日目から再開されます*
`フレンドポイント X 2000
11月交換券(2023) X 1
`*聖杯戦線 ～白天の城、黒夜の城～開幕記念 ログインボーナス*
*開催期間中、1日1回 最大21回ログインボーナスをプレゼント！*
`白銀の果実 X 1
`_2023-11-04 19:42:53_
--------
*fcd7a2c6e4066b5cecea956202dc358f*
`登陆天数: 73天 / 301天
等级: 127
石头: 938
呼符: 21
体力: 19.076666666666668 / 137
友情点: 0 / 315965`
_2023-11-04 19:43:02_
--------
*3d77b8269909126dbdc87ec4ba9556fc*
`登陆天数: 73天 / 292天
等级: 127
石头: 908
呼符: 21
体力: 306.98333333333335 / 137
友情点: 0 / 307350`
_2023-11-04 19:43:09_
--------
