【登录信息】
*006f192276115cf0d1cf1865925ea9c8*
`登陆天数: 74天 / 300天
等级: 127
石头: 952
呼符: 21
体力: 19.88333333333334 / 137
友情点: 0 / 324130`
_2023-11-05 19:36:07_
--------
*ff9606b069528679fcb62114c8da6cd2*
`登陆天数: 74天 / 310天
等级: 127
石头: 952
呼符: 21
体力: 18.980000000000004 / 137
友情点: 0 / 320505`
_2023-11-05 19:36:15_
--------
*b50ee2f0cdac3fa156753b1531b8d73d*
`登陆天数: 51天 / 293天
等级: 127
石头: 918
呼符: 21
体力: 303.5133333333333 / 137
友情点: 0 / 308740`
*連続ログイン2日目
※ログインが途切れるか、7日到達すると
1日目から再開されます*
`聖晶石 X 1
11月交換券(2023) X 1
`*聖杯戦線 ～白天の城、黒夜の城～開幕記念 ログインボーナス*
*開催期間中、1日1回 最大21回ログインボーナスをプレゼント！*
`白銀の果実 X 1
`_2023-11-05 19:36:23_
--------
*687c82e64cf4967bb8bce10bd7a08649*
`登陆天数: 51天 / 296天
等级: 127
石头: 918
呼符: 21
体力: 303.49666666666667 / 137
友情点: 0 / 308340`
*連続ログイン2日目
※ログインが途切れるか、7日到達すると
1日目から再開されます*
`聖晶石 X 1
11月交換券(2023) X 1
`*聖杯戦線 ～白天の城、黒夜の城～開幕記念 ログインボーナス*
*開催期間中、1日1回 最大21回ログインボーナスをプレゼント！*
`白銀の果実 X 1
`_2023-11-05 19:36:31_
--------
*1a740336e4fd822f5ffa1ec46c4fcae8*
`登陆天数: 51天 / 291天
等级: 127
石头: 918
呼符: 21
体力: 301.8666666666667 / 137
友情点: 0 / 318290`
*連続ログイン2日目
※ログインが途切れるか、7日到達すると
1日目から再開されます*
`聖晶石 X 1
11月交換券(2023) X 1
`*聖杯戦線 ～白天の城、黒夜の城～開幕記念 ログインボーナス*
*開催期間中、1日1回 最大21回ログインボーナスをプレゼント！*
`白銀の果実 X 1
`_2023-11-05 19:36:38_
--------
*4b3d8756f8e2f4fc5b74af43b3bbfcaf*
`登陆天数: 74天 / 294天
等级: 127
石头: 921
呼符: 21
体力: 19.326666666666668 / 137
友情点: 0 / 321420`
_2023-11-05 19:36:46_
--------
*9784ffa8753e20950ffd49f6cc750752*
`登陆天数: 74天 / 296天
等级: 127
石头: 920
呼符: 21
体力: 303.6 / 137
友情点: 0 / 303855`
*連続ログイン4日目
※ログインが途切れるか、7日到達すると
1日目から再開されます*
`聖晶石 X 1
11月交換券(2023) X 1
`*聖杯戦線 ～白天の城、黒夜の城～開幕記念 ログインボーナス*
*開催期間中、1日1回 最大21回ログインボーナスをプレゼント！*
`白銀の果実 X 1
`_2023-11-05 19:36:54_
--------
*c16d1edb786c0d123633788fbd5976d9*
`登陆天数: 51天 / 295天
等级: 127
石头: 917
呼符: 21
体力: 302.3066666666667 / 137
友情点: 0 / 320535`
*連続ログイン2日目
※ログインが途切れるか、7日到達すると
1日目から再開されます*
`聖晶石 X 1
11月交換券(2023) X 1
`*聖杯戦線 ～白天の城、黒夜の城～開幕記念 ログインボーナス*
*開催期間中、1日1回 最大21回ログインボーナスをプレゼント！*
`白銀の果実 X 1
`_2023-11-05 19:37:02_
--------
*74c3c855b0312f8e225d48913a8d0b7c*
`登陆天数: 51天 / 294天
等级: 127
石头: 917
呼符: 21
体力: 301.57666666666665 / 137
友情点: 0 / 321440`
*連続ログイン2日目
※ログインが途切れるか、7日到達すると
1日目から再開されます*
`聖晶石 X 1
11月交換券(2023) X 1
`*聖杯戦線 ～白天の城、黒夜の城～開幕記念 ログインボーナス*
*開催期間中、1日1回 最大21回ログインボーナスをプレゼント！*
`白銀の果実 X 1
`_2023-11-05 19:37:10_
--------
*12cf57a3910979f963101258a65d5efe*
`登陆天数: 74天 / 303天
等级: 127
石头: 950
呼符: 21
体力: 20.813333333333333 / 137
友情点: 0 / 317005`
_2023-11-05 19:37:18_
--------
*225a8eaae77b22933c187710eced3d2c*
`登陆天数: 74天 / 304天
等级: 127
石头: 950
呼符: 21
体力: 20.49333333333334 / 137
友情点: 0 / 311080`
_2023-11-05 19:37:25_
--------
*0f68f0cb0f85bfc0db519b83a05367b9*
`登陆天数: 74天 / 297天
等级: 127
石头: 920
呼符: 21
体力: 19.53666666666666 / 137
友情点: 0 / 321480`
_2023-11-05 19:37:33_
--------
*2bd80a08008d5a89527a660f2d07296f*
`登陆天数: 74天 / 307天
等级: 127
石头: 950
呼符: 21
体力: 19.516666666666666 / 137
友情点: 0 / 313640`
_2023-11-05 19:37:40_
--------
*9a92f214ccb590e1b4436ac421865d0c*
`登陆天数: 74天 / 300天
等级: 127
石头: 949
呼符: 21
体力: 20.150000000000006 / 137
友情点: 0 / 325700`
_2023-11-05 19:37:48_
--------
*1c36a484c419665d4271fce31f6e6407*
`登陆天数: 74天 / 298天
等级: 127
石头: 919
呼符: 21
体力: 19.58 / 137
友情点: 0 / 322630`
_2023-11-05 19:37:55_
--------
*4afad1ed73d39a0df285ce3a340c870b*
`登陆天数: 74天 / 297天
等级: 127
石头: 918
呼符: 21
体力: 303.85 / 137
友情点: 0 / 313330`
*連続ログイン4日目
※ログインが途切れるか、7日到達すると
1日目から再開されます*
`聖晶石 X 1
11月交換券(2023) X 1
`*聖杯戦線 ～白天の城、黒夜の城～開幕記念 ログインボーナス*
*開催期間中、1日1回 最大21回ログインボーナスをプレゼント！*
`白銀の果実 X 1
`_2023-11-05 19:38:03_
--------
*0a32d18ff1f57de2334c8c501e7507e5*
`登陆天数: 51天 / 291天
等级: 127
石头: 915
呼符: 21
体力: 303.8 / 137
友情点: 0 / 319595`
*連続ログイン2日目
※ログインが途切れるか、7日到達すると
1日目から再開されます*
`聖晶石 X 1
11月交換券(2023) X 1
`*聖杯戦線 ～白天の城、黒夜の城～開幕記念 ログインボーナス*
*開催期間中、1日1回 最大21回ログインボーナスをプレゼント！*
`白銀の果実 X 1
`_2023-11-05 19:38:11_
--------
*e8df6d868be60ca343c7f1f43e84c049*
`登陆天数: 51天 / 293天
等级: 127
石头: 915
呼符: 21
体力: 300.99 / 137
友情点: 0 / 323330`
*連続ログイン2日目
※ログインが途切れるか、7日到達すると
1日目から再開されます*
`聖晶石 X 1
11月交換券(2023) X 1
`*聖杯戦線 ～白天の城、黒夜の城～開幕記念 ログインボーナス*
*開催期間中、1日1回 最大21回ログインボーナスをプレゼント！*
`白銀の果実 X 1
`_2023-11-05 19:38:19_
--------
*ec956a427cb2ae9d188ea518d8453f1f*
`登陆天数: 51天 / 293天
等级: 127
石头: 915
呼符: 21
体力: 298.37666666666667 / 137
友情点: 0 / 317800`
*連続ログイン2日目
※ログインが途切れるか、7日到達すると
1日目から再開されます*
`聖晶石 X 1
11月交換券(2023) X 1
`*聖杯戦線 ～白天の城、黒夜の城～開幕記念 ログインボーナス*
*開催期間中、1日1回 最大21回ログインボーナスをプレゼント！*
`白銀の果実 X 1
`_2023-11-05 19:38:27_
--------
*97c5c9a42740d318ceeeb94ee2081a6a*
`登陆天数: 51天 / 297天
等级: 127
石头: 915
呼符: 21
体力: 302.5566666666667 / 137
友情点: 0 / 318105`
*連続ログイン2日目
※ログインが途切れるか、7日到達すると
1日目から再開されます*
`聖晶石 X 1
11月交換券(2023) X 1
`*聖杯戦線 ～白天の城、黒夜の城～開幕記念 ログインボーナス*
*開催期間中、1日1回 最大21回ログインボーナスをプレゼント！*
`白銀の果実 X 1
`_2023-11-05 19:38:35_
--------
*cc0a67e34eccace982260426604764eb*
`登陆天数: 51天 / 294天
等级: 127
石头: 914
呼符: 21
体力: 303.9666666666667 / 137
友情点: 0 / 313090`
*連続ログイン2日目
※ログインが途切れるか、7日到達すると
1日目から再開されます*
`聖晶石 X 1
11月交換券(2023) X 1
`*聖杯戦線 ～白天の城、黒夜の城～開幕記念 ログインボーナス*
*開催期間中、1日1回 最大21回ログインボーナスをプレゼント！*
`白銀の果実 X 1
`_2023-11-05 19:38:43_
--------
*877f1d427f2a104bd2388e93cef92dc9*
`登陆天数: 51天 / 294天
等级: 127
石头: 914
呼符: 21
体力: 303.88666666666666 / 137
友情点: 0 / 313820`
*連続ログイン2日目
※ログインが途切れるか、7日到達すると
1日目から再開されます*
`聖晶石 X 1
11月交換券(2023) X 1
`*聖杯戦線 ～白天の城、黒夜の城～開幕記念 ログインボーナス*
*開催期間中、1日1回 最大21回ログインボーナスをプレゼント！*
`白銀の果実 X 1
`_2023-11-05 19:38:51_
--------
*3750d9d985163cc4ef0b522167941870*
`登陆天数: 51天 / 296天
等级: 127
石头: 914
呼符: 21
体力: 302.65 / 137
友情点: 0 / 315540`
*連続ログイン2日目
※ログインが途切れるか、7日到達すると
1日目から再開されます*
`聖晶石 X 1
11月交換券(2023) X 1
`*聖杯戦線 ～白天の城、黒夜の城～開幕記念 ログインボーナス*
*開催期間中、1日1回 最大21回ログインボーナスをプレゼント！*
`白銀の果実 X 1
`_2023-11-05 19:38:59_
--------
*f2a62f5527634d6d74baa43bd5cfd545*
`登陆天数: 74天 / 322天
等级: 127
石头: 917
呼符: 21
体力: 22.11333333333333 / 137
友情点: 0 / 316850`
_2023-11-05 19:39:07_
--------
*0738db1a1581d406928ffdffc317ef1c*
`登陆天数: 74天 / 297天
等级: 127
石头: 916
呼符: 21
体力: 20.28666666666666 / 137
友情点: 0 / 317910`
_2023-11-05 19:39:15_
--------
*87324dce569d7de20bc06d949b67e95b*
`登陆天数: 74天 / 302天
等级: 127
石头: 946
呼符: 21
体力: 20.019999999999996 / 137
友情点: 0 / 322810`
_2023-11-05 19:39:22_
--------
*65f091251c467362e382d5097e4e94c5*
`登陆天数: 51天 / 293天
等级: 127
石头: 912
呼符: 21
体力: 303.93666666666667 / 137
友情点: 0 / 318915`
*連続ログイン2日目
※ログインが途切れるか、7日到達すると
1日目から再開されます*
`聖晶石 X 1
11月交換券(2023) X 1
`*聖杯戦線 ～白天の城、黒夜の城～開幕記念 ログインボーナス*
*開催期間中、1日1回 最大21回ログインボーナスをプレゼント！*
`白銀の果実 X 1
`_2023-11-05 19:39:30_
--------
*713a6c638659b02bb0e095b55712c92f*
`登陆天数: 51天 / 296天
等级: 127
石头: 912
呼符: 21
体力: 302.8466666666667 / 137
友情点: 0 / 312690`
*連続ログイン2日目
※ログインが途切れるか、7日到達すると
1日目から再開されます*
`聖晶石 X 1
11月交換券(2023) X 1
`*聖杯戦線 ～白天の城、黒夜の城～開幕記念 ログインボーナス*
*開催期間中、1日1回 最大21回ログインボーナスをプレゼント！*
`白銀の果実 X 1
`_2023-11-05 19:39:38_
--------
*5c5765493317bf7c7c1cfda672a3f760*
`登陆天数: 51天 / 291天
等级: 127
石头: 911
呼符: 21
体力: 303.2166666666667 / 137
友情点: 0 / 322805`
*連続ログイン2日目
※ログインが途切れるか、7日到達すると
1日目から再開されます*
`聖晶石 X 1
11月交換券(2023) X 1
`*聖杯戦線 ～白天の城、黒夜の城～開幕記念 ログインボーナス*
*開催期間中、1日1回 最大21回ログインボーナスをプレゼント！*
`白銀の果実 X 1
`_2023-11-05 19:39:46_
--------
*e35cb0477aed5e817de5b4d2f107762f*
`登陆天数: 51天 / 297天
等级: 127
石头: 911
呼符: 21
体力: 302.75666666666666 / 137
友情点: 0 / 315495`
*連続ログイン2日目
※ログインが途切れるか、7日到達すると
1日目から再開されます*
`聖晶石 X 1
11月交換券(2023) X 1
`*聖杯戦線 ～白天の城、黒夜の城～開幕記念 ログインボーナス*
*開催期間中、1日1回 最大21回ログインボーナスをプレゼント！*
`白銀の果実 X 1
`_2023-11-05 19:39:54_
--------
*3cd3f122603ef5273d70819634e44cf3*
`登陆天数: 51天 / 291天
等级: 127
石头: 911
呼符: 21
体力: 302.76 / 137
友情点: 0 / 317835`
*連続ログイン2日目
※ログインが途切れるか、7日到達すると
1日目から再開されます*
`聖晶石 X 1
11月交換券(2023) X 1
`*聖杯戦線 ～白天の城、黒夜の城～開幕記念 ログインボーナス*
*開催期間中、1日1回 最大21回ログインボーナスをプレゼント！*
`白銀の果実 X 1
`_2023-11-05 19:40:02_
--------
*8aed89de092ebb603b06925066eac26f*
`登陆天数: 51天 / 295天
等级: 127
石头: 911
呼符: 21
体力: 302.61333333333334 / 137
友情点: 0 / 317375`
*連続ログイン2日目
※ログインが途切れるか、7日到達すると
1日目から再開されます*
`聖晶石 X 1
11月交換券(2023) X 1
`*聖杯戦線 ～白天の城、黒夜の城～開幕記念 ログインボーナス*
*開催期間中、1日1回 最大21回ログインボーナスをプレゼント！*
`白銀の果実 X 1
`_2023-11-05 19:40:09_
--------
*7d5b485b9dc70658db01b2557f0b75d3*
`登陆天数: 51天 / 292天
等级: 127
石头: 910
呼符: 21
体力: 304.27 / 137
友情点: 0 / 315035`
*連続ログイン2日目
※ログインが途切れるか、7日到達すると
1日目から再開されます*
`聖晶石 X 1
11月交換券(2023) X 1
`*聖杯戦線 ～白天の城、黒夜の城～開幕記念 ログインボーナス*
*開催期間中、1日1回 最大21回ログインボーナスをプレゼント！*
`白銀の果実 X 1
`_2023-11-05 19:40:17_
--------
*a36f10cec5fa2d73bfab443613bbd1b3*
`登陆天数: 51天 / 293天
等级: 127
石头: 910
呼符: 21
体力: 303.93 / 137
友情点: 0 / 310715`
*連続ログイン2日目
※ログインが途切れるか、7日到達すると
1日目から再開されます*
`聖晶石 X 1
11月交換券(2023) X 1
`*聖杯戦線 ～白天の城、黒夜の城～開幕記念 ログインボーナス*
*開催期間中、1日1回 最大21回ログインボーナスをプレゼント！*
`白銀の果実 X 1
`_2023-11-05 19:40:25_
--------
*c80764f3b605d233d9b0aff1daf77dd7*
`登陆天数: 51天 / 295天
等级: 127
石头: 910
呼符: 21
体力: 302.21333333333337 / 137
友情点: 0 / 320335`
*連続ログイン2日目
※ログインが途切れるか、7日到達すると
1日目から再開されます*
`聖晶石 X 1
11月交換券(2023) X 1
`*聖杯戦線 ～白天の城、黒夜の城～開幕記念 ログインボーナス*
*開催期間中、1日1回 最大21回ログインボーナスをプレゼント！*
`白銀の果実 X 1
`_2023-11-05 19:40:33_
--------
*2b9b5070da339233d44ada158b6810de*
`登陆天数: 51天 / 294天
等级: 127
石头: 909
呼符: 21
体力: 304.28 / 137
友情点: 0 / 318895`
*連続ログイン2日目
※ログインが途切れるか、7日到達すると
1日目から再開されます*
`聖晶石 X 1
11月交換券(2023) X 1
`*聖杯戦線 ～白天の城、黒夜の城～開幕記念 ログインボーナス*
*開催期間中、1日1回 最大21回ログインボーナスをプレゼント！*
`白銀の果実 X 1
`_2023-11-05 19:40:41_
--------
*60d8075aa705834041fa41f95c8b5a5f*
`登陆天数: 51天 / 292天
等级: 127
石头: 909
呼符: 21
体力: 303.99 / 137
友情点: 0 / 315955`
*連続ログイン2日目
※ログインが途切れるか、7日到達すると
1日目から再開されます*
`聖晶石 X 1
11月交換券(2023) X 1
`*聖杯戦線 ～白天の城、黒夜の城～開幕記念 ログインボーナス*
*開催期間中、1日1回 最大21回ログインボーナスをプレゼント！*
`白銀の果実 X 1
`_2023-11-05 19:40:49_
--------
*2a89cd594b2fe24f0a41abef45031c7a*
`登陆天数: 51天 / 295天
等级: 127
石头: 909
呼符: 21
体力: 302.69666666666666 / 137
友情点: 0 / 320840`
*連続ログイン2日目
※ログインが途切れるか、7日到達すると
1日目から再開されます*
`聖晶石 X 1
11月交換券(2023) X 1
`*聖杯戦線 ～白天の城、黒夜の城～開幕記念 ログインボーナス*
*開催期間中、1日1回 最大21回ログインボーナスをプレゼント！*
`白銀の果実 X 1
`_2023-11-05 19:40:57_
--------
*e5980d3362c3738a5546f88108633e22*
`登陆天数: 51天 / 290天
等级: 127
石头: 908
呼符: 21
体力: 302.87333333333333 / 137
友情点: 0 / 315460`
*連続ログイン2日目
※ログインが途切れるか、7日到達すると
1日目から再開されます*
`聖晶石 X 1
11月交換券(2023) X 1
`*聖杯戦線 ～白天の城、黒夜の城～開幕記念 ログインボーナス*
*開催期間中、1日1回 最大21回ログインボーナスをプレゼント！*
`白銀の果実 X 1
`_2023-11-05 19:41:04_
--------
*efac09935274560f1dd5cfaffa312bb7*
`登陆天数: 74天 / 301天
等级: 127
石头: 941
呼符: 21
体力: 21.74666666666667 / 137
友情点: 0 / 322205`
_2023-11-05 19:41:12_
--------
*7600ca1c3061039ee661607b438a597b*
`登陆天数: 74天 / 303天
等级: 127
石头: 941
呼符: 21
体力: 20.826666666666668 / 137
友情点: 0 / 318680`
_2023-11-05 19:41:20_
--------
*b5537792ce0501222af1643cf8dd041b*
`登陆天数: 74天 / 299天
等级: 127
石头: 911
呼符: 21
体力: 20.36333333333333 / 137
友情点: 0 / 319690`
_2023-11-05 19:41:28_
--------
*3663c71249ea54cf5535a60cf5c1213f*
`登陆天数: 51天 / 295天
等级: 127
石头: 907
呼符: 21
体力: 302.8233333333333 / 137
友情点: 0 / 322965`
*連続ログイン2日目
※ログインが途切れるか、7日到達すると
1日目から再開されます*
`聖晶石 X 1
11月交換券(2023) X 1
`*聖杯戦線 ～白天の城、黒夜の城～開幕記念 ログインボーナス*
*開催期間中、1日1回 最大21回ログインボーナスをプレゼント！*
`白銀の果実 X 1
`_2023-11-05 19:41:35_
--------
*6bc359bad793a23f639c140186ea4b44*
`登陆天数: 51天 / 294天
等级: 127
石头: 907
呼符: 21
体力: 302.78 / 137
友情点: 0 / 319545`
*連続ログイン2日目
※ログインが途切れるか、7日到達すると
1日目から再開されます*
`聖晶石 X 1
11月交換券(2023) X 1
`*聖杯戦線 ～白天の城、黒夜の城～開幕記念 ログインボーナス*
*開催期間中、1日1回 最大21回ログインボーナスをプレゼント！*
`白銀の果実 X 1
`_2023-11-05 19:41:43_
--------
*0b4fa3057c68b6003449be39225f0cae*
`登陆天数: 74天 / 296天
等级: 127
石头: 909
呼符: 21
体力: 304.85333333333335 / 137
友情点: 0 / 299905`
*連続ログイン4日目
※ログインが途切れるか、7日到達すると
1日目から再開されます*
`聖晶石 X 1
11月交換券(2023) X 1
`*聖杯戦線 ～白天の城、黒夜の城～開幕記念 ログインボーナス*
*開催期間中、1日1回 最大21回ログインボーナスをプレゼント！*
`白銀の果実 X 1
`_2023-11-05 19:41:51_
--------
*cb8bd6bbf6e9bb44fe075accb48c43a4*
`登陆天数: 51天 / 295天
等级: 127
石头: 906
呼符: 21
体力: 304.5866666666667 / 137
友情点: 0 / 308800`
*連続ログイン2日目
※ログインが途切れるか、7日到達すると
1日目から再開されます*
`聖晶石 X 1
11月交換券(2023) X 1
`*聖杯戦線 ～白天の城、黒夜の城～開幕記念 ログインボーナス*
*開催期間中、1日1回 最大21回ログインボーナスをプレゼント！*
`白銀の果実 X 1
`_2023-11-05 19:41:58_
--------
*6a78177829a3c298b77a195536c65361*
`登陆天数: 51天 / 292天
等级: 127
石头: 906
呼符: 21
体力: 304.50666666666666 / 137
友情点: 0 / 321895`
*連続ログイン2日目
※ログインが途切れるか、7日到達すると
1日目から再開されます*
`聖晶石 X 1
11月交換券(2023) X 1
`*聖杯戦線 ～白天の城、黒夜の城～開幕記念 ログインボーナス*
*開催期間中、1日1回 最大21回ログインボーナスをプレゼント！*
`白銀の果実 X 1
`_2023-11-05 19:42:06_
--------
*fcd7a2c6e4066b5cecea956202dc358f*
`登陆天数: 74天 / 302天
等级: 127
石头: 939
呼符: 21
体力: 20.71666666666667 / 137
友情点: 0 / 315965`
_2023-11-05 19:42:14_
--------
*3d77b8269909126dbdc87ec4ba9556fc*
`登陆天数: 74天 / 293天
等级: 127
石头: 908
呼符: 21
体力: 299.15999999999997 / 137
友情点: 0 / 307350`
*連続ログイン4日目
※ログインが途切れるか、7日到達すると
1日目から再開されます*
`聖晶石 X 1
11月交換券(2023) X 1
`*聖杯戦線 ～白天の城、黒夜の城～開幕記念 ログインボーナス*
*開催期間中、1日1回 最大21回ログインボーナスをプレゼント！*
`白銀の果実 X 1
`_2023-11-05 19:42:22_
--------
*2e1f8366f0e77d960c413a56489f0f09*
`登陆天数: 51天 / 292天
等级: 127
石头: 905
呼符: 21
体力: 304.7166666666667 / 137
友情点: 0 / 312400`
*連続ログイン2日目
※ログインが途切れるか、7日到達すると
1日目から再開されます*
`聖晶石 X 1
11月交換券(2023) X 1
`*聖杯戦線 ～白天の城、黒夜の城～開幕記念 ログインボーナス*
*開催期間中、1日1回 最大21回ログインボーナスをプレゼント！*
`白銀の果実 X 1
`_2023-11-05 19:42:30_
--------
