【登录信息】
*b3c2437c12e5a2674104d19c571f7c3e*
`登陆天数: 2天 / 977天
等级: 1
石头: 1995
呼符: 53
体力: 815740.9933333333 / 20
友情点: 0 / 418000`
*連続ログイン2日目
※ログインが途切れるか、7日到達すると
1日目から再開されます*
`聖晶石 X 1
11月交換券(2023) X 1
`_2023-11-06 19:36:17_
--------
*25d604267e55e295e39e835532bd6db2*
`登陆天数: 2天 / 973天
等级: 1
石头: 1995
呼符: 50
体力: 815739.9333333333 / 20
友情点: 0 / 414000`
*連続ログイン2日目
※ログインが途切れるか、7日到達すると
1日目から再開されます*
`聖晶石 X 1
11月交換券(2023) X 1
`_2023-11-06 19:36:25_
--------
*a19a03cf3655e2e31165f1e4a4c8af58*
`登陆天数: 2天 / 974天
等级: 1
石头: 1995
呼符: 76
体力: 815738.6833333333 / 20
友情点: 0 / 414000`
*連続ログイン2日目
※ログインが途切れるか、7日到達すると
1日目から再開されます*
`聖晶石 X 1
11月交換券(2023) X 1
`_2023-11-06 19:36:32_
--------
*fc3604c37106e3726f07f3f0be3ace9b*
`登陆天数: 2天 / 976天
等级: 1
石头: 1994
呼符: 42
体力: 815775.6266666667 / 20
友情点: 0 / 418000`
*連続ログイン2日目
※ログインが途切れるか、7日到達すると
1日目から再開されます*
`聖晶石 X 1
11月交換券(2023) X 1
`_2023-11-06 19:36:40_
--------
*8fb33cba248f278cb3d5b8591e6dca99*
`登陆天数: 2天 / 975天
等级: 1
石头: 1994
呼符: 5
体力: 815765.7766666666 / 20
友情点: 0 / 418000`
*連続ログイン2日目
※ログインが途切れるか、7日到達すると
1日目から再開されます*
`聖晶石 X 1
11月交換券(2023) X 1
`_2023-11-06 19:36:48_
--------
*657f2d53aaf41df8cd3304800ddfbd41*
`登陆天数: 2天 / 976天
等级: 1
石头: 1994
呼符: 65
体力: 815765.58 / 20
友情点: 0 / 418000`
*連続ログイン2日目
※ログインが途切れるか、7日到達すると
1日目から再開されます*
`聖晶石 X 1
11月交換券(2023) X 1
`_2023-11-06 19:36:55_
--------
*92a8703d0fb56d8b23d61b39a1d1367f*
`登陆天数: 2天 / 977天
等级: 1
石头: 1994
呼符: 40
体力: 815765.4833333333 / 20
友情点: 0 / 416000`
*連続ログイン2日目
※ログインが途切れるか、7日到達すると
1日目から再開されます*
`聖晶石 X 1
11月交換券(2023) X 1
`_2023-11-06 19:37:03_
--------
*ec37419ead58314ac78834e9d8e2946e*
`登陆天数: 2天 / 977天
等级: 1
石头: 1994
呼符: 21
体力: 815765.3466666667 / 20
友情点: 0 / 416000`
*連続ログイン2日目
※ログインが途切れるか、7日到達すると
1日目から再開されます*
`聖晶石 X 1
11月交換券(2023) X 1
`_2023-11-06 19:37:10_
--------
*cba4e0d288ef3927a142d5d963570592*
`登陆天数: 2天 / 975天
等级: 1
石头: 1994
呼符: 6
体力: 815764.04 / 20
友情点: 0 / 414000`
*連続ログイン2日目
※ログインが途切れるか、7日到達すると
1日目から再開されます*
`聖晶石 X 1
11月交換券(2023) X 1
`_2023-11-06 19:37:18_
--------
*e97f52770ad757de9bc985f52fc48d7e*
`登陆天数: 2天 / 976天
等级: 1
石头: 1994
呼符: 38
体力: 815762.1 / 20
友情点: 0 / 416000`
*連続ログイン2日目
※ログインが途切れるか、7日到達すると
1日目から再開されます*
`聖晶石 X 1
11月交換券(2023) X 1
`_2023-11-06 19:37:26_
--------
*7307872dd9a842ab153326388c27aa17*
`登陆天数: 2天 / 976天
等级: 1
石头: 1994
呼符: 95
体力: 815761.3133333334 / 20
友情点: 0 / 410000`
*連続ログイン2日目
※ログインが途切れるか、7日到達すると
1日目から再開されます*
`聖晶石 X 1
11月交換券(2023) X 1
`_2023-11-06 19:37:33_
--------
*5cce49c2a9d9db90611ad2ec13bf0e10*
`登陆天数: 2天 / 976天
等级: 1
石头: 1994
呼符: 106
体力: 815760.3266666667 / 20
友情点: 0 / 416000`
*連続ログイン2日目
※ログインが途切れるか、7日到達すると
1日目から再開されます*
`聖晶石 X 1
11月交換券(2023) X 1
`_2023-11-06 19:37:41_
--------
*7993129fa08d1fa70bc275469f74b335*
`登陆天数: 2天 / 977天
等级: 1
石头: 1994
呼符: 0
体力: 815759.9833333333 / 20
友情点: 0 / 414000`
*連続ログイン2日目
※ログインが途切れるか、7日到達すると
1日目から再開されます*
`聖晶石 X 1
11月交換券(2023) X 1
`_2023-11-06 19:37:48_
--------
*bba8971f7fb76f062b9106fb22577c45*
`登陆天数: 2天 / 977天
等级: 1
石头: 1994
呼符: 12
体力: 815758.4 / 20
友情点: 0 / 422000`
*連続ログイン2日目
※ログインが途切れるか、7日到達すると
1日目から再開されます*
`聖晶石 X 1
11月交換券(2023) X 1
`_2023-11-06 19:37:56_
--------
*caa59813116789f997829879f1eb793f*
`登陆天数: 2天 / 975天
等级: 1
石头: 1994
呼符: 4
体力: 815756.1966666667 / 20
友情点: 0 / 416000`
*連続ログイン2日目
※ログインが途切れるか、7日到達すると
1日目から再開されます*
`聖晶石 X 1
11月交換券(2023) X 1
`_2023-11-06 19:38:03_
--------
*c493b9758bc0f0f7d92d620f5d5fc78c*
`登陆天数: 2天 / 974天
等级: 1
石头: 1994
呼符: 67
体力: 815755.4333333333 / 20
友情点: 0 / 418000`
*連続ログイン2日目
※ログインが途切れるか、7日到達すると
1日目から再開されます*
`聖晶石 X 1
11月交換券(2023) X 1
`_2023-11-06 19:38:11_
--------
*627c597baf58605bbc0ccd686bc56cec*
`登陆天数: 2天 / 975天
等级: 1
石头: 1994
呼符: 2
体力: 815750.5633333334 / 20
友情点: 0 / 420000`
*連続ログイン2日目
※ログインが途切れるか、7日到達すると
1日目から再開されます*
`聖晶石 X 1
11月交換券(2023) X 1
`_2023-11-06 19:38:19_
--------
*6021b92cb009941970b846a6342dc566*
`登陆天数: 2天 / 973天
等级: 1
石头: 1994
呼符: 4
体力: 815749.5933333334 / 20
友情点: 0 / 414000`
*連続ログイン2日目
※ログインが途切れるか、7日到達すると
1日目から再開されます*
`聖晶石 X 1
11月交換券(2023) X 1
`_2023-11-06 19:38:26_
--------
*e91e0bb157fbc5ec279343a1edb718b6*
`登陆天数: 2天 / 975天
等级: 1
石头: 1994
呼符: 59
体力: 815740.4666666667 / 20
友情点: 0 / 416000`
*連続ログイン2日目
※ログインが途切れるか、7日到達すると
1日目から再開されます*
`聖晶石 X 1
11月交換券(2023) X 1
`_2023-11-06 19:38:34_
--------
*d14aefe57a7ab339ea8a63bdc3018504*
`登陆天数: 2天 / 971天
等级: 1
石头: 1994
呼符: 17
体力: 815738.0966666667 / 20
友情点: 0 / 414000`
*連続ログイン2日目
※ログインが途切れるか、7日到達すると
1日目から再開されます*
`聖晶石 X 1
11月交換券(2023) X 1
`_2023-11-06 19:38:42_
--------
*f3878d01483c19ca6061d9985d1bd35f*
`登陆天数: 2天 / 972天
等级: 1
石头: 1994
呼符: 93
体力: 815735.27 / 20
友情点: 0 / 414000`
*連続ログイン2日目
※ログインが途切れるか、7日到達すると
1日目から再開されます*
`聖晶石 X 1
11月交換券(2023) X 1
`_2023-11-06 19:38:49_
--------
*54c4787bec0e5b7bfa031d2ab82f3f08*
`登陆天数: 2天 / 976天
等级: 1
石头: 1993
呼符: 32
体力: 815750.7933333333 / 20
友情点: 0 / 418000`
*連続ログイン2日目
※ログインが途切れるか、7日到達すると
1日目から再開されます*
`聖晶石 X 1
11月交換券(2023) X 1
`_2023-11-06 19:38:57_
--------
*4756ab7b5acf6e82763bfc5a78ef4cac*
`登陆天数: 2天 / 968天
等级: 1
石头: 1993
呼符: 76
体力: 815745.16 / 20
友情点: 0 / 416000`
*連続ログイン2日目
※ログインが途切れるか、7日到達すると
1日目から再開されます*
`聖晶石 X 1
11月交換券(2023) X 1
`_2023-11-06 19:39:04_
--------
*12779142ca0559218e9fe5f4e218e900*
`登陆天数: 2天 / 975天
等级: 1
石头: 1993
呼符: 17
体力: 815742.0466666666 / 20
友情点: 0 / 418000`
*連続ログイン2日目
※ログインが途切れるか、7日到達すると
1日目から再開されます*
`聖晶石 X 1
11月交換券(2023) X 1
`_2023-11-06 19:39:12_
--------
*ff3076f7c074fba5cc49c5e0b5d9fe8d*
`登陆天数: 2天 / 984天
等级: 1
石头: 1992
呼符: 33
体力: 816277.6833333333 / 20
友情点: 0 / 416000`
*連続ログイン2日目
※ログインが途切れるか、7日到達すると
1日目から再開されます*
`聖晶石 X 1
11月交換券(2023) X 1
`_2023-11-06 19:39:19_
--------
*b8db1dbc49fd7536d281bce39bdf3d73*
`登陆天数: 2天 / 977天
等级: 1
石头: 1985
呼符: 0
体力: 815740.62 / 20
友情点: 0 / 418000`
*連続ログイン2日目
※ログインが途切れるか、7日到達すると
1日目から再開されます*
`聖晶石 X 1
11月交換券(2023) X 1
`_2023-11-06 19:39:27_
--------
*11f2840937a22f881789eac836984834*
`登陆天数: 2天 / 972天
等级: 1
石头: 1976
呼符: 0
体力: 815739.1166666667 / 20
友情点: 0 / 410000`
*連続ログイン2日目
※ログインが途切れるか、7日到達すると
1日目から再開されます*
`聖晶石 X 1
11月交換券(2023) X 1
`_2023-11-06 19:39:35_
--------
*f4b065bbbc56d43a7753cfb16910cfbd*
`登陆天数: 2天 / 973天
等级: 1
石头: 1973
呼符: 0
体力: 815736.2666666667 / 20
友情点: 0 / 410000`
*連続ログイン2日目
※ログインが途切れるか、7日到達すると
1日目から再開されます*
`聖晶石 X 1
11月交換券(2023) X 1
`_2023-11-06 19:39:42_
--------
*d5de9d64faea9443a61cef403669e08e*
`登陆天数: 2天 / 974天
等级: 1
石头: 1972
呼符: 0
体力: 815746.4233333333 / 20
友情点: 0 / 414000`
*連続ログイン2日目
※ログインが途切れるか、7日到達すると
1日目から再開されます*
`聖晶石 X 1
11月交換券(2023) X 1
`_2023-11-06 19:39:50_
--------
*19db6e86796b4f13ca40d9274b38fd32*
`登陆天数: 2天 / 984天
等级: 1
石头: 1965
呼符: 0
体力: 816277.4433333334 / 20
友情点: 0 / 418000`
*連続ログイン2日目
※ログインが途切れるか、7日到達すると
1日目から再開されます*
`聖晶石 X 1
11月交換券(2023) X 1
`_2023-11-06 19:39:57_
--------
*362525fa1e5537eeb376164afde51eb1*
`登陆天数: 2天 / 973天
等级: 1
石头: 1950
呼符: 0
体力: 815739.92 / 20
友情点: 0 / 410000`
*連続ログイン2日目
※ログインが途切れるか、7日到達すると
1日目から再開されます*
`聖晶石 X 1
11月交換券(2023) X 1
`_2023-11-06 19:40:05_
--------
*b8f47d86cfc2bc03ed4fb6e3943f6b06*
`登陆天数: 2天 / 975天
等级: 1
石头: 1949
呼符: 0
体力: 815739.5933333334 / 20
友情点: 0 / 416000`
*連続ログイン2日目
※ログインが途切れるか、7日到達すると
1日目から再開されます*
`聖晶石 X 1
11月交換券(2023) X 1
`_2023-11-06 19:40:13_
--------
*8880e3b253afa5de0c2f5c90459633ff*
`登陆天数: 2天 / 977天
等级: 1
石头: 1946
呼符: 0
体力: 815755.8433333334 / 20
友情点: 0 / 420000`
*連続ログイン2日目
※ログインが途切れるか、7日到達すると
1日目から再開されます*
`聖晶石 X 1
11月交換券(2023) X 1
`_2023-11-06 19:40:21_
--------
*cea6311f2539931398ec8a5c5721cbba*
`登陆天数: 2天 / 974天
等级: 1
石头: 1937
呼符: 0
体力: 815739.9266666666 / 20
友情点: 0 / 412000`
*連続ログイン2日目
※ログインが途切れるか、7日到達すると
1日目から再開されます*
`聖晶石 X 1
11月交換券(2023) X 1
`_2023-11-06 19:40:28_
--------
*e016b4ca2c2e192d9a56b747e2e6ffa7*
`登陆天数: 2天 / 974天
等级: 1
石头: 1936
呼符: 0
体力: 815740.96 / 20
友情点: 0 / 416000`
*連続ログイン2日目
※ログインが途切れるか、7日到達すると
1日目から再開されます*
`聖晶石 X 1
11月交換券(2023) X 1
`_2023-11-06 19:40:36_
--------
*feb4eeb284518075493334bba17f0889*
`登陆天数: 2天 / 976天
等级: 1
石头: 1928
呼符: 0
体力: 815759.0733333334 / 20
友情点: 0 / 418000`
*連続ログイン2日目
※ログインが途切れるか、7日到達すると
1日目から再開されます*
`聖晶石 X 1
11月交換券(2023) X 1
`_2023-11-06 19:40:43_
--------
*5e79f9fad1e3ddbdaadc79cad0b36ab4*
`登陆天数: 2天 / 975天
等级: 1
石头: 1925
呼符: 0
体力: 815754.9 / 20
友情点: 0 / 416000`
*連続ログイン2日目
※ログインが途切れるか、7日到達すると
1日目から再開されます*
`聖晶石 X 1
11月交換券(2023) X 1
`_2023-11-06 19:40:51_
--------
*ffa2664b60ef26ff53e5754cbabb191d*
`登陆天数: 2天 / 976天
等级: 1
石头: 1915
呼符: 0
体力: 815751.0033333333 / 20
友情点: 0 / 418000`
*連続ログイン2日目
※ログインが途切れるか、7日到達すると
1日目から再開されます*
`聖晶石 X 1
11月交換券(2023) X 1
`_2023-11-06 19:40:58_
--------
*fdd9e8cfb259f007dcd0dac351f428a8*
`登陆天数: 2天 / 976天
等级: 1
石头: 1913
呼符: 0
体力: 815757.25 / 20
友情点: 0 / 418000`
*連続ログイン2日目
※ログインが途切れるか、7日到達すると
1日目から再開されます*
`聖晶石 X 1
11月交換券(2023) X 1
`_2023-11-06 19:41:06_
--------
*8040ffd87ebd7587f1a3ec5ccb65baf9*
`登陆天数: 2天 / 976天
等级: 1
石头: 1877
呼符: 0
体力: 815773.5033333333 / 20
友情点: 0 / 414000`
*連続ログイン2日目
※ログインが途切れるか、7日到達すると
1日目から再開されます*
`聖晶石 X 1
11月交換券(2023) X 1
`_2023-11-06 19:41:14_
--------
*8b817072f864b6f6b49eb4ec19e9cefc*
`登陆天数: 2天 / 976天
等级: 1
石头: 1847
呼符: 0
体力: 815761.6966666667 / 20
友情点: 0 / 416000`
*連続ログイン2日目
※ログインが途切れるか、7日到達すると
1日目から再開されます*
`聖晶石 X 1
11月交換券(2023) X 1
`_2023-11-06 19:41:22_
--------
*b2a017da4b70f03b1bfa9b14a15d0f4f*
`登陆天数: 2天 / 973天
等级: 1
石头: 1836
呼符: 0
体力: 815742.08 / 20
友情点: 0 / 414000`
*連続ログイン2日目
※ログインが途切れるか、7日到達すると
1日目から再開されます*
`聖晶石 X 1
11月交換券(2023) X 1
`_2023-11-06 19:41:29_
--------
*4f0ee487594c30ae3f16fddc2aa89b0d*
`登陆天数: 2天 / 978天
等级: 1
石头: 1826
呼符: 0
体力: 815764.77 / 20
友情点: 0 / 422000`
*連続ログイン2日目
※ログインが途切れるか、7日到達すると
1日目から再開されます*
`聖晶石 X 1
11月交換券(2023) X 1
`_2023-11-06 19:41:37_
--------
*1007215322232103c9bf679dfe232ed4*
`登陆天数: 2天 / 973天
等级: 1
石头: 1822
呼符: 0
体力: 815749.12 / 20
友情点: 0 / 416000`
*連続ログイン2日目
※ログインが途切れるか、7日到達すると
1日目から再開されます*
`聖晶石 X 1
11月交換券(2023) X 1
`_2023-11-06 19:41:44_
--------
*b57a2455a98fe8ffa3c039e9f576ec3f*
`登陆天数: 2天 / 975天
等级: 1
石头: 1821
呼符: 0
体力: 815742.0966666667 / 20
友情点: 0 / 418000`
*連続ログイン2日目
※ログインが途切れるか、7日到達すると
1日目から再開されます*
`聖晶石 X 1
11月交換券(2023) X 1
`_2023-11-06 19:41:52_
--------
*90624ac6eab08dced05291668a53ade0*
`登陆天数: 2天 / 973天
等级: 1
石头: 1819
呼符: 0
体力: 815745.31 / 20
友情点: 0 / 416000`
*連続ログイン2日目
※ログインが途切れるか、7日到達すると
1日目から再開されます*
`聖晶石 X 1
11月交換券(2023) X 1
`_2023-11-06 19:41:59_
--------
*38475ab6e8de59a13b73280cdc410427*
`登陆天数: 2天 / 982天
等级: 1
石头: 1818
呼符: 0
体力: 816277.2966666666 / 20
友情点: 0 / 420000`
*連続ログイン2日目
※ログインが途切れるか、7日到達すると
1日目から再開されます*
`聖晶石 X 1
11月交換券(2023) X 1
`_2023-11-06 19:42:07_
--------
*05a7565a06c24b98fc7370c67578180b*
`登陆天数: 2天 / 976天
等级: 1
石头: 1815
呼符: 0
体力: 815740.9966666667 / 20
友情点: 0 / 416000`
*連続ログイン2日目
※ログインが途切れるか、7日到達すると
1日目から再開されます*
`聖晶石 X 1
11月交換券(2023) X 1
`_2023-11-06 19:42:15_
--------
*bfc00fb48085271884aaeb8e83f55878*
`登陆天数: 2天 / 973天
等级: 1
石头: 1789
呼符: 0
体力: 815750.16 / 20
友情点: 0 / 414000`
*連続ログイン2日目
※ログインが途切れるか、7日到達すると
1日目から再開されます*
`聖晶石 X 1
11月交換券(2023) X 1
`_2023-11-06 19:42:23_
--------
*e45de41c6f8f8bb4d6f11c4ad6620b4b*
`登陆天数: 2天 / 973天
等级: 1
石头: 1787
呼符: 0
体力: 815740.6033333334 / 20
友情点: 0 / 412000`
*連続ログイン2日目
※ログインが途切れるか、7日到達すると
1日目から再開されます*
`聖晶石 X 1
11月交換券(2023) X 1
`_2023-11-06 19:42:31_
--------
