【登录信息】
*b2074eaabe2e88da1eb1451ee1ebccc3*
`登陆天数: 58天 / 299天
等级: 127
石头: 191
呼符: 22
体力: 303.9033333333333 / 137
友情点: 0 / 317620`
*連続ログイン2日目
※ログインが途切れるか、7日到達すると
1日目から再開されます*
`聖晶石 X 1
11月交換券(2023) X 1
`*聖杯戦線 ～白天の城、黒夜の城～開幕記念 ログインボーナス*
*開催期間中、1日1回 最大21回ログインボーナスをプレゼント！*
`白銀の果実 X 1
`_2023-11-12 19:36:18_
--------
*0ea02e9b04dc46d4f74439e4d018705c*
`登陆天数: 7天 / 653天
等级: 1
石头: 39
呼符: 0
体力: 818249.56 / 20
友情点: 0 / 391000`
*連続ログイン7日間到達おめでとうございます！
明日は1日目からリスタートされます。*
`獣の足跡 X 1
呼符 X 1
11月交換券(2023) X 1
`_2023-11-12 19:36:26_
--------
