【登录信息】
*b2074eaabe2e88da1eb1451ee1ebccc3*
`登陆天数: 59天 / 300天
等级: 127
石头: 192
呼符: 22
体力: 301.98 / 137
友情点: 0 / 317620`
*連続ログイン3日目
※ログインが途切れるか、7日到達すると
1日目から再開されます*
`叡智の業火 X 1
11月交換券(2023) X 1
`*聖杯戦線 ～白天の城、黒夜の城～開幕記念 ログインボーナス*
*開催期間中、1日1回 最大21回ログインボーナスをプレゼント！*
`白銀の果実 X 1
`_2023-11-13 19:36:03_
--------
*0ea02e9b04dc46d4f74439e4d018705c*
`登陆天数: 8天 / 654天
等级: 1
石头: 39
呼符: 1
体力: 818537.5133333333 / 20
友情点: 0 / 391000`
*連続ログイン1日目
※ログインが途切れるか、7日到達すると
1日目から再開されます*
`フレンドポイント X 2000
11月交換券(2023) X 1
`_2023-11-13 19:36:12_
--------
