【登录信息】
*b2074eaabe2e88da1eb1451ee1ebccc3*
`登陆天数: 63天 / 304天
等级: 127
石头: 225
呼符: 22
体力: 302.78666666666663 / 137
友情点: 0 / 317620`
*連続ログイン7日間到達おめでとうございます！
明日は1日目からリスタートされます。*
`獣の足跡 X 1
呼符 X 1
11月交換券(2023) X 1
`*2900万DL突破記念 特別回数ログインボーナス*
*開催期間中、1日1回 最大10回 回数ログインボーナスをプレゼント！*
`白銀の果実 X 10
`_2023-11-17 19:36:18_
--------
*0ea02e9b04dc46d4f74439e4d018705c*
`登陆天数: 12天 / 658天
等级: 1
石头: 41
呼符: 1
体力: 819689.5633333334 / 20
友情点: 0 / 393000`
*連続ログイン5日目
※ログインが途切れるか、7日到達すると
1日目から再開されます*
`叡智の業火 X 2
11月交換券(2023) X 1
`_2023-11-17 19:36:27_
--------
