【登录信息】
*b2074eaabe2e88da1eb1451ee1ebccc3*
`登陆天数: 64天 / 305天
等级: 127
石头: 230
呼符: 28
体力: 134.26 / 137
友情点: 0 / 317620`
*連続ログイン1日目
※ログインが途切れるか、7日到達すると
1日目から再開されます*
`フレンドポイント X 2000
11月交換券(2023) X 1
`*2900万DL突破記念 特別回数ログインボーナス*
*開催期間中、1日1回 最大10回 回数ログインボーナスをプレゼント！*
`マナプリズム X 100
黄金の果実 X 10
`_2023-11-18 19:36:11_
--------
*0ea02e9b04dc46d4f74439e4d018705c*
`登陆天数: 13天 / 659天
等级: 1
石头: 46
呼符: 11
体力: 819977.5366666666 / 20
友情点: 0 / 393000`
*連続ログイン6日目
※ログインが途切れるか、7日到達すると
1日目から再開されます*
`聖晶石 X 2
11月交換券(2023) X 1
`_2023-11-18 19:36:19_
--------
