【登录信息】
*b2074eaabe2e88da1eb1451ee1ebccc3*
`登陆天数: 65天 / 306天
等级: 127
石头: 230
呼符: 28
体力: 289.5733333333333 / 137
友情点: 0 / 319620`
*連続ログイン2日目
※ログインが途切れるか、7日到達すると
1日目から再開されます*
`聖晶石 X 1
11月交換券(2023) X 1
`*2900万DL突破記念 特別回数ログインボーナス*
*開催期間中、1日1回 最大10回 回数ログインボーナスをプレゼント！*
`QP X 10000000
`_2023-11-19 19:36:16_
--------
*0ea02e9b04dc46d4f74439e4d018705c*
`登陆天数: 14天 / 660天
等级: 1
石头: 48
呼符: 11
体力: 820265.5533333333 / 20
友情点: 0 / 393000`
*連続ログイン7日間到達おめでとうございます！
明日は1日目からリスタートされます。*
`獣の足跡 X 1
呼符 X 1
11月交換券(2023) X 1
`_2023-11-19 19:36:24_
--------
