【登录信息】
*b2074eaabe2e88da1eb1451ee1ebccc3*
`登陆天数: 66天 / 307天
等级: 127
石头: 231
呼符: 28
体力: 246.14666666666665 / 137
友情点: 0 / 319620`
*連続ログイン3日目
※ログインが途切れるか、7日到達すると
1日目から再開されます*
`叡智の業火 X 1
11月交換券(2023) X 1
`*2900万DL突破記念 特別回数ログインボーナス*
*開催期間中、1日1回 最大10回 回数ログインボーナスをプレゼント！*
`叡智の業火 X 10
`_2023-11-20 19:36:11_
--------
*0ea02e9b04dc46d4f74439e4d018705c*
`登陆天数: 15天 / 661天
等级: 1
石头: 48
呼符: 12
体力: 820553.5366666666 / 20
友情点: 0 / 393000`
*連続ログイン1日目
※ログインが途切れるか、7日到達すると
1日目から再開されます*
`フレンドポイント X 2000
11月交換券(2023) X 1
`_2023-11-20 19:36:19_
--------
