【登录信息】
*061c88bb57f7c5fb18491d9b553538f6*
`登陆天数: 61天 / 1237天
等级: 126
石头: 1190
呼符: 31
体力: 215.75333333333333 / 137
友情点: 0 / 1024230`
*連続ログイン5日目
※ログインが途切れるか、7日到達すると
1日目から再開されます*
`叡智の業火 X 2
11月交換券(2023) X 1
`*2900万DL突破記念 特別回数ログインボーナス*
*開催期間中、1日1回 最大10回 回数ログインボーナスをプレゼント！*
`英霊結晶・星のフォウくん X 10
英霊結晶・太陽のフォウくん X 10
`_2023-11-21 19:36:22_
--------
*002365526c6082faf79c03da7fd608d8*
`登陆天数: 61天 / 1306天
等级: 125
石头: 2196
呼符: 55
体力: 215.12 / 137
友情点: 0 / 1062850`
*連続ログイン5日目
※ログインが途切れるか、7日到達すると
1日目から再開されます*
`叡智の業火 X 2
11月交換券(2023) X 1
`*2900万DL突破記念 特別回数ログインボーナス*
*開催期間中、1日1回 最大10回 回数ログインボーナスをプレゼント！*
`英霊結晶・星のフォウくん X 10
英霊結晶・太陽のフォウくん X 10
`_2023-11-21 19:36:31_
--------
*b57277a963646f6a6118aa9812c5c9b1*
`登陆天数: 61天 / 1057天
等级: 125
石头: 411
呼符: 55
体力: 214.54000000000002 / 137
友情点: 0 / 892750`
*連続ログイン5日目
※ログインが途切れるか、7日到達すると
1日目から再開されます*
`叡智の業火 X 2
11月交換券(2023) X 1
`*2900万DL突破記念 特別回数ログインボーナス*
*開催期間中、1日1回 最大10回 回数ログインボーナスをプレゼント！*
`英霊結晶・星のフォウくん X 10
英霊結晶・太陽のフォウくん X 10
`_2023-11-21 19:36:39_
--------
*78a969e3ef03a664db1b4c64e8efab87*
`登陆天数: 61天 / 898天
等级: 122
石头: 895
呼符: 31
体力: 217.99 / 136
友情点: 0 / 672500`
*連続ログイン5日目
※ログインが途切れるか、7日到達すると
1日目から再開されます*
`叡智の業火 X 2
11月交換券(2023) X 1
`*2900万DL突破記念 特別回数ログインボーナス*
*開催期間中、1日1回 最大10回 回数ログインボーナスをプレゼント！*
`英霊結晶・星のフォウくん X 10
英霊結晶・太陽のフォウくん X 10
`_2023-11-21 19:36:47_
--------
*67f5eab36d4419e15dc3da66e73fbac4*
`登陆天数: 67天 / 308天
等级: 127
石头: 128
呼符: 9
体力: 297.98 / 137
友情点: 0 / 331225`
*連続ログイン4日目
※ログインが途切れるか、7日到達すると
1日目から再開されます*
`聖晶石 X 1
11月交換券(2023) X 1
`*2900万DL突破記念 特別回数ログインボーナス*
*開催期間中、1日1回 最大10回 回数ログインボーナスをプレゼント！*
`英霊結晶・星のフォウくん X 10
英霊結晶・太陽のフォウくん X 10
`_2023-11-21 19:36:55_
--------
*74c9dc067ca8484fc3c82ad192233de3*
`登陆天数: 67天 / 313天
等级: 127
石头: 231
呼符: 28
体力: 298.06 / 137
友情点: 0 / 325575`
*連続ログイン4日目
※ログインが途切れるか、7日到達すると
1日目から再開されます*
`聖晶石 X 1
11月交換券(2023) X 1
`*2900万DL突破記念 特別回数ログインボーナス*
*開催期間中、1日1回 最大10回 回数ログインボーナスをプレゼント！*
`英霊結晶・星のフォウくん X 10
英霊結晶・太陽のフォウくん X 10
`_2023-11-21 19:37:03_
--------
*e0c45f5638e0c59da7e446d0f18947cc*
`登陆天数: 16天 / 715天
等级: 1
石头: 48
呼符: 12
体力: 822321.1766666666 / 20
友情点: 0 / 396000`
*連続ログイン2日目
※ログインが途切れるか、7日到達すると
1日目から再開されます*
`聖晶石 X 1
11月交換券(2023) X 1
`_2023-11-21 19:37:11_
--------
