【登录信息】
*061c88bb57f7c5fb18491d9b553538f6*
`登陆天数: 62天 / 1238天
等级: 126
石头: 1190
呼符: 31
体力: 236.54333333333335 / 137
友情点: 0 / 1024230`
*連続ログイン6日目
※ログインが途切れるか、7日到達すると
1日目から再開されます*
`聖晶石 X 2
11月交換券(2023) X 1
`*日替りログインボーナス*
*開催期間中、1日1回 2週間日替りでログインボーナスをプレゼント！*
`巡霊の葉 X 30
`_2023-11-22 19:36:23_
--------
*002365526c6082faf79c03da7fd608d8*
`登陆天数: 62天 / 1307天
等级: 125
石头: 2196
呼符: 55
体力: 236.04666666666668 / 137
友情点: 0 / 1062850`
*連続ログイン6日目
※ログインが途切れるか、7日到達すると
1日目から再開されます*
`聖晶石 X 2
11月交換券(2023) X 1
`*日替りログインボーナス*
*開催期間中、1日1回 2週間日替りでログインボーナスをプレゼント！*
`巡霊の葉 X 30
`_2023-11-22 19:36:32_
--------
*b57277a963646f6a6118aa9812c5c9b1*
`登陆天数: 62天 / 1058天
等级: 125
石头: 411
呼符: 55
体力: 235.54000000000002 / 137
友情点: 0 / 892750`
*連続ログイン6日目
※ログインが途切れるか、7日到達すると
1日目から再開されます*
`聖晶石 X 2
11月交換券(2023) X 1
`*日替りログインボーナス*
*開催期間中、1日1回 2週間日替りでログインボーナスをプレゼント！*
`巡霊の葉 X 30
`_2023-11-22 19:36:41_
--------
*78a969e3ef03a664db1b4c64e8efab87*
`登陆天数: 62天 / 899天
等级: 122
石头: 895
呼符: 31
体力: 238.11666666666667 / 136
友情点: 0 / 672500`
*連続ログイン6日目
※ログインが途切れるか、7日到達すると
1日目から再開されます*
`聖晶石 X 2
11月交換券(2023) X 1
`*日替りログインボーナス*
*開催期間中、1日1回 2週間日替りでログインボーナスをプレゼント！*
`巡霊の葉 X 30
`_2023-11-22 19:36:50_
--------
*67f5eab36d4419e15dc3da66e73fbac4*
`登陆天数: 68天 / 309天
等级: 127
石头: 129
呼符: 14
体力: 300.1 / 137
友情点: 0 / 331225`
*連続ログイン5日目
※ログインが途切れるか、7日到達すると
1日目から再開されます*
`叡智の業火 X 2
11月交換券(2023) X 1
`*日替りログインボーナス*
*開催期間中、1日1回 2週間日替りでログインボーナスをプレゼント！*
`巡霊の葉 X 30
`_2023-11-22 19:36:58_
--------
*74c9dc067ca8484fc3c82ad192233de3*
`登陆天数: 68天 / 314天
等级: 127
石头: 232
呼符: 33
体力: 300.3233333333333 / 137
友情点: 0 / 325575`
*連続ログイン5日目
※ログインが途切れるか、7日到達すると
1日目から再開されます*
`叡智の業火 X 2
11月交換券(2023) X 1
`*日替りログインボーナス*
*開催期間中、1日1回 2週間日替りでログインボーナスをプレゼント！*
`巡霊の葉 X 30
`_2023-11-22 19:37:07_
--------
*e0c45f5638e0c59da7e446d0f18947cc*
`登陆天数: 17天 / 716天
等级: 1
石头: 49
呼符: 12
体力: 822609.19 / 20
友情点: 0 / 396000`
*連続ログイン3日目
※ログインが途切れるか、7日到達すると
1日目から再開されます*
`叡智の業火 X 1
11月交換券(2023) X 1
`_2023-11-22 19:37:16_
--------
