【登录信息】
*061c88bb57f7c5fb18491d9b553538f6*
`登陆天数: 63天 / 1239天
等级: 126
石头: 1192
呼符: 31
体力: 218.39 / 137
友情点: 0 / 1024230`
*連続ログイン7日間到達おめでとうございます！
明日は1日目からリスタートされます。*
`獣の足跡 X 1
呼符 X 1
11月交換券(2023) X 1
`*日替りログインボーナス*
*開催期間中、1日1回 2週間日替りでログインボーナスをプレゼント！*
`巡霊の葉 X 30
`_2023-11-23 19:36:26_
--------
*002365526c6082faf79c03da7fd608d8*
`登陆天数: 63天 / 1308天
等级: 125
石头: 2198
呼符: 55
体力: 217.75666666666666 / 137
友情点: 0 / 1062850`
*連続ログイン7日間到達おめでとうございます！
明日は1日目からリスタートされます。*
`獣の足跡 X 1
呼符 X 1
11月交換券(2023) X 1
`*日替りログインボーナス*
*開催期間中、1日1回 2週間日替りでログインボーナスをプレゼント！*
`巡霊の葉 X 30
`_2023-11-23 19:36:35_
--------
*b57277a963646f6a6118aa9812c5c9b1*
`登陆天数: 63天 / 1059天
等级: 125
石头: 413
呼符: 55
体力: 217.18333333333334 / 137
友情点: 0 / 892750`
*連続ログイン7日間到達おめでとうございます！
明日は1日目からリスタートされます。*
`獣の足跡 X 1
呼符 X 1
11月交換券(2023) X 1
`*日替りログインボーナス*
*開催期間中、1日1回 2週間日替りでログインボーナスをプレゼント！*
`巡霊の葉 X 30
`_2023-11-23 19:36:44_
--------
*78a969e3ef03a664db1b4c64e8efab87*
`登陆天数: 63天 / 900天
等级: 122
石头: 897
呼符: 31
体力: 224.73000000000002 / 136
友情点: 0 / 672500`
*連続ログイン7日間到達おめでとうございます！
明日は1日目からリスタートされます。*
`獣の足跡 X 1
呼符 X 1
11月交換券(2023) X 1
`*日替りログインボーナス*
*開催期間中、1日1回 2週間日替りでログインボーナスをプレゼント！*
`巡霊の葉 X 30
`_2023-11-23 19:36:52_
--------
*67f5eab36d4419e15dc3da66e73fbac4*
`登陆天数: 69天 / 310天
等级: 127
石头: 131
呼符: 14
体力: 17.46333333333334 / 137
友情点: 0 / 331225`
_2023-11-23 19:37:01_
--------
*74c9dc067ca8484fc3c82ad192233de3*
`登陆天数: 69天 / 315天
等级: 127
石头: 234
呼符: 33
体力: 17.53333333333333 / 137
友情点: 0 / 325575`
_2023-11-23 19:37:09_
--------
*e0c45f5638e0c59da7e446d0f18947cc*
`登陆天数: 18天 / 717天
等级: 1
石头: 49
呼符: 12
体力: 822897.1933333334 / 20
友情点: 0 / 396000`
*連続ログイン4日目
※ログインが途切れるか、7日到達すると
1日目から再開されます*
`聖晶石 X 1
11月交換券(2023) X 1
`_2023-11-23 19:37:17_
--------
