【登录信息】
*061c88bb57f7c5fb18491d9b553538f6*
`登陆天数: 64天 / 1240天
等级: 126
石头: 1192
呼符: 32
体力: 162.57999999999998 / 137
友情点: 0 / 1024230`
*連続ログイン1日目
※ログインが途切れるか、7日到達すると
1日目から再開されます*
`フレンドポイント X 2000
11月交換券(2023) X 1
`*日替りログインボーナス*
*開催期間中、1日1回 2週間日替りでログインボーナスをプレゼント！*
`聖晶石 X 2
巡霊の葉 X 100
`_2023-11-24 19:36:09_
--------
*002365526c6082faf79c03da7fd608d8*
`登陆天数: 64天 / 1309天
等级: 125
石头: 2198
呼符: 56
体力: 161.23 / 137
友情点: 0 / 1062850`
*連続ログイン1日目
※ログインが途切れるか、7日到達すると
1日目から再開されます*
`フレンドポイント X 2000
11月交換券(2023) X 1
`*日替りログインボーナス*
*開催期間中、1日1回 2週間日替りでログインボーナスをプレゼント！*
`聖晶石 X 2
巡霊の葉 X 100
`_2023-11-24 19:36:18_
--------
*b57277a963646f6a6118aa9812c5c9b1*
`登陆天数: 64天 / 1060天
等级: 125
石头: 413
呼符: 56
体力: 160.57666666666665 / 137
友情点: 0 / 892750`
*連続ログイン1日目
※ログインが途切れるか、7日到達すると
1日目から再開されます*
`フレンドポイント X 2000
11月交換券(2023) X 1
`*日替りログインボーナス*
*開催期間中、1日1回 2週間日替りでログインボーナスをプレゼント！*
`聖晶石 X 2
巡霊の葉 X 100
`_2023-11-24 19:36:26_
--------
*78a969e3ef03a664db1b4c64e8efab87*
`登陆天数: 64天 / 901天
等级: 122
石头: 927
呼符: 32
体力: 164.78 / 136
友情点: 0 / 672500`
*連続ログイン1日目
※ログインが途切れるか、7日到達すると
1日目から再開されます*
`フレンドポイント X 2000
11月交換券(2023) X 1
`*日替りログインボーナス*
*開催期間中、1日1回 2週間日替りでログインボーナスをプレゼント！*
`聖晶石 X 2
巡霊の葉 X 100
`_2023-11-24 19:36:35_
--------
*67f5eab36d4419e15dc3da66e73fbac4*
`登陆天数: 70天 / 311天
等级: 127
石头: 131
呼符: 14
体力: 305.40666666666664 / 137
友情点: 0 / 331225`
*連続ログイン7日間到達おめでとうございます！
明日は1日目からリスタートされます。*
`獣の足跡 X 1
呼符 X 1
11月交換券(2023) X 1
`*日替りログインボーナス*
*開催期間中、1日1回 2週間日替りでログインボーナスをプレゼント！*
`聖晶石 X 2
巡霊の葉 X 100
`_2023-11-24 19:36:44_
--------
*74c9dc067ca8484fc3c82ad192233de3*
`登陆天数: 70天 / 316天
等级: 127
石头: 234
呼符: 33
体力: 305.48333333333335 / 137
友情点: 0 / 325575`
*連続ログイン7日間到達おめでとうございます！
明日は1日目からリスタートされます。*
`獣の足跡 X 1
呼符 X 1
11月交換券(2023) X 1
`*日替りログインボーナス*
*開催期間中、1日1回 2週間日替りでログインボーナスをプレゼント！*
`聖晶石 X 2
巡霊の葉 X 100
`_2023-11-24 19:36:52_
--------
*e0c45f5638e0c59da7e446d0f18947cc*
`登陆天数: 19天 / 718天
等级: 1
石头: 50
呼符: 12
体力: 823185.1433333333 / 20
友情点: 0 / 396000`
*連続ログイン5日目
※ログインが途切れるか、7日到達すると
1日目から再開されます*
`叡智の業火 X 2
11月交換券(2023) X 1
`_2023-11-24 19:37:01_
--------
