【登录信息】
*061c88bb57f7c5fb18491d9b553538f6*
`登陆天数: 65天 / 1241天
等级: 126
石头: 1194
呼符: 32
体力: 183.59333333333333 / 137
友情点: 0 / 1026230`
*連続ログイン2日目
※ログインが途切れるか、7日到達すると
1日目から再開されます*
`聖晶石 X 1
11月交換券(2023) X 1
`*日替りログインボーナス*
*開催期間中、1日1回 2週間日替りでログインボーナスをプレゼント！*
`巡霊の葉 X 30
`_2023-11-25 19:36:23_
--------
*002365526c6082faf79c03da7fd608d8*
`登陆天数: 65天 / 1310天
等级: 125
石头: 2200
呼符: 56
体力: 182.93333333333334 / 137
友情点: 0 / 1064850`
*連続ログイン2日目
※ログインが途切れるか、7日到達すると
1日目から再開されます*
`聖晶石 X 1
11月交換券(2023) X 1
`*日替りログインボーナス*
*開催期間中、1日1回 2週間日替りでログインボーナスをプレゼント！*
`巡霊の葉 X 30
`_2023-11-25 19:36:31_
--------
*b57277a963646f6a6118aa9812c5c9b1*
`登陆天数: 65天 / 1061天
等级: 125
石头: 415
呼符: 56
体力: 182.29333333333335 / 137
友情点: 0 / 894750`
*連続ログイン2日目
※ログインが途切れるか、7日到達すると
1日目から再開されます*
`聖晶石 X 1
11月交換券(2023) X 1
`*日替りログインボーナス*
*開催期間中、1日1回 2週間日替りでログインボーナスをプレゼント！*
`巡霊の葉 X 30
`_2023-11-25 19:36:40_
--------
*78a969e3ef03a664db1b4c64e8efab87*
`登陆天数: 65天 / 902天
等级: 122
石头: 929
呼符: 32
体力: 185.78333333333333 / 136
友情点: 0 / 674500`
*連続ログイン2日目
※ログインが途切れるか、7日到達すると
1日目から再開されます*
`聖晶石 X 1
11月交換券(2023) X 1
`*日替りログインボーナス*
*開催期間中、1日1回 2週間日替りでログインボーナスをプレゼント！*
`巡霊の葉 X 30
`_2023-11-25 19:36:48_
--------
*67f5eab36d4419e15dc3da66e73fbac4*
`登陆天数: 71天 / 312天
等级: 127
石头: 133
呼符: 15
体力: 299.9533333333334 / 137
友情点: 0 / 331225`
*連続ログイン1日目
※ログインが途切れるか、7日到達すると
1日目から再開されます*
`フレンドポイント X 2000
11月交換券(2023) X 1
`*日替りログインボーナス*
*開催期間中、1日1回 2週間日替りでログインボーナスをプレゼント！*
`巡霊の葉 X 30
`_2023-11-25 19:36:56_
--------
*74c9dc067ca8484fc3c82ad192233de3*
`登陆天数: 71天 / 317天
等级: 127
石头: 236
呼符: 34
体力: 300.06333333333333 / 137
友情点: 0 / 325575`
*連続ログイン1日目
※ログインが途切れるか、7日到達すると
1日目から再開されます*
`フレンドポイント X 2000
11月交換券(2023) X 1
`*日替りログインボーナス*
*開催期間中、1日1回 2週間日替りでログインボーナスをプレゼント！*
`巡霊の葉 X 30
`_2023-11-25 19:37:04_
--------
*e0c45f5638e0c59da7e446d0f18947cc*
`登陆天数: 20天 / 719天
等级: 1
石头: 50
呼符: 12
体力: 823473.18 / 20
友情点: 0 / 396000`
*連続ログイン6日目
※ログインが途切れるか、7日到達すると
1日目から再開されます*
`聖晶石 X 2
11月交換券(2023) X 1
`_2023-11-25 19:37:12_
--------
