【登录信息】
*061c88bb57f7c5fb18491d9b553538f6*
`登陆天数: 66天 / 1242天
等级: 126
石头: 1195
呼符: 32
体力: 256.3 / 137
友情点: 0 / 1026230`
*連続ログイン3日目
※ログインが途切れるか、7日到達すると
1日目から再開されます*
`叡智の業火 X 1
11月交換券(2023) X 1
`*日替りログインボーナス*
*開催期間中、1日1回 2週間日替りでログインボーナスをプレゼント！*
`巡霊の葉 X 30
`_2023-11-26 19:36:09_
--------
*002365526c6082faf79c03da7fd608d8*
`登陆天数: 66天 / 1311天
等级: 125
石头: 2201
呼符: 56
体力: 255.52666666666667 / 137
友情点: 0 / 1064850`
*連続ログイン3日目
※ログインが途切れるか、7日到達すると
1日目から再開されます*
`叡智の業火 X 1
11月交換券(2023) X 1
`*日替りログインボーナス*
*開催期間中、1日1回 2週間日替りでログインボーナスをプレゼント！*
`巡霊の葉 X 30
`_2023-11-26 19:36:18_
--------
*b57277a963646f6a6118aa9812c5c9b1*
`登陆天数: 66天 / 1062天
等级: 125
石头: 416
呼符: 56
体力: 254.7266666666667 / 137
友情点: 0 / 894750`
*連続ログイン3日目
※ログインが途切れるか、7日到達すると
1日目から再開されます*
`叡智の業火 X 1
11月交換券(2023) X 1
`*日替りログインボーナス*
*開催期間中、1日1回 2週間日替りでログインボーナスをプレゼント！*
`巡霊の葉 X 30
`_2023-11-26 19:36:26_
--------
*78a969e3ef03a664db1b4c64e8efab87*
`登陆天数: 66天 / 903天
等级: 122
石头: 930
呼符: 32
体力: 260.27666666666664 / 136
友情点: 0 / 674500`
*連続ログイン3日目
※ログインが途切れるか、7日到達すると
1日目から再開されます*
`叡智の業火 X 1
11月交換券(2023) X 1
`*日替りログインボーナス*
*開催期間中、1日1回 2週間日替りでログインボーナスをプレゼント！*
`巡霊の葉 X 30
`_2023-11-26 19:36:35_
--------
*67f5eab36d4419e15dc3da66e73fbac4*
`登陆天数: 72天 / 313天
等级: 127
石头: 133
呼符: 15
体力: 301.74333333333334 / 137
友情点: 0 / 333225`
*連続ログイン2日目
※ログインが途切れるか、7日到達すると
1日目から再開されます*
`聖晶石 X 1
11月交換券(2023) X 1
`*日替りログインボーナス*
*開催期間中、1日1回 2週間日替りでログインボーナスをプレゼント！*
`巡霊の葉 X 30
`_2023-11-26 19:36:43_
--------
*74c9dc067ca8484fc3c82ad192233de3*
`登陆天数: 72天 / 318天
等级: 127
石头: 236
呼符: 34
体力: 301.90999999999997 / 137
友情点: 0 / 327575`
*連続ログイン2日目
※ログインが途切れるか、7日到達すると
1日目から再開されます*
`聖晶石 X 1
11月交換券(2023) X 1
`*日替りログインボーナス*
*開催期間中、1日1回 2週間日替りでログインボーナスをプレゼント！*
`巡霊の葉 X 30
`_2023-11-26 19:36:51_
--------
*e0c45f5638e0c59da7e446d0f18947cc*
`登陆天数: 21天 / 720天
等级: 1
石头: 52
呼符: 12
体力: 823761.1366666667 / 20
友情点: 0 / 396000`
*連続ログイン7日間到達おめでとうございます！
明日は1日目からリスタートされます。*
`獣の足跡 X 1
呼符 X 1
11月交換券(2023) X 1
`_2023-11-26 19:37:00_
--------
