【登录信息】
*061c88bb57f7c5fb18491d9b553538f6*
`登陆天数: 67天 / 1243天
等级: 126
石头: 1225
呼符: 32
体力: 206.59 / 137
友情点: 0 / 1026230`
*連続ログイン4日目
※ログインが途切れるか、7日到達すると
1日目から再開されます*
`聖晶石 X 1
11月交換券(2023) X 1
`*日替りログインボーナス*
*開催期間中、1日1回 2週間日替りでログインボーナスをプレゼント！*
`巡霊の葉 X 30
`_2023-11-27 19:36:13_
--------
*002365526c6082faf79c03da7fd608d8*
`登陆天数: 67天 / 1312天
等级: 125
石头: 2231
呼符: 56
体力: 204.66 / 137
友情点: 0 / 1064850`
*連続ログイン4日目
※ログインが途切れるか、7日到達すると
1日目から再開されます*
`聖晶石 X 1
11月交換券(2023) X 1
`*日替りログインボーナス*
*開催期間中、1日1回 2週間日替りでログインボーナスをプレゼント！*
`巡霊の葉 X 30
`_2023-11-27 19:36:21_
--------
*b57277a963646f6a6118aa9812c5c9b1*
`登陆天数: 67天 / 1063天
等级: 125
石头: 446
呼符: 56
体力: 203.37666666666667 / 137
友情点: 0 / 894750`
*連続ログイン4日目
※ログインが途切れるか、7日到達すると
1日目から再開されます*
`聖晶石 X 1
11月交換券(2023) X 1
`*日替りログインボーナス*
*開催期間中、1日1回 2週間日替りでログインボーナスをプレゼント！*
`巡霊の葉 X 30
`_2023-11-27 19:36:30_
--------
*78a969e3ef03a664db1b4c64e8efab87*
`登陆天数: 67天 / 904天
等级: 122
石头: 960
呼符: 32
体力: 208.80666666666667 / 136
友情点: 0 / 674500`
*連続ログイン4日目
※ログインが途切れるか、7日到達すると
1日目から再開されます*
`聖晶石 X 1
11月交換券(2023) X 1
`*日替りログインボーナス*
*開催期間中、1日1回 2週間日替りでログインボーナスをプレゼント！*
`巡霊の葉 X 30
`_2023-11-27 19:36:38_
--------
*67f5eab36d4419e15dc3da66e73fbac4*
`登陆天数: 73天 / 314天
等级: 127
石头: 164
呼符: 15
体力: 301.31 / 137
友情点: 0 / 333225`
*連続ログイン3日目
※ログインが途切れるか、7日到達すると
1日目から再開されます*
`叡智の業火 X 1
11月交換券(2023) X 1
`*日替りログインボーナス*
*開催期間中、1日1回 2週間日替りでログインボーナスをプレゼント！*
`巡霊の葉 X 30
`_2023-11-27 19:36:46_
--------
*74c9dc067ca8484fc3c82ad192233de3*
`登陆天数: 73天 / 319天
等级: 127
石头: 267
呼符: 34
体力: 301.69 / 137
友情点: 0 / 327575`
*連続ログイン3日目
※ログインが途切れるか、7日到達すると
1日目から再開されます*
`叡智の業火 X 1
11月交換券(2023) X 1
`*日替りログインボーナス*
*開催期間中、1日1回 2週間日替りでログインボーナスをプレゼント！*
`巡霊の葉 X 30
`_2023-11-27 19:36:54_
--------
*e0c45f5638e0c59da7e446d0f18947cc*
`登陆天数: 22天 / 721天
等级: 1
石头: 52
呼符: 13
体力: 824049.1466666666 / 20
友情点: 0 / 396000`
*連続ログイン1日目
※ログインが途切れるか、7日到達すると
1日目から再開されます*
`フレンドポイント X 2000
11月交換券(2023) X 1
`_2023-11-27 19:37:03_
--------
