【登录信息】
*061c88bb57f7c5fb18491d9b553538f6*
`登陆天数: 69天 / 1245天
等级: 126
石头: 1229
呼符: 32
体力: 86.01333333333334 / 137
友情点: 0 / 1026230`
*連続ログイン6日目
※ログインが途切れるか、7日到達すると
1日目から再開されます*
`聖晶石 X 2
11月交換券(2023) X 1
`*日替りログインボーナス*
*開催期間中、1日1回 2週間日替りでログインボーナスをプレゼント！*
`巡霊の葉 X 30
`_2023-11-29 19:36:20_
--------
*002365526c6082faf79c03da7fd608d8*
`登陆天数: 69天 / 1314天
等级: 125
石头: 2235
呼符: 56
体力: 85.49000000000001 / 137
友情点: 0 / 1064850`
*連続ログイン6日目
※ログインが途切れるか、7日到達すると
1日目から再開されます*
`聖晶石 X 2
11月交換券(2023) X 1
`*日替りログインボーナス*
*開催期間中、1日1回 2週間日替りでログインボーナスをプレゼント！*
`巡霊の葉 X 30
`_2023-11-29 19:36:29_
--------
*b57277a963646f6a6118aa9812c5c9b1*
`登陆天数: 69天 / 1065天
等级: 125
石头: 450
呼符: 56
体力: 84.96333333333334 / 137
友情点: 0 / 894750`
*連続ログイン6日目
※ログインが途切れるか、7日到達すると
1日目から再開されます*
`聖晶石 X 2
11月交換券(2023) X 1
`*日替りログインボーナス*
*開催期間中、1日1回 2週間日替りでログインボーナスをプレゼント！*
`巡霊の葉 X 30
`_2023-11-29 19:36:37_
--------
*78a969e3ef03a664db1b4c64e8efab87*
`登陆天数: 69天 / 906天
等级: 122
石头: 964
呼符: 32
体力: 88.01666666666667 / 136
友情点: 0 / 674500`
*連続ログイン6日目
※ログインが途切れるか、7日到達すると
1日目から再開されます*
`聖晶石 X 2
11月交換券(2023) X 1
`*日替りログインボーナス*
*開催期間中、1日1回 2週間日替りでログインボーナスをプレゼント！*
`巡霊の葉 X 30
`_2023-11-29 19:36:46_
--------
*67f5eab36d4419e15dc3da66e73fbac4*
`登陆天数: 75天 / 316天
等级: 127
石头: 168
呼符: 15
体力: 301.87333333333333 / 137
友情点: 0 / 333225`
*連続ログイン5日目
※ログインが途切れるか、7日到達すると
1日目から再開されます*
`叡智の業火 X 2
11月交換券(2023) X 1
`*日替りログインボーナス*
*開催期間中、1日1回 2週間日替りでログインボーナスをプレゼント！*
`巡霊の葉 X 30
`_2023-11-29 19:36:55_
--------
*74c9dc067ca8484fc3c82ad192233de3*
`登陆天数: 75天 / 321天
等级: 127
石头: 271
呼符: 34
体力: 302.1066666666667 / 137
友情点: 0 / 327575`
*連続ログイン5日目
※ログインが途切れるか、7日到達すると
1日目から再開されます*
`叡智の業火 X 2
11月交換券(2023) X 1
`*日替りログインボーナス*
*開催期間中、1日1回 2週間日替りでログインボーナスをプレゼント！*
`巡霊の葉 X 30
`_2023-11-29 19:37:03_
--------
*e0c45f5638e0c59da7e446d0f18947cc*
`登陆天数: 24天 / 723天
等级: 1
石头: 53
呼符: 13
体力: 824625.1766666666 / 20
友情点: 0 / 398000`
*連続ログイン3日目
※ログインが途切れるか、7日到達すると
1日目から再開されます*
`叡智の業火 X 1
11月交換券(2023) X 1
`_2023-11-29 19:37:12_
--------
