【登录信息】
*061c88bb57f7c5fb18491d9b553538f6*
`登陆天数: 70天 / 1246天
等级: 126
石头: 1250
呼符: 32
体力: 186.37666666666667 / 137
友情点: 0 / 1026230`
*連続ログイン7日間到達おめでとうございます！
明日は1日目からリスタートされます。*
`獣の足跡 X 1
呼符 X 1
12月交換券(2023) X 1
`*日替りログインボーナス*
*開催期間中、1日1回 2週間日替りでログインボーナスをプレゼント！*
`巡霊の葉 X 30
`_2023-11-30 19:36:06_
--------
*002365526c6082faf79c03da7fd608d8*
`登陆天数: 70天 / 1315天
等级: 125
石头: 2256
呼符: 56
体力: 185.79333333333335 / 137
友情点: 0 / 1064850`
*連続ログイン7日間到達おめでとうございます！
明日は1日目からリスタートされます。*
`獣の足跡 X 1
呼符 X 1
12月交換券(2023) X 1
`*日替りログインボーナス*
*開催期間中、1日1回 2週間日替りでログインボーナスをプレゼント！*
`巡霊の葉 X 30
`_2023-11-30 19:36:14_
--------
*b57277a963646f6a6118aa9812c5c9b1*
`登陆天数: 70天 / 1066天
等级: 125
石头: 471
呼符: 56
体力: 185.26666666666665 / 137
友情点: 0 / 894750`
*連続ログイン7日間到達おめでとうございます！
明日は1日目からリスタートされます。*
`獣の足跡 X 1
呼符 X 1
12月交換券(2023) X 1
`*日替りログインボーナス*
*開催期間中、1日1回 2週間日替りでログインボーナスをプレゼント！*
`巡霊の葉 X 30
`_2023-11-30 19:36:23_
--------
*78a969e3ef03a664db1b4c64e8efab87*
`登陆天数: 70天 / 907天
等级: 122
石头: 985
呼符: 32
体力: 195.50333333333333 / 136
友情点: 0 / 674500`
*連続ログイン7日間到達おめでとうございます！
明日は1日目からリスタートされます。*
`獣の足跡 X 1
呼符 X 1
12月交換券(2023) X 1
`*日替りログインボーナス*
*開催期間中、1日1回 2週間日替りでログインボーナスをプレゼント！*
`巡霊の葉 X 30
`_2023-11-30 19:36:32_
--------
*67f5eab36d4419e15dc3da66e73fbac4*
`登陆天数: 76天 / 317天
等级: 127
石头: 187
呼符: 15
体力: 302.99333333333334 / 137
友情点: 0 / 333225`
*連続ログイン6日目
※ログインが途切れるか、7日到達すると
1日目から再開されます*
`聖晶石 X 2
12月交換券(2023) X 1
`*日替りログインボーナス*
*開催期間中、1日1回 2週間日替りでログインボーナスをプレゼント！*
`巡霊の葉 X 30
`_2023-11-30 19:36:40_
--------
*74c9dc067ca8484fc3c82ad192233de3*
`登陆天数: 76天 / 322天
等级: 127
石头: 290
呼符: 34
体力: 303.16666666666663 / 137
友情点: 0 / 327575`
*連続ログイン6日目
※ログインが途切れるか、7日到達すると
1日目から再開されます*
`聖晶石 X 2
12月交換券(2023) X 1
`*日替りログインボーナス*
*開催期間中、1日1回 2週間日替りでログインボーナスをプレゼント！*
`巡霊の葉 X 30
`_2023-11-30 19:36:49_
--------
*e0c45f5638e0c59da7e446d0f18947cc*
`登陆天数: 25天 / 724天
等级: 1
石头: 58
呼符: 13
体力: 824913.13 / 20
友情点: 0 / 398000`
*連続ログイン4日目
※ログインが途切れるか、7日到達すると
1日目から再開されます*
`聖晶石 X 1
12月交換券(2023) X 1
`_2023-11-30 19:36:58_
--------
