【登录信息】
*061c88bb57f7c5fb18491d9b553538f6*
`登陆天数: 72天 / 1248天
等级: 126
石头: 1252
呼符: 33
体力: 222.35 / 137
友情点: 0 / 1028230`
*連続ログイン2日目
※ログインが途切れるか、7日到達すると
1日目から再開されます*
`聖晶石 X 1
12月交換券(2023) X 1
`*日替りログインボーナス*
*開催期間中、1日1回 2週間日替りでログインボーナスをプレゼント！*
`巡霊の葉 X 30
`_2023-12-02 19:36:00_
--------
*002365526c6082faf79c03da7fd608d8*
`登陆天数: 72天 / 1317天
等级: 125
石头: 2258
呼符: 57
体力: 216.95333333333332 / 137
友情点: 0 / 1066850`
*連続ログイン2日目
※ログインが途切れるか、7日到達すると
1日目から再開されます*
`聖晶石 X 1
12月交換券(2023) X 1
`*日替りログインボーナス*
*開催期間中、1日1回 2週間日替りでログインボーナスをプレゼント！*
`巡霊の葉 X 30
`_2023-12-02 19:36:09_
--------
*b57277a963646f6a6118aa9812c5c9b1*
`登陆天数: 72天 / 1068天
等级: 125
石头: 473
呼符: 57
体力: 216.47 / 137
友情点: 0 / 896750`
*連続ログイン2日目
※ログインが途切れるか、7日到達すると
1日目から再開されます*
`聖晶石 X 1
12月交換券(2023) X 1
`*日替りログインボーナス*
*開催期間中、1日1回 2週間日替りでログインボーナスをプレゼント！*
`巡霊の葉 X 30
`_2023-12-02 19:36:18_
--------
*78a969e3ef03a664db1b4c64e8efab87*
`登陆天数: 72天 / 909天
等级: 122
石头: 987
呼符: 33
体力: 224.66666666666669 / 136
友情点: 0 / 676500`
*連続ログイン2日目
※ログインが途切れるか、7日到達すると
1日目から再開されます*
`聖晶石 X 1
12月交換券(2023) X 1
`*日替りログインボーナス*
*開催期間中、1日1回 2週間日替りでログインボーナスをプレゼント！*
`巡霊の葉 X 30
`_2023-12-02 19:36:26_
--------
*67f5eab36d4419e15dc3da66e73fbac4*
`登陆天数: 78天 / 319天
等级: 127
石头: 191
呼符: 16
体力: 299.63 / 137
友情点: 0 / 333225`
*連続ログイン1日目
※ログインが途切れるか、7日到達すると
1日目から再開されます*
`フレンドポイント X 2000
12月交換券(2023) X 1
`*日替りログインボーナス*
*開催期間中、1日1回 2週間日替りでログインボーナスをプレゼント！*
`巡霊の葉 X 30
`_2023-12-02 19:36:35_
--------
*74c9dc067ca8484fc3c82ad192233de3*
`登陆天数: 78天 / 324天
等级: 127
石头: 294
呼符: 35
体力: 299.88 / 137
友情点: 0 / 327575`
*連続ログイン1日目
※ログインが途切れるか、7日到達すると
1日目から再開されます*
`フレンドポイント X 2000
12月交換券(2023) X 1
`*日替りログインボーナス*
*開催期間中、1日1回 2週間日替りでログインボーナスをプレゼント！*
`巡霊の葉 X 30
`_2023-12-02 19:36:43_
--------
*e0c45f5638e0c59da7e446d0f18947cc*
`登陆天数: 27天 / 726天
等级: 1
石头: 59
呼符: 13
体力: 825489.11 / 20
友情点: 0 / 398000`
*連続ログイン6日目
※ログインが途切れるか、7日到達すると
1日目から再開されます*
`聖晶石 X 2
12月交換券(2023) X 1
`_2023-12-02 19:36:52_
--------
