【登录信息】
*061c88bb57f7c5fb18491d9b553538f6*
`登陆天数: 73天 / 1249天
等级: 126
石头: 1253
呼符: 33
体力: 231.56333333333333 / 137
友情点: 0 / 1028230`
*連続ログイン3日目
※ログインが途切れるか、7日到達すると
1日目から再開されます*
`叡智の業火 X 1
12月交換券(2023) X 1
`*日替りログインボーナス*
*開催期間中、1日1回 2週間日替りでログインボーナスをプレゼント！*
`巡霊の葉 X 30
`_2023-12-03 19:36:01_
--------
*002365526c6082faf79c03da7fd608d8*
`登陆天数: 73天 / 1318天
等级: 125
石头: 2259
呼符: 57
体力: 231.06 / 137
友情点: 0 / 1066850`
*連続ログイン3日目
※ログインが途切れるか、7日到達すると
1日目から再開されます*
`叡智の業火 X 1
12月交換券(2023) X 1
`*日替りログインボーナス*
*開催期間中、1日1回 2週間日替りでログインボーナスをプレゼント！*
`巡霊の葉 X 30
`_2023-12-03 19:36:10_
--------
*b57277a963646f6a6118aa9812c5c9b1*
`登陆天数: 73天 / 1069天
等级: 125
石头: 474
呼符: 57
体力: 230.51333333333332 / 137
友情点: 0 / 896750`
*連続ログイン3日目
※ログインが途切れるか、7日到達すると
1日目から再開されます*
`叡智の業火 X 1
12月交換券(2023) X 1
`*日替りログインボーナス*
*開催期間中、1日1回 2週間日替りでログインボーナスをプレゼント！*
`巡霊の葉 X 30
`_2023-12-03 19:36:18_
--------
*78a969e3ef03a664db1b4c64e8efab87*
`登陆天数: 73天 / 910天
等级: 122
石头: 988
呼符: 33
体力: 235.46666666666667 / 136
友情点: 0 / 676500`
*連続ログイン3日目
※ログインが途切れるか、7日到達すると
1日目から再開されます*
`叡智の業火 X 1
12月交換券(2023) X 1
`*日替りログインボーナス*
*開催期間中、1日1回 2週間日替りでログインボーナスをプレゼント！*
`巡霊の葉 X 30
`_2023-12-03 19:36:26_
--------
*67f5eab36d4419e15dc3da66e73fbac4*
`登陆天数: 79天 / 320天
等级: 127
石头: 192
呼符: 16
体力: 17.27666666666667 / 137
友情点: 0 / 335225`
_2023-12-03 19:36:34_
--------
*74c9dc067ca8484fc3c82ad192233de3*
`登陆天数: 79天 / 325天
等级: 127
石头: 295
呼符: 35
体力: 17.436666666666667 / 137
友情点: 0 / 329575`
_2023-12-03 19:36:42_
--------
*e0c45f5638e0c59da7e446d0f18947cc*
`登陆天数: 28天 / 727天
等级: 1
石头: 61
呼符: 13
体力: 825777.1033333334 / 20
友情点: 0 / 398000`
*連続ログイン7日間到達おめでとうございます！
明日は1日目からリスタートされます。*
`獣の足跡 X 1
呼符 X 1
12月交換券(2023) X 1
`_2023-12-03 19:36:50_
--------
