【登录信息】
*061c88bb57f7c5fb18491d9b553538f6*
`登陆天数: 75天 / 1251天
等级: 126
石头: 1284
呼符: 33
体力: 234.69333333333333 / 137
友情点: 0 / 1028230`
*連続ログイン5日目
※ログインが途切れるか、7日到達すると
1日目から再開されます*
`叡智の業火 X 2
12月交換券(2023) X 1
`*日替りログインボーナス*
*開催期間中、1日1回 2週間日替りでログインボーナスをプレゼント！*
`聖晶石 X 3
巡霊の葉 X 50
`_2023-12-05 19:35:58_
--------
*002365526c6082faf79c03da7fd608d8*
`登陆天数: 75天 / 1320天
等级: 125
石头: 2260
呼符: 57
体力: 234.20333333333332 / 137
友情点: 0 / 1066850`
*連続ログイン5日目
※ログインが途切れるか、7日到達すると
1日目から再開されます*
`叡智の業火 X 2
12月交換券(2023) X 1
`*日替りログインボーナス*
*開催期間中、1日1回 2週間日替りでログインボーナスをプレゼント！*
`聖晶石 X 3
巡霊の葉 X 50
`_2023-12-05 19:36:06_
--------
*b57277a963646f6a6118aa9812c5c9b1*
`登陆天数: 75天 / 1071天
等级: 125
石头: 475
呼符: 57
体力: 233.66 / 137
友情点: 0 / 896750`
*連続ログイン5日目
※ログインが途切れるか、7日到達すると
1日目から再開されます*
`叡智の業火 X 2
12月交換券(2023) X 1
`*日替りログインボーナス*
*開催期間中、1日1回 2週間日替りでログインボーナスをプレゼント！*
`聖晶石 X 3
巡霊の葉 X 50
`_2023-12-05 19:36:15_
--------
*78a969e3ef03a664db1b4c64e8efab87*
`登陆天数: 75天 / 912天
等级: 122
石头: 989
呼符: 33
体力: 236.66 / 136
友情点: 0 / 676500`
*連続ログイン5日目
※ログインが途切れるか、7日到達すると
1日目から再開されます*
`叡智の業火 X 2
12月交換券(2023) X 1
`*日替りログインボーナス*
*開催期間中、1日1回 2週間日替りでログインボーナスをプレゼント！*
`聖晶石 X 3
巡霊の葉 X 50
`_2023-12-05 19:36:23_
--------
*67f5eab36d4419e15dc3da66e73fbac4*
`登陆天数: 81天 / 322天
等级: 127
石头: 192
呼符: 16
体力: 299.5233333333333 / 137
友情点: 0 / 335225`
*連続ログイン4日目
※ログインが途切れるか、7日到達すると
1日目から再開されます*
`聖晶石 X 1
12月交換券(2023) X 1
`*日替りログインボーナス*
*開催期間中、1日1回 2週間日替りでログインボーナスをプレゼント！*
`聖晶石 X 3
巡霊の葉 X 50
`_2023-12-05 19:36:31_
--------
*74c9dc067ca8484fc3c82ad192233de3*
`登陆天数: 81天 / 327天
等级: 127
石头: 295
呼符: 35
体力: 299.68333333333334 / 137
友情点: 0 / 329575`
*連続ログイン4日目
※ログインが途切れるか、7日到達すると
1日目から再開されます*
`聖晶石 X 1
12月交換券(2023) X 1
`*日替りログインボーナス*
*開催期間中、1日1回 2週間日替りでログインボーナスをプレゼント！*
`聖晶石 X 3
巡霊の葉 X 50
`_2023-12-05 19:36:39_
--------
*e0c45f5638e0c59da7e446d0f18947cc*
`登陆天数: 30天 / 729天
等级: 1
石头: 61
呼符: 14
体力: 826353.0933333334 / 20
友情点: 0 / 400000`
*連続ログイン2日目
※ログインが途切れるか、7日到達すると
1日目から再開されます*
`聖晶石 X 1
12月交換券(2023) X 1
`_2023-12-05 19:36:47_
--------
