【登录信息】
*061c88bb57f7c5fb18491d9b553538f6*
`登陆天数: 78天 / 1254天
等级: 126
石头: 1289
呼符: 39
体力: 188.49666666666667 / 137
友情点: 0 / 1028230`
*連続ログイン1日目
※ログインが途切れるか、7日到達すると
1日目から再開されます*
`フレンドポイント X 2000
12月交換券(2023) X 1
`*激走！川中島24時 ぐだぐだ超五稜郭 殺しのサインはM51
開幕記念 ログインボーナス*
*開催期間中、1日1回 最大21回ログインボーナスをプレゼント！*
`白銀の果実 X 1
`_2023-12-08 19:36:17_
--------
*002365526c6082faf79c03da7fd608d8*
`登陆天数: 78天 / 1323天
等级: 125
石头: 2265
呼符: 63
体力: 187.2 / 137
友情点: 0 / 1066850`
*連続ログイン1日目
※ログインが途切れるか、7日到達すると
1日目から再開されます*
`フレンドポイント X 2000
12月交換券(2023) X 1
`*激走！川中島24時 ぐだぐだ超五稜郭 殺しのサインはM51
開幕記念 ログインボーナス*
*開催期間中、1日1回 最大21回ログインボーナスをプレゼント！*
`白銀の果実 X 1
`_2023-12-08 19:36:25_
--------
*b57277a963646f6a6118aa9812c5c9b1*
`登陆天数: 78天 / 1074天
等级: 125
石头: 480
呼符: 63
体力: 186.75333333333333 / 137
友情点: 0 / 896750`
*連続ログイン1日目
※ログインが途切れるか、7日到達すると
1日目から再開されます*
`フレンドポイント X 2000
12月交換券(2023) X 1
`*激走！川中島24時 ぐだぐだ超五稜郭 殺しのサインはM51
開幕記念 ログインボーナス*
*開催期間中、1日1回 最大21回ログインボーナスをプレゼント！*
`白銀の果実 X 1
`_2023-12-08 19:36:34_
--------
*78a969e3ef03a664db1b4c64e8efab87*
`登陆天数: 78天 / 915天
等级: 122
石头: 994
呼符: 39
体力: 192.33666666666667 / 136
友情点: 0 / 676500`
*連続ログイン1日目
※ログインが途切れるか、7日到達すると
1日目から再開されます*
`フレンドポイント X 2000
12月交換券(2023) X 1
`*激走！川中島24時 ぐだぐだ超五稜郭 殺しのサインはM51
開幕記念 ログインボーナス*
*開催期間中、1日1回 最大21回ログインボーナスをプレゼント！*
`白銀の果実 X 1
`_2023-12-08 19:36:42_
--------
*67f5eab36d4419e15dc3da66e73fbac4*
`登陆天数: 84天 / 325天
等级: 127
石头: 198
呼符: 16
体力: 296.03 / 137
友情点: 0 / 335225`
*連続ログイン7日間到達おめでとうございます！
明日は1日目からリスタートされます。*
`獣の足跡 X 1
呼符 X 1
12月交換券(2023) X 1
`*激走！川中島24時 ぐだぐだ超五稜郭 殺しのサインはM51
開幕記念 ログインボーナス*
*開催期間中、1日1回 最大21回ログインボーナスをプレゼント！*
`白銀の果実 X 1
`_2023-12-08 19:36:51_
--------
*74c9dc067ca8484fc3c82ad192233de3*
`登陆天数: 84天 / 330天
等级: 127
石头: 301
呼符: 35
体力: 296.18666666666667 / 137
友情点: 0 / 329575`
*連続ログイン7日間到達おめでとうございます！
明日は1日目からリスタートされます。*
`獣の足跡 X 1
呼符 X 1
12月交換券(2023) X 1
`*激走！川中島24時 ぐだぐだ超五稜郭 殺しのサインはM51
開幕記念 ログインボーナス*
*開催期間中、1日1回 最大21回ログインボーナスをプレゼント！*
`白銀の果実 X 1
`_2023-12-08 19:36:59_
--------
*e0c45f5638e0c59da7e446d0f18947cc*
`登陆天数: 33天 / 732天
等级: 1
石头: 63
呼符: 19
体力: 827217.1633333333 / 20
友情点: 0 / 400000`
*連続ログイン5日目
※ログインが途切れるか、7日到達すると
1日目から再開されます*
`叡智の業火 X 2
12月交換券(2023) X 1
`_2023-12-08 19:37:08_
--------
