【登录信息】
*061c88bb57f7c5fb18491d9b553538f6*
`登陆天数: 79天 / 1255天
等级: 126
石头: 1289
呼符: 39
体力: 172.48 / 137
友情点: 0 / 1030230`
*連続ログイン2日目
※ログインが途切れるか、7日到達すると
1日目から再開されます*
`聖晶石 X 1
12月交換券(2023) X 1
`*激走！川中島24時 ぐだぐだ超五稜郭 殺しのサインはM51
開幕記念 ログインボーナス*
*開催期間中、1日1回 最大21回ログインボーナスをプレゼント！*
`白銀の果実 X 1
`_2023-12-09 19:36:07_
--------
*002365526c6082faf79c03da7fd608d8*
`登陆天数: 79天 / 1324天
等级: 125
石头: 2265
呼符: 63
体力: 171.89333333333332 / 137
友情点: 0 / 1068850`
*連続ログイン2日目
※ログインが途切れるか、7日到達すると
1日目から再開されます*
`聖晶石 X 1
12月交換券(2023) X 1
`*激走！川中島24時 ぐだぐだ超五稜郭 殺しのサインはM51
開幕記念 ログインボーナス*
*開催期間中、1日1回 最大21回ログインボーナスをプレゼント！*
`白銀の果実 X 1
`_2023-12-09 19:36:15_
--------
*b57277a963646f6a6118aa9812c5c9b1*
`登陆天数: 79天 / 1075天
等级: 125
石头: 480
呼符: 63
体力: 171.41333333333333 / 137
友情点: 0 / 898750`
*連続ログイン2日目
※ログインが途切れるか、7日到達すると
1日目から再開されます*
`聖晶石 X 1
12月交換券(2023) X 1
`*激走！川中島24時 ぐだぐだ超五稜郭 殺しのサインはM51
開幕記念 ログインボーナス*
*開催期間中、1日1回 最大21回ログインボーナスをプレゼント！*
`白銀の果実 X 1
`_2023-12-09 19:36:23_
--------
*78a969e3ef03a664db1b4c64e8efab87*
`登陆天数: 79天 / 916天
等级: 122
石头: 994
呼符: 39
体力: 172.64333333333332 / 136
友情点: 0 / 678500`
*連続ログイン2日目
※ログインが途切れるか、7日到達すると
1日目から再開されます*
`聖晶石 X 1
12月交換券(2023) X 1
`*激走！川中島24時 ぐだぐだ超五稜郭 殺しのサインはM51
開幕記念 ログインボーナス*
*開催期間中、1日1回 最大21回ログインボーナスをプレゼント！*
`白銀の果実 X 1
`_2023-12-09 19:36:32_
--------
*67f5eab36d4419e15dc3da66e73fbac4*
`登陆天数: 85天 / 326天
等级: 127
石头: 198
呼符: 17
体力: 296.31 / 137
友情点: 0 / 335225`
*連続ログイン1日目
※ログインが途切れるか、7日到達すると
1日目から再開されます*
`フレンドポイント X 2000
12月交換券(2023) X 1
`*激走！川中島24時 ぐだぐだ超五稜郭 殺しのサインはM51
開幕記念 ログインボーナス*
*開催期間中、1日1回 最大21回ログインボーナスをプレゼント！*
`白銀の果実 X 1
`_2023-12-09 19:36:40_
--------
*74c9dc067ca8484fc3c82ad192233de3*
`登陆天数: 85天 / 331天
等级: 127
石头: 301
呼符: 36
体力: 296.99 / 137
友情点: 0 / 329575`
*連続ログイン1日目
※ログインが途切れるか、7日到達すると
1日目から再開されます*
`フレンドポイント X 2000
12月交換券(2023) X 1
`*激走！川中島24時 ぐだぐだ超五稜郭 殺しのサインはM51
開幕記念 ログインボーナス*
*開催期間中、1日1回 最大21回ログインボーナスをプレゼント！*
`白銀の果実 X 1
`_2023-12-09 19:36:48_
--------
*e0c45f5638e0c59da7e446d0f18947cc*
`登陆天数: 34天 / 733天
等级: 1
石头: 63
呼符: 19
体力: 827505.1266666667 / 20
友情点: 0 / 400000`
*連続ログイン6日目
※ログインが途切れるか、7日到達すると
1日目から再開されます*
`聖晶石 X 2
12月交換券(2023) X 1
`_2023-12-09 19:36:56_
--------
