【登录信息】
*061c88bb57f7c5fb18491d9b553538f6*
`登陆天数: 81天 / 1257天
等级: 126
石头: 1290
呼符: 39
体力: 482.8 / 137
友情点: 0 / 1030230`
*連続ログイン4日目
※ログインが途切れるか、7日到達すると
1日目から再開されます*
`聖晶石 X 1
12月交換券(2023) X 1
`*激走！川中島24時 ぐだぐだ超五稜郭 殺しのサインはM51
開幕記念 ログインボーナス*
*開催期間中、1日1回 最大21回ログインボーナスをプレゼント！*
`白銀の果実 X 1
`_2023-12-11 19:36:03_
--------
*002365526c6082faf79c03da7fd608d8*
`登陆天数: 81天 / 1326天
等级: 125
石头: 2266
呼符: 63
体力: 482.18333333333334 / 137
友情点: 0 / 1068850`
*連続ログイン4日目
※ログインが途切れるか、7日到達すると
1日目から再開されます*
`聖晶石 X 1
12月交換券(2023) X 1
`*激走！川中島24時 ぐだぐだ超五稜郭 殺しのサインはM51
開幕記念 ログインボーナス*
*開催期間中、1日1回 最大21回ログインボーナスをプレゼント！*
`白銀の果実 X 1
`_2023-12-11 19:36:11_
--------
*b57277a963646f6a6118aa9812c5c9b1*
`登陆天数: 81天 / 1077天
等级: 125
石头: 481
呼符: 63
体力: 481.2133333333333 / 137
友情点: 0 / 898750`
*連続ログイン4日目
※ログインが途切れるか、7日到達すると
1日目から再開されます*
`聖晶石 X 1
12月交換券(2023) X 1
`*激走！川中島24時 ぐだぐだ超五稜郭 殺しのサインはM51
開幕記念 ログインボーナス*
*開催期間中、1日1回 最大21回ログインボーナスをプレゼント！*
`白銀の果実 X 1
`_2023-12-11 19:36:19_
--------
*78a969e3ef03a664db1b4c64e8efab87*
`登陆天数: 81天 / 918天
等级: 122
石头: 995
呼符: 39
体力: 486.25333333333333 / 136
友情点: 0 / 678500`
*連続ログイン4日目
※ログインが途切れるか、7日到達すると
1日目から再開されます*
`聖晶石 X 1
12月交換券(2023) X 1
`*激走！川中島24時 ぐだぐだ超五稜郭 殺しのサインはM51
開幕記念 ログインボーナス*
*開催期間中、1日1回 最大21回ログインボーナスをプレゼント！*
`白銀の果実 X 1
`_2023-12-11 19:36:28_
--------
*67f5eab36d4419e15dc3da66e73fbac4*
`登陆天数: 87天 / 328天
等级: 127
石头: 199
呼符: 22
体力: 297.12333333333333 / 137
友情点: 0 / 337225`
*連続ログイン3日目
※ログインが途切れるか、7日到達すると
1日目から再開されます*
`叡智の業火 X 1
12月交換券(2023) X 1
`*激走！川中島24時 ぐだぐだ超五稜郭 殺しのサインはM51
開幕記念 ログインボーナス*
*開催期間中、1日1回 最大21回ログインボーナスをプレゼント！*
`白銀の果実 X 1
`_2023-12-11 19:36:36_
--------
*74c9dc067ca8484fc3c82ad192233de3*
`登陆天数: 87天 / 333天
等级: 127
石头: 302
呼符: 41
体力: 297.28 / 137
友情点: 0 / 331575`
*連続ログイン3日目
※ログインが途切れるか、7日到達すると
1日目から再開されます*
`叡智の業火 X 1
12月交換券(2023) X 1
`*激走！川中島24時 ぐだぐだ超五稜郭 殺しのサインはM51
開幕記念 ログインボーナス*
*開催期間中、1日1回 最大21回ログインボーナスをプレゼント！*
`白銀の果実 X 1
`_2023-12-11 19:36:44_
--------
*e0c45f5638e0c59da7e446d0f18947cc*
`登陆天数: 36天 / 735天
等级: 1
石头: 63
呼符: 19
体力: 828081.1166666667 / 20
友情点: 0 / 400000`
*連続ログイン1日目
※ログインが途切れるか、7日到達すると
1日目から再開されます*
`フレンドポイント X 2000
12月交換券(2023) X 1
`*使用期限付コンティニューアイテムプレゼント！*
*開催期間中、初回ログインでコンティニューアイテム「霊脈石×3」をプレゼント！*
`霊脈石 X 3
`_2023-12-11 19:36:53_
--------
