【登录信息】
*061c88bb57f7c5fb18491d9b553538f6*
`登陆天数: 82天 / 1258天
等级: 126
石头: 1291
呼符: 39
体力: 147.26666666666668 / 137
友情点: 0 / 1030230`
*連続ログイン5日目
※ログインが途切れるか、7日到達すると
1日目から再開されます*
`叡智の業火 X 2
12月交換券(2023) X 1
`*激走！川中島24時 ぐだぐだ超五稜郭 殺しのサインはM51
開幕記念 ログインボーナス*
*開催期間中、1日1回 最大21回ログインボーナスをプレゼント！*
`黄金の果実 X 1
`_2023-12-12 19:36:24_
--------
*002365526c6082faf79c03da7fd608d8*
`登陆天数: 82天 / 1327天
等级: 125
石头: 2267
呼符: 63
体力: 144.86666666666667 / 137
友情点: 0 / 1068850`
*連続ログイン5日目
※ログインが途切れるか、7日到達すると
1日目から再開されます*
`叡智の業火 X 2
12月交換券(2023) X 1
`*激走！川中島24時 ぐだぐだ超五稜郭 殺しのサインはM51
開幕記念 ログインボーナス*
*開催期間中、1日1回 最大21回ログインボーナスをプレゼント！*
`黄金の果実 X 1
`_2023-12-12 19:36:32_
--------
*b57277a963646f6a6118aa9812c5c9b1*
`登陆天数: 82天 / 1078天
等级: 125
石头: 482
呼符: 63
体力: 144.41 / 137
友情点: 0 / 898750`
*連続ログイン5日目
※ログインが途切れるか、7日到達すると
1日目から再開されます*
`叡智の業火 X 2
12月交換券(2023) X 1
`*激走！川中島24時 ぐだぐだ超五稜郭 殺しのサインはM51
開幕記念 ログインボーナス*
*開催期間中、1日1回 最大21回ログインボーナスをプレゼント！*
`黄金の果実 X 1
`_2023-12-12 19:36:41_
--------
*78a969e3ef03a664db1b4c64e8efab87*
`登陆天数: 82天 / 919天
等级: 122
石头: 996
呼符: 39
体力: 147.85333333333332 / 136
友情点: 0 / 678500`
*連続ログイン5日目
※ログインが途切れるか、7日到達すると
1日目から再開されます*
`叡智の業火 X 2
12月交換券(2023) X 1
`*激走！川中島24時 ぐだぐだ超五稜郭 殺しのサインはM51
開幕記念 ログインボーナス*
*開催期間中、1日1回 最大21回ログインボーナスをプレゼント！*
`黄金の果実 X 1
`_2023-12-12 19:36:49_
--------
*67f5eab36d4419e15dc3da66e73fbac4*
`登陆天数: 88天 / 329天
等级: 127
石头: 199
呼符: 22
体力: 293.93666666666667 / 137
友情点: 0 / 337225`
*連続ログイン4日目
※ログインが途切れるか、7日到達すると
1日目から再開されます*
`聖晶石 X 1
12月交換券(2023) X 1
`*激走！川中島24時 ぐだぐだ超五稜郭 殺しのサインはM51
開幕記念 ログインボーナス*
*開催期間中、1日1回 最大21回ログインボーナスをプレゼント！*
`白銀の果実 X 1
`_2023-12-12 19:36:57_
--------
*74c9dc067ca8484fc3c82ad192233de3*
`登陆天数: 88天 / 334天
等级: 127
石头: 302
呼符: 41
体力: 294.1066666666667 / 137
友情点: 0 / 331575`
*連続ログイン4日目
※ログインが途切れるか、7日到達すると
1日目から再開されます*
`聖晶石 X 1
12月交換券(2023) X 1
`*激走！川中島24時 ぐだぐだ超五稜郭 殺しのサインはM51
開幕記念 ログインボーナス*
*開催期間中、1日1回 最大21回ログインボーナスをプレゼント！*
`白銀の果実 X 1
`_2023-12-12 19:37:05_
--------
*e0c45f5638e0c59da7e446d0f18947cc*
`登陆天数: 37天 / 736天
等级: 1
石头: 63
呼符: 19
体力: 828369.1833333333 / 20
友情点: 0 / 400000`
*連続ログイン2日目
※ログインが途切れるか、7日到達すると
1日目から再開されます*
`聖晶石 X 1
12月交換券(2023) X 1
`_2023-12-12 19:37:14_
--------
