【登录信息】
*061c88bb57f7c5fb18491d9b553538f6*
`登陆天数: 85天 / 1261天
等级: 126
石头: 1293
呼符: 40
体力: 89.55666666666667 / 137
友情点: 0 / 1030230`
*連続ログイン1日目
※ログインが途切れるか、7日到達すると
1日目から再開されます*
`フレンドポイント X 2000
12月交換券(2023) X 1
`*激走！川中島24時 ぐだぐだ超五稜郭 殺しのサインはM51
開幕記念 ログインボーナス*
*開催期間中、1日1回 最大21回ログインボーナスをプレゼント！*
`白銀の果実 X 1
`_2023-12-15 19:35:58_
--------
*002365526c6082faf79c03da7fd608d8*
`登陆天数: 85天 / 1330天
等级: 125
石头: 2269
呼符: 64
体力: 88.94666666666666 / 137
友情点: 0 / 1068850`
*連続ログイン1日目
※ログインが途切れるか、7日到達すると
1日目から再開されます*
`フレンドポイント X 2000
12月交換券(2023) X 1
`*激走！川中島24時 ぐだぐだ超五稜郭 殺しのサインはM51
開幕記念 ログインボーナス*
*開催期間中、1日1回 最大21回ログインボーナスをプレゼント！*
`白銀の果実 X 1
`_2023-12-15 19:36:07_
--------
*b57277a963646f6a6118aa9812c5c9b1*
`登陆天数: 85天 / 1081天
等级: 125
石头: 484
呼符: 64
体力: 88.52666666666667 / 137
友情点: 0 / 898750`
*連続ログイン1日目
※ログインが途切れるか、7日到達すると
1日目から再開されます*
`フレンドポイント X 2000
12月交換券(2023) X 1
`*激走！川中島24時 ぐだぐだ超五稜郭 殺しのサインはM51
開幕記念 ログインボーナス*
*開催期間中、1日1回 最大21回ログインボーナスをプレゼント！*
`白銀の果実 X 1
`_2023-12-15 19:36:16_
--------
*78a969e3ef03a664db1b4c64e8efab87*
`登陆天数: 85天 / 922天
等级: 122
石头: 998
呼符: 40
体力: 91.7 / 136
友情点: 0 / 678500`
*連続ログイン1日目
※ログインが途切れるか、7日到達すると
1日目から再開されます*
`フレンドポイント X 2000
12月交換券(2023) X 1
`*激走！川中島24時 ぐだぐだ超五稜郭 殺しのサインはM51
開幕記念 ログインボーナス*
*開催期間中、1日1回 最大21回ログインボーナスをプレゼント！*
`白銀の果実 X 1
`_2023-12-15 19:36:25_
--------
*67f5eab36d4419e15dc3da66e73fbac4*
`登陆天数: 91天 / 332天
等级: 127
石头: 202
呼符: 22
体力: 299.3566666666667 / 137
友情点: 0 / 337225`
*連続ログイン7日間到達おめでとうございます！
明日は1日目からリスタートされます。*
`獣の足跡 X 1
呼符 X 1
12月交換券(2023) X 1
`*激走！川中島24時 ぐだぐだ超五稜郭 殺しのサインはM51
開幕記念 ログインボーナス*
*開催期間中、1日1回 最大21回ログインボーナスをプレゼント！*
`白銀の果実 X 1
`_2023-12-15 19:36:33_
--------
*74c9dc067ca8484fc3c82ad192233de3*
`登陆天数: 91天 / 337天
等级: 127
石头: 305
呼符: 41
体力: 299.65 / 137
友情点: 0 / 331575`
*連続ログイン7日間到達おめでとうございます！
明日は1日目からリスタートされます。*
`獣の足跡 X 1
呼符 X 1
12月交換券(2023) X 1
`*激走！川中島24時 ぐだぐだ超五稜郭 殺しのサインはM51
開幕記念 ログインボーナス*
*開催期間中、1日1回 最大21回ログインボーナスをプレゼント！*
`白銀の果実 X 1
`_2023-12-15 19:36:41_
--------
*e0c45f5638e0c59da7e446d0f18947cc*
`登陆天数: 40天 / 739天
等级: 1
石头: 63
呼符: 19
体力: 829233.1066666667 / 20
友情点: 0 / 400000`
*連続ログイン5日目
※ログインが途切れるか、7日到達すると
1日目から再開されます*
`叡智の業火 X 2
12月交換券(2023) X 1
`_2023-12-15 19:36:50_
--------
