【登录信息】
*061c88bb57f7c5fb18491d9b553538f6*
`登陆天数: 86天 / 1262天
等级: 126
石头: 1293
呼符: 40
体力: 53.43666666666667 / 137
友情点: 0 / 1032230`
*連続ログイン2日目
※ログインが途切れるか、7日到達すると
1日目から再開されます*
`聖晶石 X 1
12月交換券(2023) X 1
`*激走！川中島24時 ぐだぐだ超五稜郭 殺しのサインはM51
開幕記念 ログインボーナス*
*開催期間中、1日1回 最大21回ログインボーナスをプレゼント！*
`白銀の果実 X 1
`_2023-12-16 19:36:14_
--------
*002365526c6082faf79c03da7fd608d8*
`登陆天数: 86天 / 1331天
等级: 125
石头: 2269
呼符: 64
体力: 52.7 / 137
友情点: 0 / 1070850`
*連続ログイン2日目
※ログインが途切れるか、7日到達すると
1日目から再開されます*
`聖晶石 X 1
12月交換券(2023) X 1
`*激走！川中島24時 ぐだぐだ超五稜郭 殺しのサインはM51
開幕記念 ログインボーナス*
*開催期間中、1日1回 最大21回ログインボーナスをプレゼント！*
`白銀の果実 X 1
`_2023-12-16 19:36:22_
--------
*b57277a963646f6a6118aa9812c5c9b1*
`登陆天数: 86天 / 1082天
等级: 125
石头: 484
呼符: 64
体力: 52.02666666666667 / 137
友情点: 0 / 900750`
*連続ログイン2日目
※ログインが途切れるか、7日到達すると
1日目から再開されます*
`聖晶石 X 1
12月交換券(2023) X 1
`*激走！川中島24時 ぐだぐだ超五稜郭 殺しのサインはM51
開幕記念 ログインボーナス*
*開催期間中、1日1回 最大21回ログインボーナスをプレゼント！*
`白銀の果実 X 1
`_2023-12-16 19:36:30_
--------
*78a969e3ef03a664db1b4c64e8efab87*
`登陆天数: 86天 / 923天
等级: 122
石头: 998
呼符: 40
体力: 59.66 / 136
友情点: 0 / 680500`
*連続ログイン2日目
※ログインが途切れるか、7日到達すると
1日目から再開されます*
`聖晶石 X 1
12月交換券(2023) X 1
`*激走！川中島24時 ぐだぐだ超五稜郭 殺しのサインはM51
開幕記念 ログインボーナス*
*開催期間中、1日1回 最大21回ログインボーナスをプレゼント！*
`白銀の果実 X 1
`_2023-12-16 19:36:38_
--------
*67f5eab36d4419e15dc3da66e73fbac4*
`登陆天数: 92天 / 333天
等级: 127
石头: 202
呼符: 23
体力: 287.12 / 137
友情点: 0 / 337225`
*連続ログイン1日目
※ログインが途切れるか、7日到達すると
1日目から再開されます*
`フレンドポイント X 2000
12月交換券(2023) X 1
`*激走！川中島24時 ぐだぐだ超五稜郭 殺しのサインはM51
開幕記念 ログインボーナス*
*開催期間中、1日1回 最大21回ログインボーナスをプレゼント！*
`白銀の果実 X 1
`_2023-12-16 19:36:47_
--------
*74c9dc067ca8484fc3c82ad192233de3*
`登陆天数: 92天 / 338天
等级: 127
石头: 305
呼符: 42
体力: 287.6066666666667 / 137
友情点: 0 / 331575`
*連続ログイン1日目
※ログインが途切れるか、7日到達すると
1日目から再開されます*
`フレンドポイント X 2000
12月交換券(2023) X 1
`*激走！川中島24時 ぐだぐだ超五稜郭 殺しのサインはM51
開幕記念 ログインボーナス*
*開催期間中、1日1回 最大21回ログインボーナスをプレゼント！*
`白銀の果実 X 1
`_2023-12-16 19:36:55_
--------
*e0c45f5638e0c59da7e446d0f18947cc*
`登陆天数: 41天 / 740天
等级: 1
石头: 63
呼符: 19
体力: 829521.1466666666 / 20
友情点: 0 / 400000`
*連続ログイン6日目
※ログインが途切れるか、7日到達すると
1日目から再開されます*
`聖晶石 X 2
12月交換券(2023) X 1
`_2023-12-16 19:37:03_
--------
