【登录信息】
*061c88bb57f7c5fb18491d9b553538f6*
`登陆天数: 87天 / 1263天
等级: 126
石头: 1294
呼符: 40
体力: 130.16333333333333 / 137
友情点: 0 / 1032230`
*連続ログイン3日目
※ログインが途切れるか、7日到達すると
1日目から再開されます*
`叡智の業火 X 1
12月交換券(2023) X 1
`*激走！川中島24時 ぐだぐだ超五稜郭 殺しのサインはM51
開幕記念 ログインボーナス*
*開催期間中、1日1回 最大21回ログインボーナスをプレゼント！*
`白銀の果実 X 1
`_2023-12-17 19:36:05_
--------
*002365526c6082faf79c03da7fd608d8*
`登陆天数: 87天 / 1332天
等级: 125
石头: 2270
呼符: 64
体力: 129.74 / 137
友情点: 0 / 1070850`
*連続ログイン3日目
※ログインが途切れるか、7日到達すると
1日目から再開されます*
`叡智の業火 X 1
12月交換券(2023) X 1
`*激走！川中島24時 ぐだぐだ超五稜郭 殺しのサインはM51
開幕記念 ログインボーナス*
*開催期間中、1日1回 最大21回ログインボーナスをプレゼント！*
`白銀の果実 X 1
`_2023-12-17 19:36:13_
--------
*b57277a963646f6a6118aa9812c5c9b1*
`登陆天数: 87天 / 1083天
等级: 125
石头: 485
呼符: 64
体力: 129.42 / 137
友情点: 0 / 900750`
*連続ログイン3日目
※ログインが途切れるか、7日到達すると
1日目から再開されます*
`叡智の業火 X 1
12月交換券(2023) X 1
`*激走！川中島24時 ぐだぐだ超五稜郭 殺しのサインはM51
開幕記念 ログインボーナス*
*開催期間中、1日1回 最大21回ログインボーナスをプレゼント！*
`白銀の果実 X 1
`_2023-12-17 19:36:22_
--------
*78a969e3ef03a664db1b4c64e8efab87*
`登陆天数: 87天 / 924天
等级: 122
石头: 999
呼符: 40
体力: 132.1 / 136
友情点: 0 / 680500`
*連続ログイン3日目
※ログインが途切れるか、7日到達すると
1日目から再開されます*
`叡智の業火 X 1
12月交換券(2023) X 1
`*激走！川中島24時 ぐだぐだ超五稜郭 殺しのサインはM51
開幕記念 ログインボーナス*
*開催期間中、1日1回 最大21回ログインボーナスをプレゼント！*
`白銀の果実 X 1
`_2023-12-17 19:36:31_
--------
*67f5eab36d4419e15dc3da66e73fbac4*
`登陆天数: 93天 / 334天
等级: 127
石头: 202
呼符: 23
体力: 297.02666666666664 / 137
友情点: 0 / 339225`
*連続ログイン2日目
※ログインが途切れるか、7日到達すると
1日目から再開されます*
`聖晶石 X 1
12月交換券(2023) X 1
`*激走！川中島24時 ぐだぐだ超五稜郭 殺しのサインはM51
開幕記念 ログインボーナス*
*開催期間中、1日1回 最大21回ログインボーナスをプレゼント！*
`白銀の果実 X 1
`_2023-12-17 19:36:39_
--------
*74c9dc067ca8484fc3c82ad192233de3*
`登陆天数: 93天 / 339天
等级: 127
石头: 305
呼符: 42
体力: 297.28 / 137
友情点: 0 / 333575`
*連続ログイン2日目
※ログインが途切れるか、7日到達すると
1日目から再開されます*
`聖晶石 X 1
12月交換券(2023) X 1
`*激走！川中島24時 ぐだぐだ超五稜郭 殺しのサインはM51
開幕記念 ログインボーナス*
*開催期間中、1日1回 最大21回ログインボーナスをプレゼント！*
`白銀の果実 X 1
`_2023-12-17 19:36:47_
--------
*e0c45f5638e0c59da7e446d0f18947cc*
`登陆天数: 42天 / 741天
等级: 1
石头: 63
呼符: 19
体力: 829809.1233333333 / 20
友情点: 0 / 400000`
*連続ログイン7日間到達おめでとうございます！
明日は1日目からリスタートされます。*
`獣の足跡 X 1
呼符 X 1
12月交換券(2023) X 1
`_2023-12-17 19:36:56_
--------
