【登录信息】
*061c88bb57f7c5fb18491d9b553538f6*
`登陆天数: 88天 / 1264天
等级: 127
石头: 1308
呼符: 40
体力: 101.63333333333333 / 137
友情点: 0 / 1040765`
*連続ログイン4日目
※ログインが途切れるか、7日到達すると
1日目から再開されます*
`聖晶石 X 1
12月交換券(2023) X 1
`*激走！川中島24時 ぐだぐだ超五稜郭 殺しのサインはM51
開幕記念 ログインボーナス*
*開催期間中、1日1回 最大21回ログインボーナスをプレゼント！*
`白銀の果実 X 1
`_2023-12-18 19:36:16_
--------
*002365526c6082faf79c03da7fd608d8*
`登陆天数: 88天 / 1333天
等级: 125
石头: 2270
呼符: 64
体力: 91.29666666666667 / 137
友情点: 0 / 1070850`
*連続ログイン4日目
※ログインが途切れるか、7日到達すると
1日目から再開されます*
`聖晶石 X 1
12月交換券(2023) X 1
`*激走！川中島24時 ぐだぐだ超五稜郭 殺しのサインはM51
開幕記念 ログインボーナス*
*開催期間中、1日1回 最大21回ログインボーナスをプレゼント！*
`白銀の果実 X 1
`_2023-12-18 19:36:24_
--------
*b57277a963646f6a6118aa9812c5c9b1*
`登陆天数: 88天 / 1084天
等级: 125
石头: 485
呼符: 64
体力: 90.85666666666667 / 137
友情点: 0 / 900750`
*連続ログイン4日目
※ログインが途切れるか、7日到達すると
1日目から再開されます*
`聖晶石 X 1
12月交換券(2023) X 1
`*激走！川中島24時 ぐだぐだ超五稜郭 殺しのサインはM51
開幕記念 ログインボーナス*
*開催期間中、1日1回 最大21回ログインボーナスをプレゼント！*
`白銀の果実 X 1
`_2023-12-18 19:36:32_
--------
*78a969e3ef03a664db1b4c64e8efab87*
`登陆天数: 88天 / 925天
等级: 122
石头: 999
呼符: 40
体力: 91.87333333333333 / 136
友情点: 0 / 680500`
*連続ログイン4日目
※ログインが途切れるか、7日到達すると
1日目から再開されます*
`聖晶石 X 1
12月交換券(2023) X 1
`*激走！川中島24時 ぐだぐだ超五稜郭 殺しのサインはM51
開幕記念 ログインボーナス*
*開催期間中、1日1回 最大21回ログインボーナスをプレゼント！*
`白銀の果実 X 1
`_2023-12-18 19:36:40_
--------
*67f5eab36d4419e15dc3da66e73fbac4*
`登陆天数: 94天 / 335天
等级: 127
石头: 203
呼符: 23
体力: 286.74333333333334 / 137
友情点: 0 / 339225`
*連続ログイン3日目
※ログインが途切れるか、7日到達すると
1日目から再開されます*
`叡智の業火 X 1
12月交換券(2023) X 1
`*激走！川中島24時 ぐだぐだ超五稜郭 殺しのサインはM51
開幕記念 ログインボーナス*
*開催期間中、1日1回 最大21回ログインボーナスをプレゼント！*
`白銀の果実 X 1
`_2023-12-18 19:36:48_
--------
*74c9dc067ca8484fc3c82ad192233de3*
`登陆天数: 94天 / 340天
等级: 127
石头: 306
呼符: 42
体力: 284.26666666666665 / 137
友情点: 0 / 333575`
*連続ログイン3日目
※ログインが途切れるか、7日到達すると
1日目から再開されます*
`叡智の業火 X 1
12月交換券(2023) X 1
`*激走！川中島24時 ぐだぐだ超五稜郭 殺しのサインはM51
開幕記念 ログインボーナス*
*開催期間中、1日1回 最大21回ログインボーナスをプレゼント！*
`白銀の果実 X 1
`_2023-12-18 19:36:56_
--------
*e0c45f5638e0c59da7e446d0f18947cc*
`登陆天数: 43天 / 742天
等级: 1
石头: 63
呼符: 19
体力: 830097.15 / 20
友情点: 0 / 400000`
*連続ログイン1日目
※ログインが途切れるか、7日到達すると
1日目から再開されます*
`フレンドポイント X 2000
12月交換券(2023) X 1
`_2023-12-18 19:37:04_
--------
