【登录信息】
*061c88bb57f7c5fb18491d9b553538f6*
`登陆天数: 89天 / 1265天
等级: 127
石头: 1309
呼符: 40
体力: 79.15666666666667 / 137
友情点: 0 / 1040765`
*連続ログイン5日目
※ログインが途切れるか、7日到達すると
1日目から再開されます*
`叡智の業火 X 2
12月交換券(2023) X 1
`_2023-12-19 19:36:31_
--------
*002365526c6082faf79c03da7fd608d8*
`登陆天数: 89天 / 1334天
等级: 125
石头: 2271
呼符: 64
体力: 78.66 / 137
友情点: 0 / 1070850`
*連続ログイン5日目
※ログインが途切れるか、7日到達すると
1日目から再開されます*
`叡智の業火 X 2
12月交換券(2023) X 1
`_2023-12-19 19:36:38_
--------
*b57277a963646f6a6118aa9812c5c9b1*
`登陆天数: 89天 / 1085天
等级: 125
石头: 486
呼符: 64
体力: 77.19333333333333 / 137
友情点: 0 / 900750`
*連続ログイン5日目
※ログインが途切れるか、7日到達すると
1日目から再開されます*
`叡智の業火 X 2
12月交換券(2023) X 1
`_2023-12-19 19:36:46_
--------
*78a969e3ef03a664db1b4c64e8efab87*
`登陆天数: 89天 / 926天
等级: 122
石头: 1000
呼符: 40
体力: 79.17666666666668 / 136
友情点: 0 / 680500`
*連続ログイン5日目
※ログインが途切れるか、7日到達すると
1日目から再開されます*
`叡智の業火 X 2
12月交換券(2023) X 1
`_2023-12-19 19:36:53_
--------
*67f5eab36d4419e15dc3da66e73fbac4*
`登陆天数: 95天 / 336天
等级: 127
石头: 203
呼符: 23
体力: 277.2366666666667 / 137
友情点: 0 / 339225`
*連続ログイン4日目
※ログインが途切れるか、7日到達すると
1日目から再開されます*
`聖晶石 X 1
12月交換券(2023) X 1
`_2023-12-19 19:37:01_
--------
*74c9dc067ca8484fc3c82ad192233de3*
`登陆天数: 95天 / 341天
等级: 127
石头: 306
呼符: 42
体力: 277.40999999999997 / 137
友情点: 0 / 333575`
*連続ログイン4日目
※ログインが途切れるか、7日到達すると
1日目から再開されます*
`聖晶石 X 1
12月交換券(2023) X 1
`_2023-12-19 19:37:08_
--------
*e0c45f5638e0c59da7e446d0f18947cc*
`登陆天数: 44天 / 743天
等级: 1
石头: 63
呼符: 19
体力: 830385.19 / 20
友情点: 0 / 400000`
*連続ログイン2日目
※ログインが途切れるか、7日到達すると
1日目から再開されます*
`聖晶石 X 1
12月交換券(2023) X 1
`_2023-12-19 19:37:16_
--------
