【登录信息】
*061c88bb57f7c5fb18491d9b553538f6*
`登陆天数: 90天 / 1266天
等级: 128
石头: 1399
呼符: 40
体力: 59.69666666666667 / 137
友情点: 0 / 1047025`
*連続ログイン6日目
※ログインが途切れるか、7日到達すると
1日目から再開されます*
`聖晶石 X 2
12月交換券(2023) X 1
`*雪原のメリー・クリスマス2023 ～7days / 8years Snow Carol～開幕記念 ログインボーナス*
*開催期間中、1日1回 最大10回ログインボーナスをプレゼント！*
`白銀の果実 X 1
`_2023-12-20 19:36:19_
--------
*002365526c6082faf79c03da7fd608d8*
`登陆天数: 90天 / 1335天
等级: 126
石头: 2307
呼符: 64
体力: 41.46333333333334 / 137
友情点: 0 / 1076760`
_2023-12-20 19:36:26_
--------
*b57277a963646f6a6118aa9812c5c9b1*
`登陆天数: 90天 / 1086天
等级: 125
石头: 491
呼符: 64
体力: 178.05 / 137
友情点: 0 / 900750`
*連続ログイン6日目
※ログインが途切れるか、7日到達すると
1日目から再開されます*
`聖晶石 X 2
12月交換券(2023) X 1
`*雪原のメリー・クリスマス2023 ～7days / 8years Snow Carol～開幕記念 ログインボーナス*
*開催期間中、1日1回 最大10回ログインボーナスをプレゼント！*
`白銀の果実 X 1
`_2023-12-20 19:36:34_
--------
*78a969e3ef03a664db1b4c64e8efab87*
`登陆天数: 90天 / 927天
等级: 122
石头: 1005
呼符: 40
体力: 179.57666666666665 / 136
友情点: 0 / 680500`
*連続ログイン6日目
※ログインが途切れるか、7日到達すると
1日目から再開されます*
`聖晶石 X 2
12月交換券(2023) X 1
`*雪原のメリー・クリスマス2023 ～7days / 8years Snow Carol～開幕記念 ログインボーナス*
*開催期間中、1日1回 最大10回ログインボーナスをプレゼント！*
`白銀の果実 X 1
`_2023-12-20 19:36:42_
--------
*67f5eab36d4419e15dc3da66e73fbac4*
`登陆天数: 96天 / 337天
等级: 127
石头: 209
呼符: 23
体力: 286.41666666666663 / 137
友情点: 0 / 339225`
*連続ログイン5日目
※ログインが途切れるか、7日到達すると
1日目から再開されます*
`叡智の業火 X 2
12月交換券(2023) X 1
`*雪原のメリー・クリスマス2023 ～7days / 8years Snow Carol～開幕記念 ログインボーナス*
*開催期間中、1日1回 最大10回ログインボーナスをプレゼント！*
`黄金の果実 X 1
`_2023-12-20 19:36:49_
--------
*74c9dc067ca8484fc3c82ad192233de3*
`登陆天数: 96天 / 342天
等级: 127
石头: 312
呼符: 42
体力: 289.2833333333333 / 137
友情点: 0 / 333575`
*連続ログイン5日目
※ログインが途切れるか、7日到達すると
1日目から再開されます*
`叡智の業火 X 2
12月交換券(2023) X 1
`*雪原のメリー・クリスマス2023 ～7days / 8years Snow Carol～開幕記念 ログインボーナス*
*開催期間中、1日1回 最大10回ログインボーナスをプレゼント！*
`黄金の果実 X 1
`_2023-12-20 19:36:57_
--------
*e0c45f5638e0c59da7e446d0f18947cc*
`登陆天数: 45天 / 744天
等级: 1
石头: 63
呼符: 19
体力: 830673.1533333333 / 20
友情点: 0 / 400000`
*連続ログイン3日目
※ログインが途切れるか、7日到達すると
1日目から再開されます*
`叡智の業火 X 1
12月交換券(2023) X 1
`_2023-12-20 19:37:05_
--------
