【登录信息】
*061c88bb57f7c5fb18491d9b553538f6*
`登陆天数: 91天 / 1267天
等级: 128
石头: 1401
呼符: 40
体力: 44.64666666666666 / 137
友情点: 0 / 1047025`
*連続ログイン7日間到達おめでとうございます！
明日は1日目からリスタートされます。*
`獣の足跡 X 1
呼符 X 1
12月交換券(2023) X 1
`*雪原のメリー・クリスマス2023 ～7days / 8years Snow Carol～開幕記念 ログインボーナス*
*開催期間中、1日1回 最大10回ログインボーナスをプレゼント！*
`白銀の果実 X 1
`_2023-12-21 19:36:23_
--------
*002365526c6082faf79c03da7fd608d8*
`登陆天数: 91天 / 1336天
等级: 128
石头: 2429
呼符: 64
体力: 44.11333333333333 / 137
友情点: 0 / 1087255`
*連続ログイン7日間到達おめでとうございます！
明日は1日目からリスタートされます。*
`獣の足跡 X 1
呼符 X 1
12月交換券(2023) X 1
`*雪原のメリー・クリスマス2023 ～7days / 8years Snow Carol～開幕記念 ログインボーナス*
*開催期間中、1日1回 最大10回ログインボーナスをプレゼント！*
`白銀の果実 X 1
`_2023-12-21 19:36:31_
--------
*b57277a963646f6a6118aa9812c5c9b1*
`登陆天数: 91天 / 1087天
等级: 128
石头: 642
呼符: 64
体力: 43.43000000000001 / 137
友情点: 0 / 917365`
*連続ログイン7日間到達おめでとうございます！
明日は1日目からリスタートされます。*
`獣の足跡 X 1
呼符 X 1
12月交換券(2023) X 1
`*雪原のメリー・クリスマス2023 ～7days / 8years Snow Carol～開幕記念 ログインボーナス*
*開催期間中、1日1回 最大10回ログインボーナスをプレゼント！*
`白銀の果実 X 1
`_2023-12-21 19:36:38_
--------
*78a969e3ef03a664db1b4c64e8efab87*
`登陆天数: 91天 / 928天
等级: 128
石头: 1278
呼符: 40
体力: 90.15666666666667 / 137
友情点: 0 / 708290`
*連続ログイン7日間到達おめでとうございます！
明日は1日目からリスタートされます。*
`獣の足跡 X 1
呼符 X 1
12月交換券(2023) X 1
`*雪原のメリー・クリスマス2023 ～7days / 8years Snow Carol～開幕記念 ログインボーナス*
*開催期間中、1日1回 最大10回ログインボーナスをプレゼント！*
`白銀の果実 X 1
`_2023-12-21 19:36:46_
--------
*67f5eab36d4419e15dc3da66e73fbac4*
`登陆天数: 97天 / 338天
等级: 127
石头: 209
呼符: 23
体力: 295.5233333333333 / 137
友情点: 0 / 339225`
*連続ログイン6日目
※ログインが途切れるか、7日到達すると
1日目から再開されます*
`聖晶石 X 2
12月交換券(2023) X 1
`*雪原のメリー・クリスマス2023 ～7days / 8years Snow Carol～開幕記念 ログインボーナス*
*開催期間中、1日1回 最大10回ログインボーナスをプレゼント！*
`白銀の果実 X 1
`_2023-12-21 19:36:53_
--------
*74c9dc067ca8484fc3c82ad192233de3*
`登陆天数: 97天 / 343天
等级: 127
石头: 312
呼符: 42
体力: 295.7066666666667 / 137
友情点: 0 / 333575`
*連続ログイン6日目
※ログインが途切れるか、7日到達すると
1日目から再開されます*
`聖晶石 X 2
12月交換券(2023) X 1
`*雪原のメリー・クリスマス2023 ～7days / 8years Snow Carol～開幕記念 ログインボーナス*
*開催期間中、1日1回 最大10回ログインボーナスをプレゼント！*
`白銀の果実 X 1
`_2023-12-21 19:37:01_
--------
*e0c45f5638e0c59da7e446d0f18947cc*
`登陆天数: 46天 / 745天
等级: 1
石头: 63
呼符: 19
体力: 830961.1666666666 / 20
友情点: 0 / 400000`
*連続ログイン4日目
※ログインが途切れるか、7日到達すると
1日目から再開されます*
`聖晶石 X 1
12月交換券(2023) X 1
`_2023-12-21 19:37:09_
--------
