【登录信息】
*061c88bb57f7c5fb18491d9b553538f6*
`登陆天数: 92天 / 1268天
等级: 128
石头: 1401
呼符: 41
体力: 212.56666666666666 / 137
友情点: 0 / 1047025`
*連続ログイン1日目
※ログインが途切れるか、7日到達すると
1日目から再開されます*
`フレンドポイント X 2000
12月交換券(2023) X 1
`*雪原のメリー・クリスマス2023 ～7days / 8years Snow Carol～開幕記念 ログインボーナス*
*開催期間中、1日1回 最大10回ログインボーナスをプレゼント！*
`白銀の果実 X 1
`_2023-12-22 19:35:58_
--------
*002365526c6082faf79c03da7fd608d8*
`登陆天数: 92天 / 1337天
等级: 128
石头: 2429
呼符: 65
体力: 212.03333333333333 / 137
友情点: 0 / 1087255`
*連続ログイン1日目
※ログインが途切れるか、7日到達すると
1日目から再開されます*
`フレンドポイント X 2000
12月交換券(2023) X 1
`*雪原のメリー・クリスマス2023 ～7days / 8years Snow Carol～開幕記念 ログインボーナス*
*開催期間中、1日1回 最大10回ログインボーナスをプレゼント！*
`白銀の果実 X 1
`_2023-12-22 19:36:06_
--------
*b57277a963646f6a6118aa9812c5c9b1*
`登陆天数: 92天 / 1088天
等级: 128
石头: 642
呼符: 65
体力: 209.45333333333332 / 137
友情点: 0 / 917365`
*連続ログイン1日目
※ログインが途切れるか、7日到達すると
1日目から再開されます*
`フレンドポイント X 2000
12月交換券(2023) X 1
`*雪原のメリー・クリスマス2023 ～7days / 8years Snow Carol～開幕記念 ログインボーナス*
*開催期間中、1日1回 最大10回ログインボーナスをプレゼント！*
`白銀の果実 X 1
`_2023-12-22 19:36:15_
--------
*78a969e3ef03a664db1b4c64e8efab87*
`登陆天数: 92天 / 929天
等级: 128
石头: 1278
呼符: 41
体力: 214.84666666666666 / 137
友情点: 0 / 708290`
*連続ログイン1日目
※ログインが途切れるか、7日到達すると
1日目から再開されます*
`フレンドポイント X 2000
12月交換券(2023) X 1
`*雪原のメリー・クリスマス2023 ～7days / 8years Snow Carol～開幕記念 ログインボーナス*
*開催期間中、1日1回 最大10回ログインボーナスをプレゼント！*
`白銀の果実 X 1
`_2023-12-22 19:36:23_
--------
*67f5eab36d4419e15dc3da66e73fbac4*
`登陆天数: 98天 / 339天
等级: 127
石头: 211
呼符: 23
体力: 288.18 / 137
友情点: 0 / 339225`
*連続ログイン7日間到達おめでとうございます！
明日は1日目からリスタートされます。*
`獣の足跡 X 1
呼符 X 1
12月交換券(2023) X 1
`*雪原のメリー・クリスマス2023 ～7days / 8years Snow Carol～開幕記念 ログインボーナス*
*開催期間中、1日1回 最大10回ログインボーナスをプレゼント！*
`白銀の果実 X 1
`_2023-12-22 19:36:31_
--------
*74c9dc067ca8484fc3c82ad192233de3*
`登陆天数: 98天 / 344天
等级: 127
石头: 314
呼符: 42
体力: 288.5233333333333 / 137
友情点: 0 / 333575`
*連続ログイン7日間到達おめでとうございます！
明日は1日目からリスタートされます。*
`獣の足跡 X 1
呼符 X 1
12月交換券(2023) X 1
`*雪原のメリー・クリスマス2023 ～7days / 8years Snow Carol～開幕記念 ログインボーナス*
*開催期間中、1日1回 最大10回ログインボーナスをプレゼント！*
`白銀の果実 X 1
`_2023-12-22 19:36:39_
--------
*e0c45f5638e0c59da7e446d0f18947cc*
`登陆天数: 47天 / 746天
等级: 1
石头: 63
呼符: 19
体力: 831249.0933333334 / 20
友情点: 0 / 400000`
*連続ログイン5日目
※ログインが途切れるか、7日到達すると
1日目から再開されます*
`叡智の業火 X 2
12月交換券(2023) X 1
`_2023-12-22 19:36:47_
--------
