【登录信息】
*061c88bb57f7c5fb18491d9b553538f6*
`登陆天数: 93天 / 1269天
等级: 128
石头: 1401
呼符: 41
体力: 126.77333333333334 / 137
友情点: 0 / 1049025`
*連続ログイン2日目
※ログインが途切れるか、7日到達すると
1日目から再開されます*
`聖晶石 X 1
12月交換券(2023) X 1
`*雪原のメリー・クリスマス2023 ～7days / 8years Snow Carol～開幕記念 ログインボーナス*
*開催期間中、1日1回 最大10回ログインボーナスをプレゼント！*
`白銀の果実 X 1
`_2023-12-23 19:36:14_
--------
*002365526c6082faf79c03da7fd608d8*
`登陆天数: 93天 / 1338天
等级: 128
石头: 2429
呼符: 65
体力: 126.25666666666666 / 137
友情点: 0 / 1089255`
*連続ログイン2日目
※ログインが途切れるか、7日到達すると
1日目から再開されます*
`聖晶石 X 1
12月交換券(2023) X 1
`*雪原のメリー・クリスマス2023 ～7days / 8years Snow Carol～開幕記念 ログインボーナス*
*開催期間中、1日1回 最大10回ログインボーナスをプレゼント！*
`白銀の果実 X 1
`_2023-12-23 19:36:22_
--------
*b57277a963646f6a6118aa9812c5c9b1*
`登陆天数: 93天 / 1089天
等级: 128
石头: 642
呼符: 65
体力: 125.76 / 137
友情点: 0 / 919365`
*連続ログイン2日目
※ログインが途切れるか、7日到達すると
1日目から再開されます*
`聖晶石 X 1
12月交換券(2023) X 1
`*雪原のメリー・クリスマス2023 ～7days / 8years Snow Carol～開幕記念 ログインボーナス*
*開催期間中、1日1回 最大10回ログインボーナスをプレゼント！*
`白銀の果実 X 1
`_2023-12-23 19:36:29_
--------
*78a969e3ef03a664db1b4c64e8efab87*
`登陆天数: 93天 / 930天
等级: 128
石头: 1278
呼符: 41
体力: 128.87 / 137
友情点: 0 / 710290`
*連続ログイン2日目
※ログインが途切れるか、7日到達すると
1日目から再開されます*
`聖晶石 X 1
12月交換券(2023) X 1
`*雪原のメリー・クリスマス2023 ～7days / 8years Snow Carol～開幕記念 ログインボーナス*
*開催期間中、1日1回 最大10回ログインボーナスをプレゼント！*
`白銀の果実 X 1
`_2023-12-23 19:36:37_
--------
*67f5eab36d4419e15dc3da66e73fbac4*
`登陆天数: 99天 / 340天
等级: 127
石头: 211
呼符: 24
体力: 296.35 / 137
友情点: 0 / 339225`
*連続ログイン1日目
※ログインが途切れるか、7日到達すると
1日目から再開されます*
`フレンドポイント X 2000
12月交換券(2023) X 1
`*雪原のメリー・クリスマス2023 ～7days / 8years Snow Carol～開幕記念 ログインボーナス*
*開催期間中、1日1回 最大10回ログインボーナスをプレゼント！*
`白銀の果実 X 1
`_2023-12-23 19:36:44_
--------
*74c9dc067ca8484fc3c82ad192233de3*
`登陆天数: 99天 / 345天
等级: 127
石头: 314
呼符: 43
体力: 296.61333333333334 / 137
友情点: 0 / 333575`
*連続ログイン1日目
※ログインが途切れるか、7日到達すると
1日目から再開されます*
`フレンドポイント X 2000
12月交換券(2023) X 1
`*雪原のメリー・クリスマス2023 ～7days / 8years Snow Carol～開幕記念 ログインボーナス*
*開催期間中、1日1回 最大10回ログインボーナスをプレゼント！*
`白銀の果実 X 1
`_2023-12-23 19:36:52_
--------
*e0c45f5638e0c59da7e446d0f18947cc*
`登陆天数: 48天 / 747天
等级: 1
石头: 63
呼符: 19
体力: 831537.1366666667 / 20
友情点: 0 / 400000`
*連続ログイン6日目
※ログインが途切れるか、7日到達すると
1日目から再開されます*
`聖晶石 X 2
12月交換券(2023) X 1
`_2023-12-23 19:37:00_
--------
