【登录信息】
*061c88bb57f7c5fb18491d9b553538f6*
`登陆天数: 94天 / 1270天
等级: 128
石头: 1402
呼符: 41
体力: 414.77666666666664 / 137
友情点: 0 / 1049025`
*連続ログイン3日目
※ログインが途切れるか、7日到達すると
1日目から再開されます*
`叡智の業火 X 1
12月交換券(2023) X 1
`*ネモ〔サンタ〕からのクリスマスプレゼント*
*開催期間中、初回ログインで「聖晶石×10」をプレゼント！*
`聖晶石 X 10
`_2023-12-24 19:36:14_
--------
*002365526c6082faf79c03da7fd608d8*
`登陆天数: 94天 / 1339天
等级: 128
石头: 2430
呼符: 65
体力: 414.26 / 137
友情点: 0 / 1089255`
*連続ログイン3日目
※ログインが途切れるか、7日到達すると
1日目から再開されます*
`叡智の業火 X 1
12月交換券(2023) X 1
`*ネモ〔サンタ〕からのクリスマスプレゼント*
*開催期間中、初回ログインで「聖晶石×10」をプレゼント！*
`聖晶石 X 10
`_2023-12-24 19:36:22_
--------
*b57277a963646f6a6118aa9812c5c9b1*
`登陆天数: 94天 / 1090天
等级: 128
石头: 643
呼符: 65
体力: 413.7633333333333 / 137
友情点: 0 / 919365`
*連続ログイン3日目
※ログインが途切れるか、7日到達すると
1日目から再開されます*
`叡智の業火 X 1
12月交換券(2023) X 1
`*ネモ〔サンタ〕からのクリスマスプレゼント*
*開催期間中、初回ログインで「聖晶石×10」をプレゼント！*
`聖晶石 X 10
`_2023-12-24 19:36:30_
--------
*78a969e3ef03a664db1b4c64e8efab87*
`登陆天数: 94天 / 931天
等级: 128
石头: 1279
呼符: 41
体力: 416.87333333333333 / 137
友情点: 0 / 710290`
*連続ログイン3日目
※ログインが途切れるか、7日到達すると
1日目から再開されます*
`叡智の業火 X 1
12月交換券(2023) X 1
`*ネモ〔サンタ〕からのクリスマスプレゼント*
*開催期間中、初回ログインで「聖晶石×10」をプレゼント！*
`聖晶石 X 10
`_2023-12-24 19:36:37_
--------
*67f5eab36d4419e15dc3da66e73fbac4*
`登陆天数: 100天 / 341天
等级: 127
石头: 211
呼符: 24
体力: 298.42333333333335 / 137
友情点: 0 / 341225`
*連続ログイン2日目
※ログインが途切れるか、7日到達すると
1日目から再開されます*
`聖晶石 X 1
12月交換券(2023) X 1
`*ネモ〔サンタ〕からのクリスマスプレゼント*
*開催期間中、初回ログインで「聖晶石×10」をプレゼント！*
`聖晶石 X 10
`_2023-12-24 19:36:45_
--------
*74c9dc067ca8484fc3c82ad192233de3*
`登陆天数: 100天 / 346天
等级: 127
石头: 314
呼符: 43
体力: 298.63666666666666 / 137
友情点: 0 / 335575`
*連続ログイン2日目
※ログインが途切れるか、7日到達すると
1日目から再開されます*
`聖晶石 X 1
12月交換券(2023) X 1
`*ネモ〔サンタ〕からのクリスマスプレゼント*
*開催期間中、初回ログインで「聖晶石×10」をプレゼント！*
`聖晶石 X 10
`_2023-12-24 19:36:52_
--------
*e0c45f5638e0c59da7e446d0f18947cc*
`登陆天数: 49天 / 748天
等级: 1
石头: 63
呼符: 19
体力: 831825.1366666667 / 20
友情点: 0 / 400000`
*連続ログイン7日間到達おめでとうございます！
明日は1日目からリスタートされます。*
`獣の足跡 X 1
呼符 X 1
12月交換券(2023) X 1
`*ネモ〔サンタ〕からのクリスマスプレゼント*
*開催期間中、初回ログインで「聖晶石×10」をプレゼント！*
`聖晶石 X 10
`_2023-12-24 19:37:00_
--------
