【登录信息】
*061c88bb57f7c5fb18491d9b553538f6*
`登陆天数: 95天 / 1271天
等级: 128
石头: 1412
呼符: 41
体力: 153.16 / 137
友情点: 0 / 1049025`
*連続ログイン4日目
※ログインが途切れるか、7日到達すると
1日目から再開されます*
`聖晶石 X 1
12月交換券(2023) X 1
`*雪原のメリー・クリスマス2023 ～7days / 8years Snow Carol～開幕記念 ログインボーナス*
*開催期間中、1日1回 最大10回ログインボーナスをプレゼント！*
`白銀の果実 X 1
`_2023-12-25 19:36:10_
--------
*002365526c6082faf79c03da7fd608d8*
`登陆天数: 95天 / 1340天
等级: 128
石头: 2440
呼符: 65
体力: 151.82666666666665 / 137
友情点: 0 / 1089255`
*連続ログイン4日目
※ログインが途切れるか、7日到達すると
1日目から再開されます*
`聖晶石 X 1
12月交換券(2023) X 1
`*雪原のメリー・クリスマス2023 ～7days / 8years Snow Carol～開幕記念 ログインボーナス*
*開催期間中、1日1回 最大10回ログインボーナスをプレゼント！*
`白銀の果実 X 1
`_2023-12-25 19:36:18_
--------
*b57277a963646f6a6118aa9812c5c9b1*
`登陆天数: 95天 / 1091天
等级: 128
石头: 653
呼符: 65
体力: 151.15333333333334 / 137
友情点: 0 / 919365`
*連続ログイン4日目
※ログインが途切れるか、7日到達すると
1日目から再開されます*
`聖晶石 X 1
12月交換券(2023) X 1
`*雪原のメリー・クリスマス2023 ～7days / 8years Snow Carol～開幕記念 ログインボーナス*
*開催期間中、1日1回 最大10回ログインボーナスをプレゼント！*
`白銀の果実 X 1
`_2023-12-25 19:36:27_
--------
*78a969e3ef03a664db1b4c64e8efab87*
`登陆天数: 95天 / 932天
等级: 128
石头: 1289
呼符: 41
体力: 157.79 / 137
友情点: 0 / 710290`
*連続ログイン4日目
※ログインが途切れるか、7日到達すると
1日目から再開されます*
`聖晶石 X 1
12月交換券(2023) X 1
`*雪原のメリー・クリスマス2023 ～7days / 8years Snow Carol～開幕記念 ログインボーナス*
*開催期間中、1日1回 最大10回ログインボーナスをプレゼント！*
`白銀の果実 X 1
`_2023-12-25 19:36:35_
--------
*67f5eab36d4419e15dc3da66e73fbac4*
`登陆天数: 101天 / 342天
等级: 127
石头: 222
呼符: 24
体力: 274.2633333333333 / 137
友情点: 0 / 341225`
*連続ログイン3日目
※ログインが途切れるか、7日到達すると
1日目から再開されます*
`叡智の業火 X 1
12月交換券(2023) X 1
`*雪原のメリー・クリスマス2023 ～7days / 8years Snow Carol～開幕記念 ログインボーナス*
*開催期間中、1日1回 最大10回ログインボーナスをプレゼント！*
`白銀の果実 X 1
`_2023-12-25 19:36:44_
--------
*74c9dc067ca8484fc3c82ad192233de3*
`登陆天数: 101天 / 347天
等级: 127
石头: 325
呼符: 43
体力: 274.49333333333334 / 137
友情点: 0 / 335575`
*連続ログイン3日目
※ログインが途切れるか、7日到達すると
1日目から再開されます*
`叡智の業火 X 1
12月交換券(2023) X 1
`*雪原のメリー・クリスマス2023 ～7days / 8years Snow Carol～開幕記念 ログインボーナス*
*開催期間中、1日1回 最大10回ログインボーナスをプレゼント！*
`白銀の果実 X 1
`_2023-12-25 19:36:52_
--------
*e0c45f5638e0c59da7e446d0f18947cc*
`登陆天数: 50天 / 749天
等级: 1
石头: 63
呼符: 19
体力: 832113.14 / 20
友情点: 0 / 400000`
*連続ログイン1日目
※ログインが途切れるか、7日到達すると
1日目から再開されます*
`フレンドポイント X 2000
12月交換券(2023) X 1
`_2023-12-25 19:37:00_
--------
