【登录信息】
*061c88bb57f7c5fb18491d9b553538f6*
`登陆天数: 97天 / 1273天
等级: 128
石头: 1413
呼符: 41
体力: 60.45333333333333 / 137
友情点: 0 / 1049025`
*連続ログイン6日目
※ログインが途切れるか、7日到達すると
1日目から再開されます*
`聖晶石 X 2
12月交換券(2023) X 1
`*「FGO カルデア・サテライトステーション 2023-2024」京都会場開催直前 ログインボーナス*
*開催期間中、1日1回 最大3回 ログインボーナスをプレゼント！*
`黄金の果実 X 1
`_2023-12-27 19:36:10_
--------
*002365526c6082faf79c03da7fd608d8*
`登陆天数: 97天 / 1342天
等级: 128
石头: 2441
呼符: 65
体力: 59.92666666666666 / 137
友情点: 0 / 1089255`
*連続ログイン6日目
※ログインが途切れるか、7日到達すると
1日目から再開されます*
`聖晶石 X 2
12月交換券(2023) X 1
`*「FGO カルデア・サテライトステーション 2023-2024」京都会場開催直前 ログインボーナス*
*開催期間中、1日1回 最大3回 ログインボーナスをプレゼント！*
`黄金の果実 X 1
`_2023-12-27 19:36:18_
--------
*b57277a963646f6a6118aa9812c5c9b1*
`登陆天数: 97天 / 1093天
等级: 128
石头: 654
呼符: 65
体力: 58.769999999999996 / 137
友情点: 0 / 919365`
*連続ログイン6日目
※ログインが途切れるか、7日到達すると
1日目から再開されます*
`聖晶石 X 2
12月交換券(2023) X 1
`*「FGO カルデア・サテライトステーション 2023-2024」京都会場開催直前 ログインボーナス*
*開催期間中、1日1回 最大3回 ログインボーナスをプレゼント！*
`黄金の果実 X 1
`_2023-12-27 19:36:25_
--------
*78a969e3ef03a664db1b4c64e8efab87*
`登陆天数: 97天 / 934天
等级: 128
石头: 1290
呼符: 41
体力: 61.81 / 137
友情点: 0 / 710290`
*連続ログイン6日目
※ログインが途切れるか、7日到達すると
1日目から再開されます*
`聖晶石 X 2
12月交換券(2023) X 1
`*「FGO カルデア・サテライトステーション 2023-2024」京都会場開催直前 ログインボーナス*
*開催期間中、1日1回 最大3回 ログインボーナスをプレゼント！*
`黄金の果実 X 1
`_2023-12-27 19:36:33_
--------
*67f5eab36d4419e15dc3da66e73fbac4*
`登陆天数: 103天 / 344天
等级: 127
石头: 223
呼符: 24
体力: 280.8833333333333 / 137
友情点: 0 / 341225`
*連続ログイン5日目
※ログインが途切れるか、7日到達すると
1日目から再開されます*
`叡智の業火 X 2
12月交換券(2023) X 1
`*「FGO カルデア・サテライトステーション 2023-2024」京都会場開催直前 ログインボーナス*
*開催期間中、1日1回 最大3回 ログインボーナスをプレゼント！*
`黄金の果実 X 1
`_2023-12-27 19:36:40_
--------
*74c9dc067ca8484fc3c82ad192233de3*
`登陆天数: 103天 / 349天
等级: 127
石头: 326
呼符: 43
体力: 281.24 / 137
友情点: 0 / 335575`
*連続ログイン5日目
※ログインが途切れるか、7日到達すると
1日目から再開されます*
`叡智の業火 X 2
12月交換券(2023) X 1
`*「FGO カルデア・サテライトステーション 2023-2024」京都会場開催直前 ログインボーナス*
*開催期間中、1日1回 最大3回 ログインボーナスをプレゼント！*
`黄金の果実 X 1
`_2023-12-27 19:36:48_
--------
*e0c45f5638e0c59da7e446d0f18947cc*
`登陆天数: 52天 / 751天
等级: 1
石头: 63
呼符: 19
体力: 832689.1233333333 / 20
友情点: 0 / 400000`
*連続ログイン3日目
※ログインが途切れるか、7日到達すると
1日目から再開されます*
`叡智の業火 X 1
12月交換券(2023) X 1
`_2023-12-27 19:36:56_
--------
