【登录信息】
*061c88bb57f7c5fb18491d9b553538f6*
`登陆天数: 98天 / 1274天
等级: 128
石头: 1415
呼符: 41
体力: 123.24 / 137
友情点: 0 / 1049025`
*連続ログイン7日間到達おめでとうございます！
明日は1日目からリスタートされます。*
`獣の足跡 X 1
呼符 X 1
12月交換券(2023) X 1
`*「FGO カルデア・サテライトステーション 2023-2024」京都会場開催直前 ログインボーナス*
*開催期間中、1日1回 最大3回 ログインボーナスをプレゼント！*
`黄金の果実 X 1
`_2023-12-28 19:36:13_
--------
*002365526c6082faf79c03da7fd608d8*
`登陆天数: 98天 / 1343天
等级: 128
石头: 2443
呼符: 65
体力: 122.81333333333333 / 137
友情点: 0 / 1089255`
*連続ログイン7日間到達おめでとうございます！
明日は1日目からリスタートされます。*
`獣の足跡 X 1
呼符 X 1
12月交換券(2023) X 1
`*「FGO カルデア・サテライトステーション 2023-2024」京都会場開催直前 ログインボーナス*
*開催期間中、1日1回 最大3回 ログインボーナスをプレゼント！*
`黄金の果実 X 1
`_2023-12-28 19:36:21_
--------
*b57277a963646f6a6118aa9812c5c9b1*
`登陆天数: 98天 / 1094天
等级: 128
石头: 656
呼符: 65
体力: 122.31333333333333 / 137
友情点: 0 / 919365`
*連続ログイン7日間到達おめでとうございます！
明日は1日目からリスタートされます。*
`獣の足跡 X 1
呼符 X 1
12月交換券(2023) X 1
`*「FGO カルデア・サテライトステーション 2023-2024」京都会場開催直前 ログインボーナス*
*開催期間中、1日1回 最大3回 ログインボーナスをプレゼント！*
`黄金の果実 X 1
`_2023-12-28 19:36:28_
--------
*78a969e3ef03a664db1b4c64e8efab87*
`登陆天数: 98天 / 935天
等级: 128
石头: 1292
呼符: 41
体力: 124.84 / 137
友情点: 0 / 710290`
*連続ログイン7日間到達おめでとうございます！
明日は1日目からリスタートされます。*
`獣の足跡 X 1
呼符 X 1
12月交換券(2023) X 1
`*「FGO カルデア・サテライトステーション 2023-2024」京都会場開催直前 ログインボーナス*
*開催期間中、1日1回 最大3回 ログインボーナスをプレゼント！*
`黄金の果実 X 1
`_2023-12-28 19:36:37_
--------
*67f5eab36d4419e15dc3da66e73fbac4*
`登陆天数: 104天 / 345天
等级: 127
石头: 223
呼符: 24
体力: 286.84000000000003 / 137
友情点: 0 / 341225`
*連続ログイン6日目
※ログインが途切れるか、7日到達すると
1日目から再開されます*
`聖晶石 X 2
12月交換券(2023) X 1
`*「FGO カルデア・サテライトステーション 2023-2024」京都会場開催直前 ログインボーナス*
*開催期間中、1日1回 最大3回 ログインボーナスをプレゼント！*
`黄金の果実 X 1
`_2023-12-28 19:36:45_
--------
*74c9dc067ca8484fc3c82ad192233de3*
`登陆天数: 104天 / 350天
等级: 127
石头: 326
呼符: 43
体力: 287.15999999999997 / 137
友情点: 0 / 335575`
*連続ログイン6日目
※ログインが途切れるか、7日到達すると
1日目から再開されます*
`聖晶石 X 2
12月交換券(2023) X 1
`*「FGO カルデア・サテライトステーション 2023-2024」京都会場開催直前 ログインボーナス*
*開催期間中、1日1回 最大3回 ログインボーナスをプレゼント！*
`黄金の果実 X 1
`_2023-12-28 19:36:53_
--------
*e0c45f5638e0c59da7e446d0f18947cc*
`登陆天数: 53天 / 752天
等级: 1
石头: 63
呼符: 19
体力: 832977.14 / 20
友情点: 0 / 400000`
*連続ログイン4日目
※ログインが途切れるか、7日到達すると
1日目から再開されます*
`聖晶石 X 1
12月交換券(2023) X 1
`_2023-12-28 19:37:01_
--------
