【登录信息】
*061c88bb57f7c5fb18491d9b553538f6*
`登陆天数: 99天 / 1275天
等级: 128
石头: 1415
呼符: 42
体力: 158.52333333333334 / 137
友情点: 0 / 1049025`
*連続ログイン1日目
※ログインが途切れるか、7日到達すると
1日目から再開されます*
`フレンドポイント X 2000
12月交換券(2023) X 1
`*「FGO カルデア・サテライトステーション 2023-2024」京都会場開催記念 3万リポスト達成プレゼント*
*開催期間中、初回ログインで「聖晶石×6」をプレゼント！*
`聖晶石 X 6
`_2023-12-29 19:35:59_
--------
*002365526c6082faf79c03da7fd608d8*
`登陆天数: 99天 / 1344天
等级: 128
石头: 2443
呼符: 66
体力: 158.19333333333333 / 137
友情点: 0 / 1089255`
*連続ログイン1日目
※ログインが途切れるか、7日到達すると
1日目から再開されます*
`フレンドポイント X 2000
12月交換券(2023) X 1
`*「FGO カルデア・サテライトステーション 2023-2024」京都会場開催記念 3万リポスト達成プレゼント*
*開催期間中、初回ログインで「聖晶石×6」をプレゼント！*
`聖晶石 X 6
`_2023-12-29 19:36:07_
--------
*b57277a963646f6a6118aa9812c5c9b1*
`登陆天数: 99天 / 1095天
等级: 128
石头: 656
呼符: 66
体力: 157.73666666666668 / 137
友情点: 0 / 919365`
*連続ログイン1日目
※ログインが途切れるか、7日到達すると
1日目から再開されます*
`フレンドポイント X 2000
12月交換券(2023) X 1
`*「FGO カルデア・サテライトステーション 2023-2024」京都会場開催記念 3万リポスト達成プレゼント*
*開催期間中、初回ログインで「聖晶石×6」をプレゼント！*
`聖晶石 X 6
`_2023-12-29 19:36:15_
--------
*78a969e3ef03a664db1b4c64e8efab87*
`登陆天数: 99天 / 936天
等级: 128
石头: 1292
呼符: 42
体力: 163.70333333333332 / 137
友情点: 0 / 710290`
*連続ログイン1日目
※ログインが途切れるか、7日到達すると
1日目から再開されます*
`フレンドポイント X 2000
12月交換券(2023) X 1
`*「FGO カルデア・サテライトステーション 2023-2024」京都会場開催記念 3万リポスト達成プレゼント*
*開催期間中、初回ログインで「聖晶石×6」をプレゼント！*
`聖晶石 X 6
`_2023-12-29 19:36:23_
--------
*67f5eab36d4419e15dc3da66e73fbac4*
`登陆天数: 105天 / 346天
等级: 127
石头: 225
呼符: 24
体力: 295.58000000000004 / 137
友情点: 0 / 341225`
*連続ログイン7日間到達おめでとうございます！
明日は1日目からリスタートされます。*
`獣の足跡 X 1
呼符 X 1
12月交換券(2023) X 1
`*「FGO カルデア・サテライトステーション 2023-2024」京都会場開催記念 3万リポスト達成プレゼント*
*開催期間中、初回ログインで「聖晶石×6」をプレゼント！*
`聖晶石 X 6
`_2023-12-29 19:36:31_
--------
*74c9dc067ca8484fc3c82ad192233de3*
`登陆天数: 105天 / 351天
等级: 127
石头: 358
呼符: 43
体力: 295.74666666666667 / 137
友情点: 0 / 335575`
*連続ログイン7日間到達おめでとうございます！
明日は1日目からリスタートされます。*
`獣の足跡 X 1
呼符 X 1
12月交換券(2023) X 1
`*「FGO カルデア・サテライトステーション 2023-2024」京都会場開催記念 3万リポスト達成プレゼント*
*開催期間中、初回ログインで「聖晶石×6」をプレゼント！*
`聖晶石 X 6
`_2023-12-29 19:36:39_
--------
*e0c45f5638e0c59da7e446d0f18947cc*
`登陆天数: 54天 / 753天
等级: 1
石头: 63
呼符: 19
体力: 833265.0933333334 / 20
友情点: 0 / 400000`
*連続ログイン5日目
※ログインが途切れるか、7日到達すると
1日目から再開されます*
`叡智の業火 X 2
12月交換券(2023) X 1
`_2023-12-29 19:36:47_
--------
