【登录信息】
*061c88bb57f7c5fb18491d9b553538f6*
`登陆天数: 100天 / 1276天
等级: 128
石头: 1431
呼符: 42
体力: 123.45333333333333 / 137
友情点: 0 / 1051025`
*連続ログイン2日目
※ログインが途切れるか、7日到達すると
1日目から再開されます*
`聖晶石 X 1
12月交換券(2023) X 1
`*Fate Project 大晦日TVスペシャル2023 放送カウントダウンログインボーナス*
*開催期間中、1日1回 3日間日替りでログインボーナスをプレゼント！*
`黄金の果実 X 1
呼符 X 1
`_2023-12-30 19:35:57_
--------
*002365526c6082faf79c03da7fd608d8*
`登陆天数: 100天 / 1345天
等级: 128
石头: 2459
呼符: 66
体力: 118.77666666666667 / 137
友情点: 0 / 1091255`
*連続ログイン2日目
※ログインが途切れるか、7日到達すると
1日目から再開されます*
`聖晶石 X 1
12月交換券(2023) X 1
`*Fate Project 大晦日TVスペシャル2023 放送カウントダウンログインボーナス*
*開催期間中、1日1回 3日間日替りでログインボーナスをプレゼント！*
`黄金の果実 X 1
呼符 X 1
`_2023-12-30 19:36:05_
--------
*b57277a963646f6a6118aa9812c5c9b1*
`登陆天数: 100天 / 1096天
等级: 128
石头: 672
呼符: 66
体力: 118.37333333333333 / 137
友情点: 0 / 921365`
*連続ログイン2日目
※ログインが途切れるか、7日到達すると
1日目から再開されます*
`聖晶石 X 1
12月交換券(2023) X 1
`*Fate Project 大晦日TVスペシャル2023 放送カウントダウンログインボーナス*
*開催期間中、1日1回 3日間日替りでログインボーナスをプレゼント！*
`黄金の果実 X 1
呼符 X 1
`_2023-12-30 19:36:14_
--------
*78a969e3ef03a664db1b4c64e8efab87*
`登陆天数: 100天 / 937天
等级: 128
石头: 1308
呼符: 42
体力: 124.69666666666667 / 137
友情点: 0 / 712290`
*連続ログイン2日目
※ログインが途切れるか、7日到達すると
1日目から再開されます*
`聖晶石 X 1
12月交換券(2023) X 1
`*Fate Project 大晦日TVスペシャル2023 放送カウントダウンログインボーナス*
*開催期間中、1日1回 3日間日替りでログインボーナスをプレゼント！*
`黄金の果実 X 1
呼符 X 1
`_2023-12-30 19:36:22_
--------
*67f5eab36d4419e15dc3da66e73fbac4*
`登陆天数: 106天 / 347天
等级: 127
石头: 241
呼符: 25
体力: 300.4566666666667 / 137
友情点: 0 / 341225`
*連続ログイン1日目
※ログインが途切れるか、7日到達すると
1日目から再開されます*
`フレンドポイント X 2000
12月交換券(2023) X 1
`*Fate Project 大晦日TVスペシャル2023 放送カウントダウンログインボーナス*
*開催期間中、1日1回 3日間日替りでログインボーナスをプレゼント！*
`黄金の果実 X 1
呼符 X 1
`_2023-12-30 19:36:31_
--------
*74c9dc067ca8484fc3c82ad192233de3*
`登陆天数: 106天 / 352天
等级: 127
石头: 374
呼符: 44
体力: 300.68666666666667 / 137
友情点: 0 / 335575`
*連続ログイン1日目
※ログインが途切れるか、7日到達すると
1日目から再開されます*
`フレンドポイント X 2000
12月交換券(2023) X 1
`*Fate Project 大晦日TVスペシャル2023 放送カウントダウンログインボーナス*
*開催期間中、1日1回 3日間日替りでログインボーナスをプレゼント！*
`黄金の果実 X 1
呼符 X 1
`_2023-12-30 19:36:39_
--------
*e0c45f5638e0c59da7e446d0f18947cc*
`登陆天数: 55天 / 754天
等级: 1
石头: 63
呼符: 19
体力: 833553.0933333334 / 20
友情点: 0 / 400000`
*連続ログイン6日目
※ログインが途切れるか、7日到達すると
1日目から再開されます*
`聖晶石 X 2
12月交換券(2023) X 1
`_2023-12-30 19:36:47_
--------
